2022-08-07 00:00:30 - browser.py [line:36 - INFO - 浏览器的操作 - 打开浏览器驱动:C:\Users\pelag\PycharmProjects\p17_code\src\zantao_ui_autotest_frame\drivers\chromedriver.exe]
2022-08-07 00:00:30 - selenium_base_case.py [line:13 - INFO - 浏览器的操作 - 测试用例类初始化]
2022-08-07 00:00:30 - base_page.py [line:17 - INFO - 浏览器的操作 - 打开url地址: http://47.107.178.45/zentao/www/index.php?m=user&f=login]
2022-08-07 00:00:30 - base_page.py [line:21 - INFO - 浏览器的操作 - 浏览器最大化]
2022-08-07 00:00:30 - base_page.py [line:65 - INFO - 获取测试数据 - 页面名称: login_page; 页面元素定位方式: id; 页面元素定位取值: account; 元素操作后等待时间: 1.0]
2022-08-07 00:00:30 - base_page.py [line:78 - INFO - 执行元素操作 - 输入文本 - 页面元素定位方式: id; 页面元素定位取值: account; 页面元素输入文本: test01]
2022-08-07 00:00:30 - base_page.py [line:30 - INFO - 浏览器的操作 - 固定等待: 1.0秒钟]
2022-08-07 00:00:30 - base_page.py [line:65 - INFO - 获取测试数据 - 页面名称: login_page; 页面元素定位方式: name; 页面元素定位取值: password; 元素操作后等待时间: 1.0]
2022-08-07 00:00:30 - base_page.py [line:78 - INFO - 执行元素操作 - 输入文本 - 页面元素定位方式: name; 页面元素定位取值: password; 页面元素输入文本: newdream123]
2022-08-07 00:00:30 - base_page.py [line:30 - INFO - 浏览器的操作 - 固定等待: 1.0秒钟]
2022-08-07 00:00:30 - base_page.py [line:65 - INFO - 获取测试数据 - 页面名称: login_page; 页面元素定位方式: id; 页面元素定位取值: submit; 元素操作后等待时间: 1.0]
2022-08-07 00:00:30 - base_page.py [line:72 - INFO - 执行元素操作 - 点击元素 - 页面元素定位方式: id; 页面元素定位取值: submit]
2022-08-07 00:00:30 - base_page.py [line:30 - INFO - 浏览器的操作 - 固定等待: 1.0秒钟]
2022-08-07 00:00:30 - base_page.py [line:93 - INFO - 浏览器的操作 - 退出浏览器]
2022-08-07 00:00:30 - base_page.py [line:30 - INFO - 浏览器的操作 - 固定等待: 5.0秒钟]
2022-08-07 00:00:30 - selenium_base_case.py [line:25 - INFO - 浏览器的操作 - 测试用例类执行完成]
2022-08-07 00:00:30 - selenium_base_case.py [line:13 - INFO - 浏览器的操作 - 测试用例类初始化]
2022-08-07 00:00:30 - connectionpool.py [line:810 - WARNING - Retrying (Retry(total=2, connect=None, read=None, redirect=None, status=None)) after connection broken by 'NewConnectionError('<urllib3.connection.HTTPConnection object at 0x000001B07832EA60>: Failed to establish a new connection: [WinError 10061] 由于目标计算机积极拒绝，无法连接。')': /session/042ecc5df81520427c88aa11bf599c71/url]
2022-08-07 00:00:30 - connectionpool.py [line:810 - WARNING - Retrying (Retry(total=1, connect=None, read=None, redirect=None, status=None)) after connection broken by 'NewConnectionError('<urllib3.connection.HTTPConnection object at 0x000001B0783375B0>: Failed to establish a new connection: [WinError 10061] 由于目标计算机积极拒绝，无法连接。')': /session/042ecc5df81520427c88aa11bf599c71/url]
2022-08-07 00:00:30 - connectionpool.py [line:810 - WARNING - Retrying (Retry(total=0, connect=None, read=None, redirect=None, status=None)) after connection broken by 'NewConnectionError('<urllib3.connection.HTTPConnection object at 0x000001B078344CA0>: Failed to establish a new connection: [WinError 10061] 由于目标计算机积极拒绝，无法连接。')': /session/042ecc5df81520427c88aa11bf599c71/url]
2022-08-07 00:00:30 - selenium_base_case.py [line:25 - INFO - 浏览器的操作 - 测试用例类执行完成]
2022-08-07 00:02:30 - browser.py [line:36 - INFO - 浏览器的操作 - 打开浏览器驱动:C:\Users\pelag\PycharmProjects\p17_code\src\zantao_ui_autotest_frame\drivers\chromedriver.exe]
2022-08-07 00:02:30 - base_page.py [line:17 - INFO - 浏览器的操作 - 打开url地址: http://47.107.178.45/zentao/www/index.php?m=user&f=login]
2022-08-07 00:02:30 - base_page.py [line:21 - INFO - 浏览器的操作 - 浏览器最大化]
2022-08-07 00:02:30 - base_page.py [line:65 - INFO - 获取测试数据 - 页面名称: login_page; 页面元素定位方式: id; 页面元素定位取值: account; 元素操作后等待时间: 1.0]
2022-08-07 00:02:30 - base_page.py [line:78 - INFO - 执行元素操作 - 输入文本 - 页面元素定位方式: id; 页面元素定位取值: account; 页面元素输入文本: test01]
2022-08-07 00:02:30 - base_page.py [line:30 - INFO - 浏览器的操作 - 固定等待: 1.0秒钟]
2022-08-07 00:02:30 - base_page.py [line:65 - INFO - 获取测试数据 - 页面名称: login_page; 页面元素定位方式: name; 页面元素定位取值: password; 元素操作后等待时间: 1.0]
2022-08-07 00:02:30 - base_page.py [line:78 - INFO - 执行元素操作 - 输入文本 - 页面元素定位方式: name; 页面元素定位取值: password; 页面元素输入文本: newdream123]
2022-08-07 00:02:30 - base_page.py [line:30 - INFO - 浏览器的操作 - 固定等待: 1.0秒钟]
2022-08-07 00:02:30 - base_page.py [line:65 - INFO - 获取测试数据 - 页面名称: login_page; 页面元素定位方式: id; 页面元素定位取值: submit; 元素操作后等待时间: 1.0]
2022-08-07 00:02:30 - base_page.py [line:72 - INFO - 执行元素操作 - 点击元素 - 页面元素定位方式: id; 页面元素定位取值: submit]
2022-08-07 00:02:30 - base_page.py [line:30 - INFO - 浏览器的操作 - 固定等待: 1.0秒钟]
2022-08-07 00:02:30 - base_page.py [line:93 - INFO - 浏览器的操作 - 退出浏览器]
2022-08-07 00:02:30 - connectionpool.py [line:810 - WARNING - Retrying (Retry(total=2, connect=None, read=None, redirect=None, status=None)) after connection broken by 'NewConnectionError('<urllib3.connection.HTTPConnection object at 0x0000022C3386D970>: Failed to establish a new connection: [WinError 10061] 由于目标计算机积极拒绝，无法连接。')': /session/09451b35da62f94d0370b33d298c4555/url]
2022-08-07 00:02:30 - connectionpool.py [line:810 - WARNING - Retrying (Retry(total=1, connect=None, read=None, redirect=None, status=None)) after connection broken by 'NewConnectionError('<urllib3.connection.HTTPConnection object at 0x0000022C338754C0>: Failed to establish a new connection: [WinError 10061] 由于目标计算机积极拒绝，无法连接。')': /session/09451b35da62f94d0370b33d298c4555/url]
2022-08-07 00:02:30 - connectionpool.py [line:810 - WARNING - Retrying (Retry(total=0, connect=None, read=None, redirect=None, status=None)) after connection broken by 'NewConnectionError('<urllib3.connection.HTTPConnection object at 0x0000022C33884130>: Failed to establish a new connection: [WinError 10061] 由于目标计算机积极拒绝，无法连接。')': /session/09451b35da62f94d0370b33d298c4555/url]
2022-08-07 00:03:57 - browser.py [line:36 - INFO - 浏览器的操作 - 打开浏览器驱动:C:\Users\pelag\PycharmProjects\p17_code\src\zantao_ui_autotest_frame\drivers\chromedriver.exe]
2022-08-07 00:03:57 - selenium_base_case.py [line:13 - INFO - 浏览器的操作 - 测试用例类初始化]
2022-08-07 00:03:57 - base_page.py [line:17 - INFO - 浏览器的操作 - 打开url地址: http://47.107.178.45/zentao/www/index.php?m=user&f=login]
2022-08-07 00:03:57 - base_page.py [line:21 - INFO - 浏览器的操作 - 浏览器最大化]
2022-08-07 00:03:57 - base_page.py [line:65 - INFO - 获取测试数据 - 页面名称: login_page; 页面元素定位方式: id; 页面元素定位取值: account; 元素操作后等待时间: 1.0]
2022-08-07 00:03:57 - base_page.py [line:78 - INFO - 执行元素操作 - 输入文本 - 页面元素定位方式: id; 页面元素定位取值: account; 页面元素输入文本: test01]
2022-08-07 00:03:57 - base_page.py [line:30 - INFO - 浏览器的操作 - 固定等待: 1.0秒钟]
2022-08-07 00:03:57 - base_page.py [line:65 - INFO - 获取测试数据 - 页面名称: login_page; 页面元素定位方式: name; 页面元素定位取值: password; 元素操作后等待时间: 1.0]
2022-08-07 00:03:57 - base_page.py [line:78 - INFO - 执行元素操作 - 输入文本 - 页面元素定位方式: name; 页面元素定位取值: password; 页面元素输入文本: newdream123]
2022-08-07 00:03:57 - base_page.py [line:30 - INFO - 浏览器的操作 - 固定等待: 1.0秒钟]
2022-08-07 00:03:57 - base_page.py [line:65 - INFO - 获取测试数据 - 页面名称: login_page; 页面元素定位方式: id; 页面元素定位取值: submit; 元素操作后等待时间: 1.0]
2022-08-07 00:03:57 - base_page.py [line:72 - INFO - 执行元素操作 - 点击元素 - 页面元素定位方式: id; 页面元素定位取值: submit]
2022-08-07 00:03:57 - base_page.py [line:30 - INFO - 浏览器的操作 - 固定等待: 1.0秒钟]
2022-08-07 00:03:57 - base_page.py [line:93 - INFO - 浏览器的操作 - 退出浏览器]
2022-08-07 00:03:57 - selenium_base_case.py [line:25 - INFO - 浏览器的操作 - 测试用例类执行完成]
2022-08-07 00:03:57 - selenium_base_case.py [line:13 - INFO - 浏览器的操作 - 测试用例类初始化]
2022-08-07 00:03:57 - connectionpool.py [line:810 - WARNING - Retrying (Retry(total=2, connect=None, read=None, redirect=None, status=None)) after connection broken by 'NewConnectionError('<urllib3.connection.HTTPConnection object at 0x000001F56116DA60>: Failed to establish a new connection: [WinError 10061] 由于目标计算机积极拒绝，无法连接。')': /session/257eb3e9dc1a05e700f87a86c7bf2c0d/url]
2022-08-07 00:03:57 - connectionpool.py [line:810 - WARNING - Retrying (Retry(total=1, connect=None, read=None, redirect=None, status=None)) after connection broken by 'NewConnectionError('<urllib3.connection.HTTPConnection object at 0x000001F5611775B0>: Failed to establish a new connection: [WinError 10061] 由于目标计算机积极拒绝，无法连接。')': /session/257eb3e9dc1a05e700f87a86c7bf2c0d/url]
2022-08-07 00:03:57 - connectionpool.py [line:810 - WARNING - Retrying (Retry(total=0, connect=None, read=None, redirect=None, status=None)) after connection broken by 'NewConnectionError('<urllib3.connection.HTTPConnection object at 0x000001F561183220>: Failed to establish a new connection: [WinError 10061] 由于目标计算机积极拒绝，无法连接。')': /session/257eb3e9dc1a05e700f87a86c7bf2c0d/url]
2022-08-07 00:03:57 - selenium_base_case.py [line:25 - INFO - 浏览器的操作 - 测试用例类执行完成]
2022-08-07 00:05:45 - browser.py [line:36 - INFO - 浏览器的操作 - 打开浏览器驱动:C:\Users\pelag\PycharmProjects\p17_code\src\zantao_ui_autotest_frame\drivers\chromedriver.exe]
2022-08-07 00:05:45 - selenium_base_case.py [line:13 - INFO - 浏览器的操作 - 测试用例类初始化]
2022-08-07 00:05:45 - base_page.py [line:17 - INFO - 浏览器的操作 - 打开url地址: http://47.107.178.45/zentao/www/index.php?m=user&f=login]
2022-08-07 00:05:45 - base_page.py [line:21 - INFO - 浏览器的操作 - 浏览器最大化]
2022-08-07 00:05:45 - test_main_success.py [line:17 - INFO - 获取测试数据 - 期望结果: 用户登录]
2022-08-07 00:05:45 - base_page.py [line:65 - INFO - 获取测试数据 - 页面名称: login_page; 页面元素定位方式: id; 页面元素定位取值: account; 元素操作后等待时间: 1.0]
2022-08-07 00:05:45 - base_page.py [line:78 - INFO - 执行元素操作 - 输入文本 - 页面元素定位方式: id; 页面元素定位取值: account; 页面元素输入文本: test]
2022-08-07 00:05:45 - base_page.py [line:30 - INFO - 浏览器的操作 - 固定等待: 1.0秒钟]
2022-08-07 00:05:45 - base_page.py [line:65 - INFO - 获取测试数据 - 页面名称: login_page; 页面元素定位方式: name; 页面元素定位取值: password; 元素操作后等待时间: 1.0]
2022-08-07 00:05:45 - base_page.py [line:78 - INFO - 执行元素操作 - 输入文本 - 页面元素定位方式: name; 页面元素定位取值: password; 页面元素输入文本: newdream123]
2022-08-07 00:05:45 - base_page.py [line:30 - INFO - 浏览器的操作 - 固定等待: 1.0秒钟]
2022-08-07 00:05:45 - base_page.py [line:65 - INFO - 获取测试数据 - 页面名称: login_page; 页面元素定位方式: id; 页面元素定位取值: submit; 元素操作后等待时间: 1.0]
2022-08-07 00:05:45 - base_page.py [line:72 - INFO - 执行元素操作 - 点击元素 - 页面元素定位方式: id; 页面元素定位取值: submit]
2022-08-07 00:05:45 - base_page.py [line:30 - INFO - 浏览器的操作 - 固定等待: 1.0秒钟]
2022-08-07 00:05:45 - base_page.py [line:65 - INFO - 获取测试数据 - 页面名称: main_page; 页面元素定位方式: xpath; 页面元素定位取值: //a/span[text()=" 我的地盘"]; 元素操作后等待时间: 1.0]
2022-08-07 00:05:45 - base_page.py [line:72 - INFO - 执行元素操作 - 点击元素 - 页面元素定位方式: xpath; 页面元素定位取值: //a/span[text()=" 我的地盘"]]
2022-08-07 00:05:45 - base_page.py [line:30 - INFO - 浏览器的操作 - 固定等待: 1.0秒钟]
2022-08-07 00:05:45 - base_page.py [line:65 - INFO - 获取测试数据 - 页面名称: main_page; 页面元素定位方式: id; 页面元素定位取值: userNav; 元素操作后等待时间: 1.0]
2022-08-07 00:05:45 - base_page.py [line:72 - INFO - 执行元素操作 - 点击元素 - 页面元素定位方式: id; 页面元素定位取值: userNav]
2022-08-07 00:05:45 - base_page.py [line:30 - INFO - 浏览器的操作 - 固定等待: 1.0秒钟]
2022-08-07 00:05:45 - base_page.py [line:65 - INFO - 获取测试数据 - 页面名称: main_page; 页面元素定位方式: xpath; 页面元素定位取值: //a[@href="/zentao/www/index.php?m=user&f=logout"]; 元素操作后等待时间: 1.0]
2022-08-07 00:05:45 - base_page.py [line:72 - INFO - 执行元素操作 - 点击元素 - 页面元素定位方式: xpath; 页面元素定位取值: //a[@href="/zentao/www/index.php?m=user&f=logout"]]
2022-08-07 00:05:45 - base_page.py [line:30 - INFO - 浏览器的操作 - 固定等待: 1.0秒钟]
2022-08-07 00:05:45 - base_page.py [line:38 - INFO - 获取基本信息 - 浏览器标题: 用户登录 - 禅道]
2022-08-07 00:05:45 - base_page.py [line:93 - INFO - 浏览器的操作 - 退出浏览器]
2022-08-07 00:05:45 - selenium_base_case.py [line:25 - INFO - 浏览器的操作 - 测试用例类执行完成]
2022-08-07 00:06:32 - browser.py [line:36 - INFO - 浏览器的操作 - 打开浏览器驱动:C:\Users\pelag\PycharmProjects\p17_code\src\zantao_ui_autotest_frame\drivers\chromedriver.exe]
2022-08-07 00:06:32 - selenium_base_case.py [line:13 - INFO - 浏览器的操作 - 测试用例类初始化]
2022-08-07 00:06:32 - base_page.py [line:17 - INFO - 浏览器的操作 - 打开url地址: http://47.107.178.45/zentao/www/index.php?m=user&f=login]
2022-08-07 00:06:32 - base_page.py [line:21 - INFO - 浏览器的操作 - 浏览器最大化]
2022-08-07 00:06:32 - base_page.py [line:65 - INFO - 获取测试数据 - 页面名称: login_page; 页面元素定位方式: id; 页面元素定位取值: account; 元素操作后等待时间: 1.0]
2022-08-07 00:06:32 - base_page.py [line:78 - INFO - 执行元素操作 - 输入文本 - 页面元素定位方式: id; 页面元素定位取值: account; 页面元素输入文本: test01]
2022-08-07 00:06:32 - base_page.py [line:30 - INFO - 浏览器的操作 - 固定等待: 1.0秒钟]
2022-08-07 00:06:32 - base_page.py [line:65 - INFO - 获取测试数据 - 页面名称: login_page; 页面元素定位方式: name; 页面元素定位取值: password; 元素操作后等待时间: 1.0]
2022-08-07 00:06:32 - base_page.py [line:78 - INFO - 执行元素操作 - 输入文本 - 页面元素定位方式: name; 页面元素定位取值: password; 页面元素输入文本: newdream123]
2022-08-07 00:06:32 - base_page.py [line:30 - INFO - 浏览器的操作 - 固定等待: 1.0秒钟]
2022-08-07 00:06:32 - base_page.py [line:65 - INFO - 获取测试数据 - 页面名称: login_page; 页面元素定位方式: id; 页面元素定位取值: submit; 元素操作后等待时间: 1.0]
2022-08-07 00:06:32 - base_page.py [line:72 - INFO - 执行元素操作 - 点击元素 - 页面元素定位方式: id; 页面元素定位取值: submit]
2022-08-07 00:06:32 - base_page.py [line:30 - INFO - 浏览器的操作 - 固定等待: 1.0秒钟]
2022-08-07 00:06:32 - base_page.py [line:93 - INFO - 浏览器的操作 - 退出浏览器]
2022-08-07 00:06:32 - selenium_base_case.py [line:25 - INFO - 浏览器的操作 - 测试用例类执行完成]
2022-08-07 00:10:16 - browser.py [line:36 - INFO - 浏览器的操作 - 打开浏览器驱动:C:\Users\pelag\PycharmProjects\p17_code\src\zantao_ui_autotest_frame\drivers\chromedriver.exe]
2022-08-07 00:10:16 - selenium_base_case.py [line:13 - INFO - 浏览器的操作 - 测试用例类初始化]
2022-08-07 00:10:16 - base_page.py [line:17 - INFO - 浏览器的操作 - 打开url地址: http://47.107.178.45/zentao/www/index.php?m=user&f=login]
2022-08-07 00:10:16 - base_page.py [line:21 - INFO - 浏览器的操作 - 浏览器最大化]
2022-08-07 00:10:16 - test_main_success.py [line:17 - INFO - 获取测试数据 - 期望结果: 用户登录]
2022-08-07 00:10:16 - base_page.py [line:65 - INFO - 获取测试数据 - 页面名称: login_page; 页面元素定位方式: id; 页面元素定位取值: account; 元素操作后等待时间: 1.0]
2022-08-07 00:10:16 - base_page.py [line:78 - INFO - 执行元素操作 - 输入文本 - 页面元素定位方式: id; 页面元素定位取值: account; 页面元素输入文本: test]
2022-08-07 00:10:16 - base_page.py [line:30 - INFO - 浏览器的操作 - 固定等待: 1.0秒钟]
2022-08-07 00:10:16 - base_page.py [line:65 - INFO - 获取测试数据 - 页面名称: login_page; 页面元素定位方式: name; 页面元素定位取值: password; 元素操作后等待时间: 1.0]
2022-08-07 00:10:16 - base_page.py [line:78 - INFO - 执行元素操作 - 输入文本 - 页面元素定位方式: name; 页面元素定位取值: password; 页面元素输入文本: newdream123]
2022-08-07 00:10:16 - base_page.py [line:30 - INFO - 浏览器的操作 - 固定等待: 1.0秒钟]
2022-08-07 00:10:16 - base_page.py [line:65 - INFO - 获取测试数据 - 页面名称: login_page; 页面元素定位方式: id; 页面元素定位取值: submit; 元素操作后等待时间: 1.0]
2022-08-07 00:10:16 - base_page.py [line:72 - INFO - 执行元素操作 - 点击元素 - 页面元素定位方式: id; 页面元素定位取值: submit]
2022-08-07 00:10:16 - base_page.py [line:30 - INFO - 浏览器的操作 - 固定等待: 1.0秒钟]
2022-08-07 00:10:16 - base_page.py [line:65 - INFO - 获取测试数据 - 页面名称: main_page; 页面元素定位方式: xpath; 页面元素定位取值: //a/span[text()=" 我的地盘"]; 元素操作后等待时间: 1.0]
2022-08-07 00:10:16 - base_page.py [line:72 - INFO - 执行元素操作 - 点击元素 - 页面元素定位方式: xpath; 页面元素定位取值: //a/span[text()=" 我的地盘"]]
2022-08-07 00:10:16 - base_page.py [line:30 - INFO - 浏览器的操作 - 固定等待: 1.0秒钟]
2022-08-07 00:10:16 - base_page.py [line:65 - INFO - 获取测试数据 - 页面名称: main_page; 页面元素定位方式: id; 页面元素定位取值: userNav; 元素操作后等待时间: 1.0]
2022-08-07 00:10:16 - base_page.py [line:72 - INFO - 执行元素操作 - 点击元素 - 页面元素定位方式: id; 页面元素定位取值: userNav]
2022-08-07 00:10:16 - base_page.py [line:30 - INFO - 浏览器的操作 - 固定等待: 1.0秒钟]
2022-08-07 00:10:16 - base_page.py [line:65 - INFO - 获取测试数据 - 页面名称: main_page; 页面元素定位方式: xpath; 页面元素定位取值: //a[@href="/zentao/www/index.php?m=user&f=logout"]; 元素操作后等待时间: 1.0]
2022-08-07 00:10:16 - base_page.py [line:72 - INFO - 执行元素操作 - 点击元素 - 页面元素定位方式: xpath; 页面元素定位取值: //a[@href="/zentao/www/index.php?m=user&f=logout"]]
2022-08-07 00:10:16 - base_page.py [line:30 - INFO - 浏览器的操作 - 固定等待: 1.0秒钟]
2022-08-07 00:10:16 - base_page.py [line:38 - INFO - 获取基本信息 - 浏览器标题: 用户登录 - 禅道]
2022-08-07 00:10:16 - base_page.py [line:93 - INFO - 浏览器的操作 - 退出浏览器]
2022-08-07 00:10:16 - selenium_base_case.py [line:25 - INFO - 浏览器的操作 - 测试用例类执行完成]
2022-08-07 00:11:56 - browser.py [line:36 - INFO - 浏览器的操作 - 打开浏览器驱动:C:\Users\pelag\PycharmProjects\p17_code\src\zantao_ui_autotest_frame\drivers\chromedriver.exe]
2022-08-07 00:12:19 - browser.py [line:36 - INFO - 浏览器的操作 - 打开浏览器驱动:C:\Users\pelag\PycharmProjects\p17_code\src\zantao_ui_autotest_frame\drivers\chromedriver.exe]
2022-08-07 00:13:37 - browser.py [line:36 - INFO - 浏览器的操作 - 打开浏览器驱动:C:\Users\pelag\PycharmProjects\p17_code\src\zantao_ui_autotest_frame\drivers\chromedriver.exe]
2022-08-07 00:13:37 - selenium_base_case.py [line:13 - INFO - 浏览器的操作 - 测试用例类初始化]
2022-08-07 00:13:37 - base_page.py [line:17 - INFO - 浏览器的操作 - 打开url地址: http://47.107.178.45/zentao/www/index.php?m=user&f=login]
2022-08-07 00:13:37 - base_page.py [line:21 - INFO - 浏览器的操作 - 浏览器最大化]
2022-08-07 00:13:37 - test_main_success.py [line:17 - INFO - 获取测试数据 - 期望结果: 用户登录]
2022-08-07 00:13:37 - base_page.py [line:65 - INFO - 获取测试数据 - 页面名称: login_page; 页面元素定位方式: id; 页面元素定位取值: account; 元素操作后等待时间: 1.0]
2022-08-07 00:13:37 - base_page.py [line:78 - INFO - 执行元素操作 - 输入文本 - 页面元素定位方式: id; 页面元素定位取值: account; 页面元素输入文本: test]
2022-08-07 00:13:37 - base_page.py [line:30 - INFO - 浏览器的操作 - 固定等待: 1.0秒钟]
2022-08-07 00:13:37 - base_page.py [line:65 - INFO - 获取测试数据 - 页面名称: login_page; 页面元素定位方式: name; 页面元素定位取值: password; 元素操作后等待时间: 1.0]
2022-08-07 00:13:37 - base_page.py [line:78 - INFO - 执行元素操作 - 输入文本 - 页面元素定位方式: name; 页面元素定位取值: password; 页面元素输入文本: newdream123]
2022-08-07 00:13:37 - base_page.py [line:30 - INFO - 浏览器的操作 - 固定等待: 1.0秒钟]
2022-08-07 00:13:37 - base_page.py [line:65 - INFO - 获取测试数据 - 页面名称: login_page; 页面元素定位方式: id; 页面元素定位取值: submit; 元素操作后等待时间: 1.0]
2022-08-07 00:13:37 - base_page.py [line:72 - INFO - 执行元素操作 - 点击元素 - 页面元素定位方式: id; 页面元素定位取值: submit]
2022-08-07 00:13:37 - base_page.py [line:30 - INFO - 浏览器的操作 - 固定等待: 1.0秒钟]
2022-08-07 00:13:37 - base_page.py [line:65 - INFO - 获取测试数据 - 页面名称: main_page; 页面元素定位方式: xpath; 页面元素定位取值: //a/span[text()=" 我的地盘"]; 元素操作后等待时间: 1.0]
2022-08-07 00:13:37 - base_page.py [line:72 - INFO - 执行元素操作 - 点击元素 - 页面元素定位方式: xpath; 页面元素定位取值: //a/span[text()=" 我的地盘"]]
2022-08-07 00:13:37 - base_page.py [line:30 - INFO - 浏览器的操作 - 固定等待: 1.0秒钟]
2022-08-07 00:13:37 - base_page.py [line:65 - INFO - 获取测试数据 - 页面名称: main_page; 页面元素定位方式: id; 页面元素定位取值: userNav; 元素操作后等待时间: 1.0]
2022-08-07 00:13:37 - base_page.py [line:72 - INFO - 执行元素操作 - 点击元素 - 页面元素定位方式: id; 页面元素定位取值: userNav]
2022-08-07 00:13:37 - base_page.py [line:30 - INFO - 浏览器的操作 - 固定等待: 1.0秒钟]
2022-08-07 00:13:37 - base_page.py [line:65 - INFO - 获取测试数据 - 页面名称: main_page; 页面元素定位方式: xpath; 页面元素定位取值: //a[@href="/zentao/www/index.php?m=user&f=logout"]; 元素操作后等待时间: 1.0]
2022-08-07 00:13:37 - base_page.py [line:72 - INFO - 执行元素操作 - 点击元素 - 页面元素定位方式: xpath; 页面元素定位取值: //a[@href="/zentao/www/index.php?m=user&f=logout"]]
2022-08-07 00:13:37 - base_page.py [line:30 - INFO - 浏览器的操作 - 固定等待: 1.0秒钟]
2022-08-07 00:13:37 - base_page.py [line:38 - INFO - 获取基本信息 - 浏览器标题: 用户登录 - 禅道]
2022-08-07 00:13:37 - base_page.py [line:93 - INFO - 浏览器的操作 - 退出浏览器]
2022-08-07 00:13:37 - selenium_base_case.py [line:25 - INFO - 浏览器的操作 - 测试用例类执行完成]
2022-08-07 00:14:07 - browser.py [line:36 - INFO - 浏览器的操作 - 打开浏览器驱动:C:\Users\pelag\PycharmProjects\p17_code\src\zantao_ui_autotest_frame\drivers\chromedriver.exe]
2022-08-07 00:14:07 - selenium_base_case.py [line:13 - INFO - 浏览器的操作 - 测试用例类初始化]
2022-08-07 00:14:07 - base_page.py [line:17 - INFO - 浏览器的操作 - 打开url地址: http://47.107.178.45/zentao/www/index.php?m=user&f=login]
2022-08-07 00:14:07 - base_page.py [line:21 - INFO - 浏览器的操作 - 浏览器最大化]
2022-08-07 00:14:07 - base_page.py [line:65 - INFO - 获取测试数据 - 页面名称: login_page; 页面元素定位方式: id; 页面元素定位取值: account; 元素操作后等待时间: 1.0]
2022-08-07 00:14:07 - base_page.py [line:78 - INFO - 执行元素操作 - 输入文本 - 页面元素定位方式: id; 页面元素定位取值: account; 页面元素输入文本: test01]
2022-08-07 00:14:07 - base_page.py [line:30 - INFO - 浏览器的操作 - 固定等待: 1.0秒钟]
2022-08-07 00:14:07 - base_page.py [line:65 - INFO - 获取测试数据 - 页面名称: login_page; 页面元素定位方式: name; 页面元素定位取值: password; 元素操作后等待时间: 1.0]
2022-08-07 00:14:07 - base_page.py [line:78 - INFO - 执行元素操作 - 输入文本 - 页面元素定位方式: name; 页面元素定位取值: password; 页面元素输入文本: newdream123]
2022-08-07 00:14:07 - base_page.py [line:30 - INFO - 浏览器的操作 - 固定等待: 1.0秒钟]
2022-08-07 00:14:07 - base_page.py [line:65 - INFO - 获取测试数据 - 页面名称: login_page; 页面元素定位方式: id; 页面元素定位取值: submit; 元素操作后等待时间: 1.0]
2022-08-07 00:14:07 - base_page.py [line:72 - INFO - 执行元素操作 - 点击元素 - 页面元素定位方式: id; 页面元素定位取值: submit]
2022-08-07 00:14:07 - base_page.py [line:30 - INFO - 浏览器的操作 - 固定等待: 1.0秒钟]
2022-08-07 00:14:07 - base_page.py [line:93 - INFO - 浏览器的操作 - 退出浏览器]
2022-08-07 00:14:07 - selenium_base_case.py [line:25 - INFO - 浏览器的操作 - 测试用例类执行完成]
2022-08-07 00:14:07 - selenium_base_case.py [line:13 - INFO - 浏览器的操作 - 测试用例类初始化]
2022-08-07 00:14:07 - connectionpool.py [line:810 - WARNING - Retrying (Retry(total=2, connect=None, read=None, redirect=None, status=None)) after connection broken by 'NewConnectionError('<urllib3.connection.HTTPConnection object at 0x000001E73805DA90>: Failed to establish a new connection: [WinError 10061] 由于目标计算机积极拒绝，无法连接。')': /session/a2b6829f8140eedfce002ecb1acb92a5/url]
2022-08-07 00:14:07 - connectionpool.py [line:810 - WARNING - Retrying (Retry(total=1, connect=None, read=None, redirect=None, status=None)) after connection broken by 'NewConnectionError('<urllib3.connection.HTTPConnection object at 0x000001E7380665E0>: Failed to establish a new connection: [WinError 10061] 由于目标计算机积极拒绝，无法连接。')': /session/a2b6829f8140eedfce002ecb1acb92a5/url]
2022-08-07 00:14:07 - connectionpool.py [line:810 - WARNING - Retrying (Retry(total=0, connect=None, read=None, redirect=None, status=None)) after connection broken by 'NewConnectionError('<urllib3.connection.HTTPConnection object at 0x000001E738073250>: Failed to establish a new connection: [WinError 10061] 由于目标计算机积极拒绝，无法连接。')': /session/a2b6829f8140eedfce002ecb1acb92a5/url]
2022-08-07 00:14:07 - selenium_base_case.py [line:25 - INFO - 浏览器的操作 - 测试用例类执行完成]
2022-08-07 00:15:35 - browser.py [line:36 - INFO - 浏览器的操作 - 打开浏览器驱动:C:\Users\pelag\PycharmProjects\p17_code\src\zantao_ui_autotest_frame\drivers\chromedriver.exe]
2022-08-07 00:15:35 - selenium_base_case.py [line:13 - INFO - 浏览器的操作 - 测试用例类初始化]
2022-08-07 00:15:35 - base_page.py [line:17 - INFO - 浏览器的操作 - 打开url地址: http://47.107.178.45/zentao/www/index.php?m=user&f=login]
2022-08-07 00:15:35 - base_page.py [line:21 - INFO - 浏览器的操作 - 浏览器最大化]
2022-08-07 00:15:35 - base_page.py [line:65 - INFO - 获取测试数据 - 页面名称: login_page; 页面元素定位方式: id; 页面元素定位取值: account; 元素操作后等待时间: 1.0]
2022-08-07 00:15:35 - base_page.py [line:78 - INFO - 执行元素操作 - 输入文本 - 页面元素定位方式: id; 页面元素定位取值: account; 页面元素输入文本: test01]
2022-08-07 00:15:35 - base_page.py [line:30 - INFO - 浏览器的操作 - 固定等待: 1.0秒钟]
2022-08-07 00:15:35 - base_page.py [line:65 - INFO - 获取测试数据 - 页面名称: login_page; 页面元素定位方式: name; 页面元素定位取值: password; 元素操作后等待时间: 1.0]
2022-08-07 00:15:35 - base_page.py [line:78 - INFO - 执行元素操作 - 输入文本 - 页面元素定位方式: name; 页面元素定位取值: password; 页面元素输入文本: newdream123]
2022-08-07 00:15:35 - base_page.py [line:30 - INFO - 浏览器的操作 - 固定等待: 1.0秒钟]
2022-08-07 00:15:35 - base_page.py [line:65 - INFO - 获取测试数据 - 页面名称: login_page; 页面元素定位方式: id; 页面元素定位取值: submit; 元素操作后等待时间: 1.0]
2022-08-07 00:15:35 - base_page.py [line:72 - INFO - 执行元素操作 - 点击元素 - 页面元素定位方式: id; 页面元素定位取值: submit]
2022-08-07 00:15:35 - base_page.py [line:30 - INFO - 浏览器的操作 - 固定等待: 1.0秒钟]
2022-08-07 00:15:35 - base_page.py [line:93 - INFO - 浏览器的操作 - 退出浏览器]
2022-08-07 00:15:35 - selenium_base_case.py [line:25 - INFO - 浏览器的操作 - 测试用例类执行完成]
2022-08-07 00:15:35 - selenium_base_case.py [line:13 - INFO - 浏览器的操作 - 测试用例类初始化]
2022-08-07 00:15:35 - connectionpool.py [line:810 - WARNING - Retrying (Retry(total=2, connect=None, read=None, redirect=None, status=None)) after connection broken by 'NewConnectionError('<urllib3.connection.HTTPConnection object at 0x000001DD3A65E9D0>: Failed to establish a new connection: [WinError 10061] 由于目标计算机积极拒绝，无法连接。')': /session/1959e4b0e3c7ca823196265e5e215456/url]
2022-08-07 00:15:35 - connectionpool.py [line:810 - WARNING - Retrying (Retry(total=1, connect=None, read=None, redirect=None, status=None)) after connection broken by 'NewConnectionError('<urllib3.connection.HTTPConnection object at 0x000001DD3A666520>: Failed to establish a new connection: [WinError 10061] 由于目标计算机积极拒绝，无法连接。')': /session/1959e4b0e3c7ca823196265e5e215456/url]
2022-08-07 00:15:35 - connectionpool.py [line:810 - WARNING - Retrying (Retry(total=0, connect=None, read=None, redirect=None, status=None)) after connection broken by 'NewConnectionError('<urllib3.connection.HTTPConnection object at 0x000001DD3A674C10>: Failed to establish a new connection: [WinError 10061] 由于目标计算机积极拒绝，无法连接。')': /session/1959e4b0e3c7ca823196265e5e215456/url]
2022-08-07 00:15:35 - selenium_base_case.py [line:25 - INFO - 浏览器的操作 - 测试用例类执行完成]
2022-08-07 00:20:14 - browser.py [line:36 - INFO - 浏览器的操作 - 打开浏览器驱动:C:\Users\pelag\PycharmProjects\p17_code\src\zantao_ui_autotest_frame\drivers\chromedriver.exe]
2022-08-07 00:20:14 - base_page.py [line:17 - INFO - 浏览器的操作 - 打开url地址: http://47.107.178.45/zentao/www/index.php?m=user&f=login]
2022-08-07 00:20:14 - base_page.py [line:21 - INFO - 浏览器的操作 - 浏览器最大化]
2022-08-07 00:20:14 - base_page.py [line:65 - INFO - 获取测试数据 - 页面名称: login_page; 页面元素定位方式: id; 页面元素定位取值: account; 元素操作后等待时间: 1.0]
2022-08-07 00:20:14 - base_page.py [line:78 - INFO - 执行元素操作 - 输入文本 - 页面元素定位方式: id; 页面元素定位取值: account; 页面元素输入文本: test01]
2022-08-07 00:20:14 - base_page.py [line:30 - INFO - 浏览器的操作 - 固定等待: 1.0秒钟]
2022-08-07 00:20:14 - base_page.py [line:65 - INFO - 获取测试数据 - 页面名称: login_page; 页面元素定位方式: name; 页面元素定位取值: password; 元素操作后等待时间: 1.0]
2022-08-07 00:20:14 - base_page.py [line:78 - INFO - 执行元素操作 - 输入文本 - 页面元素定位方式: name; 页面元素定位取值: password; 页面元素输入文本: newdream123]
2022-08-07 00:20:14 - base_page.py [line:30 - INFO - 浏览器的操作 - 固定等待: 1.0秒钟]
2022-08-07 00:20:14 - base_page.py [line:65 - INFO - 获取测试数据 - 页面名称: login_page; 页面元素定位方式: id; 页面元素定位取值: submit; 元素操作后等待时间: 1.0]
2022-08-07 00:20:14 - base_page.py [line:72 - INFO - 执行元素操作 - 点击元素 - 页面元素定位方式: id; 页面元素定位取值: submit]
2022-08-07 00:20:14 - base_page.py [line:30 - INFO - 浏览器的操作 - 固定等待: 1.0秒钟]
2022-08-07 00:20:14 - base_page.py [line:93 - INFO - 浏览器的操作 - 退出浏览器]
2022-08-07 00:20:14 - selenium_base_case.py [line:13 - INFO - 浏览器的操作 - 测试用例类初始化]
2022-08-07 00:20:14 - connectionpool.py [line:810 - WARNING - Retrying (Retry(total=2, connect=None, read=None, redirect=None, status=None)) after connection broken by 'NewConnectionError('<urllib3.connection.HTTPConnection object at 0x0000022CEBB6DAF0>: Failed to establish a new connection: [WinError 10061] 由于目标计算机积极拒绝，无法连接。')': /session/c02498bbf0d138d5bc89fc1a186f92b7/url]
2022-08-07 00:20:14 - connectionpool.py [line:810 - WARNING - Retrying (Retry(total=1, connect=None, read=None, redirect=None, status=None)) after connection broken by 'NewConnectionError('<urllib3.connection.HTTPConnection object at 0x0000022CEBB75640>: Failed to establish a new connection: [WinError 10061] 由于目标计算机积极拒绝，无法连接。')': /session/c02498bbf0d138d5bc89fc1a186f92b7/url]
2022-08-07 00:20:14 - connectionpool.py [line:810 - WARNING - Retrying (Retry(total=0, connect=None, read=None, redirect=None, status=None)) after connection broken by 'NewConnectionError('<urllib3.connection.HTTPConnection object at 0x0000022CEBB832B0>: Failed to establish a new connection: [WinError 10061] 由于目标计算机积极拒绝，无法连接。')': /session/c02498bbf0d138d5bc89fc1a186f92b7/url]
2022-08-07 00:20:14 - selenium_base_case.py [line:23 - INFO - 浏览器的操作 - 测试用例类执行完成]
2022-08-07 00:20:50 - browser.py [line:36 - INFO - 浏览器的操作 - 打开浏览器驱动:C:\Users\pelag\PycharmProjects\p17_code\src\zantao_ui_autotest_frame\drivers\chromedriver.exe]
2022-08-07 00:20:50 - base_page.py [line:17 - INFO - 浏览器的操作 - 打开url地址: http://47.107.178.45/zentao/www/index.php?m=user&f=login]
2022-08-07 00:20:50 - base_page.py [line:21 - INFO - 浏览器的操作 - 浏览器最大化]
2022-08-07 00:20:50 - base_page.py [line:65 - INFO - 获取测试数据 - 页面名称: login_page; 页面元素定位方式: id; 页面元素定位取值: account; 元素操作后等待时间: 1.0]
2022-08-07 00:20:50 - base_page.py [line:78 - INFO - 执行元素操作 - 输入文本 - 页面元素定位方式: id; 页面元素定位取值: account; 页面元素输入文本: test01]
2022-08-07 00:20:50 - base_page.py [line:30 - INFO - 浏览器的操作 - 固定等待: 1.0秒钟]
2022-08-07 00:20:50 - base_page.py [line:65 - INFO - 获取测试数据 - 页面名称: login_page; 页面元素定位方式: name; 页面元素定位取值: password; 元素操作后等待时间: 1.0]
2022-08-07 00:20:50 - base_page.py [line:78 - INFO - 执行元素操作 - 输入文本 - 页面元素定位方式: name; 页面元素定位取值: password; 页面元素输入文本: newdream123]
2022-08-07 00:20:50 - base_page.py [line:30 - INFO - 浏览器的操作 - 固定等待: 1.0秒钟]
2022-08-07 00:20:50 - base_page.py [line:65 - INFO - 获取测试数据 - 页面名称: login_page; 页面元素定位方式: id; 页面元素定位取值: submit; 元素操作后等待时间: 1.0]
2022-08-07 00:20:50 - base_page.py [line:72 - INFO - 执行元素操作 - 点击元素 - 页面元素定位方式: id; 页面元素定位取值: submit]
2022-08-07 00:20:50 - base_page.py [line:30 - INFO - 浏览器的操作 - 固定等待: 1.0秒钟]
2022-08-07 00:20:50 - base_page.py [line:93 - INFO - 浏览器的操作 - 退出浏览器]
2022-08-07 00:20:50 - connectionpool.py [line:810 - WARNING - Retrying (Retry(total=2, connect=None, read=None, redirect=None, status=None)) after connection broken by 'NewConnectionError('<urllib3.connection.HTTPConnection object at 0x000002AB420BCA60>: Failed to establish a new connection: [WinError 10061] 由于目标计算机积极拒绝，无法连接。')': /session/363228ef0b0ea345aa1f0b7d1b033661/url]
2022-08-07 00:20:50 - connectionpool.py [line:810 - WARNING - Retrying (Retry(total=1, connect=None, read=None, redirect=None, status=None)) after connection broken by 'NewConnectionError('<urllib3.connection.HTTPConnection object at 0x000002AB420C65B0>: Failed to establish a new connection: [WinError 10061] 由于目标计算机积极拒绝，无法连接。')': /session/363228ef0b0ea345aa1f0b7d1b033661/url]
2022-08-07 00:20:50 - connectionpool.py [line:810 - WARNING - Retrying (Retry(total=0, connect=None, read=None, redirect=None, status=None)) after connection broken by 'NewConnectionError('<urllib3.connection.HTTPConnection object at 0x000002AB420D2220>: Failed to establish a new connection: [WinError 10061] 由于目标计算机积极拒绝，无法连接。')': /session/363228ef0b0ea345aa1f0b7d1b033661/url]
2022-08-07 00:21:36 - browser.py [line:36 - INFO - 浏览器的操作 - 打开浏览器驱动:C:\Users\pelag\PycharmProjects\p17_code\src\zantao_ui_autotest_frame\drivers\chromedriver.exe]
2022-08-07 00:21:36 - base_page.py [line:17 - INFO - 浏览器的操作 - 打开url地址: http://47.107.178.45/zentao/www/index.php?m=user&f=login]
2022-08-07 00:21:36 - base_page.py [line:21 - INFO - 浏览器的操作 - 浏览器最大化]
2022-08-07 00:21:36 - test_main_success.py [line:23 - INFO - 获取测试数据 - 期望结果: 用户登录]
2022-08-07 00:21:36 - base_page.py [line:65 - INFO - 获取测试数据 - 页面名称: login_page; 页面元素定位方式: id; 页面元素定位取值: account; 元素操作后等待时间: 1.0]
2022-08-07 00:21:36 - base_page.py [line:78 - INFO - 执行元素操作 - 输入文本 - 页面元素定位方式: id; 页面元素定位取值: account; 页面元素输入文本: test]
2022-08-07 00:21:36 - base_page.py [line:30 - INFO - 浏览器的操作 - 固定等待: 1.0秒钟]
2022-08-07 00:21:36 - base_page.py [line:65 - INFO - 获取测试数据 - 页面名称: login_page; 页面元素定位方式: name; 页面元素定位取值: password; 元素操作后等待时间: 1.0]
2022-08-07 00:21:36 - base_page.py [line:78 - INFO - 执行元素操作 - 输入文本 - 页面元素定位方式: name; 页面元素定位取值: password; 页面元素输入文本: newdream123]
2022-08-07 00:21:36 - base_page.py [line:30 - INFO - 浏览器的操作 - 固定等待: 1.0秒钟]
2022-08-07 00:21:36 - base_page.py [line:65 - INFO - 获取测试数据 - 页面名称: login_page; 页面元素定位方式: id; 页面元素定位取值: submit; 元素操作后等待时间: 1.0]
2022-08-07 00:21:36 - base_page.py [line:72 - INFO - 执行元素操作 - 点击元素 - 页面元素定位方式: id; 页面元素定位取值: submit]
2022-08-07 00:21:36 - base_page.py [line:30 - INFO - 浏览器的操作 - 固定等待: 1.0秒钟]
2022-08-07 00:21:36 - base_page.py [line:65 - INFO - 获取测试数据 - 页面名称: main_page; 页面元素定位方式: xpath; 页面元素定位取值: //a/span[text()=" 我的地盘"]; 元素操作后等待时间: 1.0]
2022-08-07 00:21:36 - base_page.py [line:72 - INFO - 执行元素操作 - 点击元素 - 页面元素定位方式: xpath; 页面元素定位取值: //a/span[text()=" 我的地盘"]]
2022-08-07 00:21:36 - base_page.py [line:30 - INFO - 浏览器的操作 - 固定等待: 1.0秒钟]
2022-08-07 00:21:36 - base_page.py [line:65 - INFO - 获取测试数据 - 页面名称: main_page; 页面元素定位方式: id; 页面元素定位取值: userNav; 元素操作后等待时间: 1.0]
2022-08-07 00:21:36 - base_page.py [line:72 - INFO - 执行元素操作 - 点击元素 - 页面元素定位方式: id; 页面元素定位取值: userNav]
2022-08-07 00:21:36 - base_page.py [line:30 - INFO - 浏览器的操作 - 固定等待: 1.0秒钟]
2022-08-07 00:21:36 - base_page.py [line:65 - INFO - 获取测试数据 - 页面名称: main_page; 页面元素定位方式: xpath; 页面元素定位取值: //a[@href="/zentao/www/index.php?m=user&f=logout"]; 元素操作后等待时间: 1.0]
2022-08-07 00:21:36 - base_page.py [line:72 - INFO - 执行元素操作 - 点击元素 - 页面元素定位方式: xpath; 页面元素定位取值: //a[@href="/zentao/www/index.php?m=user&f=logout"]]
2022-08-07 00:21:36 - base_page.py [line:30 - INFO - 浏览器的操作 - 固定等待: 1.0秒钟]
2022-08-07 00:21:36 - base_page.py [line:38 - INFO - 获取基本信息 - 浏览器标题: 用户登录 - 禅道]
2022-08-07 00:21:36 - base_page.py [line:93 - INFO - 浏览器的操作 - 退出浏览器]
2022-08-07 00:33:27 - browser.py [line:36 - INFO - 浏览器的操作 - 打开浏览器驱动:C:\Users\pelag\PycharmProjects\p17_code\src\zantao_ui_autotest_frame\drivers\chromedriver.exe]
2022-08-07 00:33:27 - browser.py [line:36 - INFO - 浏览器的操作 - 打开浏览器驱动:C:\Users\pelag\PycharmProjects\p17_code\src\zantao_ui_autotest_frame\drivers\chromedriver.exe]
2022-08-07 00:33:27 - browser.py [line:36 - INFO - 浏览器的操作 - 打开浏览器驱动:C:\Users\pelag\PycharmProjects\p17_code\src\zantao_ui_autotest_frame\drivers\chromedriver.exe]
2022-08-07 00:33:27 - base_page.py [line:17 - INFO - 浏览器的操作 - 打开url地址: http://47.107.178.45/zentao/www/index.php?m=user&f=login]
2022-08-07 00:33:27 - base_page.py [line:21 - INFO - 浏览器的操作 - 浏览器最大化]
2022-08-07 00:33:27 - test_main_success.py [line:23 - INFO - 获取测试数据 - 期望结果: 用户登录]
2022-08-07 00:33:27 - base_page.py [line:65 - INFO - 获取测试数据 - 页面名称: login_page; 页面元素定位方式: id; 页面元素定位取值: account; 元素操作后等待时间: 1.0]
2022-08-07 00:33:27 - base_page.py [line:78 - INFO - 执行元素操作 - 输入文本 - 页面元素定位方式: id; 页面元素定位取值: account; 页面元素输入文本: test]
2022-08-07 00:33:27 - base_page.py [line:30 - INFO - 浏览器的操作 - 固定等待: 1.0秒钟]
2022-08-07 00:33:27 - base_page.py [line:65 - INFO - 获取测试数据 - 页面名称: login_page; 页面元素定位方式: name; 页面元素定位取值: password; 元素操作后等待时间: 1.0]
2022-08-07 00:33:27 - base_page.py [line:78 - INFO - 执行元素操作 - 输入文本 - 页面元素定位方式: name; 页面元素定位取值: password; 页面元素输入文本: newdream123]
2022-08-07 00:33:27 - base_page.py [line:30 - INFO - 浏览器的操作 - 固定等待: 1.0秒钟]
2022-08-07 00:33:27 - base_page.py [line:65 - INFO - 获取测试数据 - 页面名称: login_page; 页面元素定位方式: id; 页面元素定位取值: submit; 元素操作后等待时间: 1.0]
2022-08-07 00:33:27 - base_page.py [line:72 - INFO - 执行元素操作 - 点击元素 - 页面元素定位方式: id; 页面元素定位取值: submit]
2022-08-07 00:33:27 - base_page.py [line:30 - INFO - 浏览器的操作 - 固定等待: 1.0秒钟]
2022-08-07 00:33:27 - base_page.py [line:65 - INFO - 获取测试数据 - 页面名称: main_page; 页面元素定位方式: xpath; 页面元素定位取值: //a/span[text()=" 我的地盘"]; 元素操作后等待时间: 1.0]
2022-08-07 00:33:27 - base_page.py [line:72 - INFO - 执行元素操作 - 点击元素 - 页面元素定位方式: xpath; 页面元素定位取值: //a/span[text()=" 我的地盘"]]
2022-08-07 00:33:27 - base_page.py [line:30 - INFO - 浏览器的操作 - 固定等待: 1.0秒钟]
2022-08-07 00:33:27 - base_page.py [line:65 - INFO - 获取测试数据 - 页面名称: main_page; 页面元素定位方式: id; 页面元素定位取值: userNav; 元素操作后等待时间: 1.0]
2022-08-07 00:33:27 - base_page.py [line:72 - INFO - 执行元素操作 - 点击元素 - 页面元素定位方式: id; 页面元素定位取值: userNav]
2022-08-07 00:33:27 - base_page.py [line:30 - INFO - 浏览器的操作 - 固定等待: 1.0秒钟]
2022-08-07 00:33:27 - base_page.py [line:65 - INFO - 获取测试数据 - 页面名称: main_page; 页面元素定位方式: xpath; 页面元素定位取值: //a[@href="/zentao/www/index.php?m=user&f=logout"]; 元素操作后等待时间: 1.0]
2022-08-07 00:33:27 - base_page.py [line:72 - INFO - 执行元素操作 - 点击元素 - 页面元素定位方式: xpath; 页面元素定位取值: //a[@href="/zentao/www/index.php?m=user&f=logout"]]
2022-08-07 00:33:27 - base_page.py [line:30 - INFO - 浏览器的操作 - 固定等待: 1.0秒钟]
2022-08-07 00:33:27 - base_page.py [line:38 - INFO - 获取基本信息 - 浏览器标题: 用户登录 - 禅道]
2022-08-07 00:33:27 - base_page.py [line:93 - INFO - 浏览器的操作 - 退出浏览器]
2022-08-07 00:34:46 - browser.py [line:36 - INFO - 浏览器的操作 - 打开浏览器驱动:C:\Users\pelag\PycharmProjects\p17_code\src\zantao_ui_autotest_frame\drivers\chromedriver.exe]
2022-08-07 00:34:46 - browser.py [line:36 - INFO - 浏览器的操作 - 打开浏览器驱动:C:\Users\pelag\PycharmProjects\p17_code\src\zantao_ui_autotest_frame\drivers\chromedriver.exe]
2022-08-07 00:34:46 - base_page.py [line:17 - INFO - 浏览器的操作 - 打开url地址: http://47.107.178.45/zentao/www/index.php?m=user&f=login]
2022-08-07 00:34:46 - base_page.py [line:21 - INFO - 浏览器的操作 - 浏览器最大化]
2022-08-07 00:34:46 - test_main_success.py [line:23 - INFO - 获取测试数据 - 期望结果: 用户登录]
2022-08-07 00:34:46 - base_page.py [line:65 - INFO - 获取测试数据 - 页面名称: login_page; 页面元素定位方式: id; 页面元素定位取值: account; 元素操作后等待时间: 1.0]
2022-08-07 00:34:46 - base_page.py [line:78 - INFO - 执行元素操作 - 输入文本 - 页面元素定位方式: id; 页面元素定位取值: account; 页面元素输入文本: test]
2022-08-07 00:34:46 - base_page.py [line:30 - INFO - 浏览器的操作 - 固定等待: 1.0秒钟]
2022-08-07 00:34:46 - base_page.py [line:65 - INFO - 获取测试数据 - 页面名称: login_page; 页面元素定位方式: name; 页面元素定位取值: password; 元素操作后等待时间: 1.0]
2022-08-07 00:34:46 - base_page.py [line:78 - INFO - 执行元素操作 - 输入文本 - 页面元素定位方式: name; 页面元素定位取值: password; 页面元素输入文本: newdream123]
2022-08-07 00:34:46 - base_page.py [line:30 - INFO - 浏览器的操作 - 固定等待: 1.0秒钟]
2022-08-07 00:34:46 - base_page.py [line:65 - INFO - 获取测试数据 - 页面名称: login_page; 页面元素定位方式: id; 页面元素定位取值: submit; 元素操作后等待时间: 1.0]
2022-08-07 00:34:46 - base_page.py [line:72 - INFO - 执行元素操作 - 点击元素 - 页面元素定位方式: id; 页面元素定位取值: submit]
2022-08-07 00:34:46 - base_page.py [line:30 - INFO - 浏览器的操作 - 固定等待: 1.0秒钟]
2022-08-07 00:34:46 - base_page.py [line:65 - INFO - 获取测试数据 - 页面名称: main_page; 页面元素定位方式: xpath; 页面元素定位取值: //a/span[text()=" 我的地盘"]; 元素操作后等待时间: 1.0]
2022-08-07 00:34:46 - base_page.py [line:72 - INFO - 执行元素操作 - 点击元素 - 页面元素定位方式: xpath; 页面元素定位取值: //a/span[text()=" 我的地盘"]]
2022-08-07 00:34:46 - base_page.py [line:30 - INFO - 浏览器的操作 - 固定等待: 1.0秒钟]
2022-08-07 00:34:46 - base_page.py [line:65 - INFO - 获取测试数据 - 页面名称: main_page; 页面元素定位方式: id; 页面元素定位取值: userNav; 元素操作后等待时间: 1.0]
2022-08-07 00:34:46 - base_page.py [line:72 - INFO - 执行元素操作 - 点击元素 - 页面元素定位方式: id; 页面元素定位取值: userNav]
2022-08-07 00:34:46 - base_page.py [line:30 - INFO - 浏览器的操作 - 固定等待: 1.0秒钟]
2022-08-07 00:34:46 - base_page.py [line:65 - INFO - 获取测试数据 - 页面名称: main_page; 页面元素定位方式: xpath; 页面元素定位取值: //a[@href="/zentao/www/index.php?m=user&f=logout"]; 元素操作后等待时间: 1.0]
2022-08-07 00:34:46 - base_page.py [line:72 - INFO - 执行元素操作 - 点击元素 - 页面元素定位方式: xpath; 页面元素定位取值: //a[@href="/zentao/www/index.php?m=user&f=logout"]]
2022-08-07 00:34:46 - base_page.py [line:30 - INFO - 浏览器的操作 - 固定等待: 1.0秒钟]
2022-08-07 00:34:46 - base_page.py [line:38 - INFO - 获取基本信息 - 浏览器标题: 用户登录 - 禅道]
2022-08-07 00:34:46 - base_page.py [line:93 - INFO - 浏览器的操作 - 退出浏览器]
2022-08-07 15:24:02 - browser.py [line:36 - INFO - 浏览器的操作 - 打开浏览器驱动:C:\Users\pelag\PycharmProjects\p17_code\src\zantao_ui_autotest_frame\drivers\chromedriver.exe]
2022-08-07 15:24:02 - browser.py [line:36 - INFO - 浏览器的操作 - 打开浏览器驱动:C:\Users\pelag\PycharmProjects\p17_code\src\zantao_ui_autotest_frame\drivers\chromedriver.exe]
2022-08-07 15:24:02 - base_page.py [line:17 - INFO - 浏览器的操作 - 打开url地址: http://47.107.178.45/zentao/www/index.php?m=user&f=login]
2022-08-07 15:24:02 - base_page.py [line:21 - INFO - 浏览器的操作 - 浏览器最大化]
2022-08-07 15:24:02 - test_main_success.py [line:23 - INFO - 获取测试数据 - 期望结果: 用户登录]
2022-08-07 15:24:02 - base_page.py [line:65 - INFO - 获取测试数据 - 页面名称: login_page; 页面元素定位方式: id; 页面元素定位取值: account; 元素操作后等待时间: 1.0]
2022-08-07 15:24:02 - base_page.py [line:78 - INFO - 执行元素操作 - 输入文本 - 页面元素定位方式: id; 页面元素定位取值: account; 页面元素输入文本: test]
2022-08-07 15:24:02 - base_page.py [line:30 - INFO - 浏览器的操作 - 固定等待: 1.0秒钟]
2022-08-07 15:24:02 - base_page.py [line:65 - INFO - 获取测试数据 - 页面名称: login_page; 页面元素定位方式: name; 页面元素定位取值: password; 元素操作后等待时间: 1.0]
2022-08-07 15:24:02 - base_page.py [line:78 - INFO - 执行元素操作 - 输入文本 - 页面元素定位方式: name; 页面元素定位取值: password; 页面元素输入文本: newdream123]
2022-08-07 15:24:02 - base_page.py [line:30 - INFO - 浏览器的操作 - 固定等待: 1.0秒钟]
2022-08-07 15:24:02 - base_page.py [line:65 - INFO - 获取测试数据 - 页面名称: login_page; 页面元素定位方式: id; 页面元素定位取值: submit; 元素操作后等待时间: 1.0]
2022-08-07 15:24:02 - base_page.py [line:72 - INFO - 执行元素操作 - 点击元素 - 页面元素定位方式: id; 页面元素定位取值: submit]
2022-08-07 15:24:02 - base_page.py [line:30 - INFO - 浏览器的操作 - 固定等待: 1.0秒钟]
2022-08-07 15:24:02 - base_page.py [line:65 - INFO - 获取测试数据 - 页面名称: main_page; 页面元素定位方式: xpath; 页面元素定位取值: //a/span[text()=" 我的地盘"]; 元素操作后等待时间: 1.0]
2022-08-07 15:24:02 - base_page.py [line:72 - INFO - 执行元素操作 - 点击元素 - 页面元素定位方式: xpath; 页面元素定位取值: //a/span[text()=" 我的地盘"]]
2022-08-07 15:24:02 - base_page.py [line:30 - INFO - 浏览器的操作 - 固定等待: 1.0秒钟]
2022-08-07 15:24:02 - base_page.py [line:65 - INFO - 获取测试数据 - 页面名称: main_page; 页面元素定位方式: id; 页面元素定位取值: userNav; 元素操作后等待时间: 1.0]
2022-08-07 15:24:02 - base_page.py [line:72 - INFO - 执行元素操作 - 点击元素 - 页面元素定位方式: id; 页面元素定位取值: userNav]
2022-08-07 15:24:02 - base_page.py [line:30 - INFO - 浏览器的操作 - 固定等待: 1.0秒钟]
2022-08-07 15:24:02 - base_page.py [line:65 - INFO - 获取测试数据 - 页面名称: main_page; 页面元素定位方式: xpath; 页面元素定位取值: //a[@href="/zentao/www/index.php?m=user&f=logout"]; 元素操作后等待时间: 1.0]
2022-08-07 15:24:02 - base_page.py [line:72 - INFO - 执行元素操作 - 点击元素 - 页面元素定位方式: xpath; 页面元素定位取值: //a[@href="/zentao/www/index.php?m=user&f=logout"]]
2022-08-07 15:24:02 - base_page.py [line:30 - INFO - 浏览器的操作 - 固定等待: 1.0秒钟]
2022-08-07 15:24:02 - base_page.py [line:38 - INFO - 获取基本信息 - 浏览器标题: 用户登录 - 禅道]
2022-08-07 15:24:02 - base_page.py [line:93 - INFO - 浏览器的操作 - 退出浏览器]
2022-08-07 15:28:23 - browser.py [line:36 - INFO - 浏览器的操作 - 打开浏览器驱动:C:\Users\pelag\PycharmProjects\p17_code\src\zantao_ui_autotest_frame\drivers\chromedriver.exe]
2022-08-07 15:28:23 - browser.py [line:36 - INFO - 浏览器的操作 - 打开浏览器驱动:C:\Users\pelag\PycharmProjects\p17_code\src\zantao_ui_autotest_frame\drivers\chromedriver.exe]
2022-08-07 15:28:23 - base_page.py [line:17 - INFO - 浏览器的操作 - 打开url地址: http://47.107.178.45/zentao/www/index.php?m=user&f=login]
2022-08-07 15:28:23 - base_page.py [line:21 - INFO - 浏览器的操作 - 浏览器最大化]
2022-08-07 15:28:23 - test_main_success.py [line:23 - INFO - 获取测试数据 - 期望结果: 用户登录]
2022-08-07 15:28:23 - base_page.py [line:65 - INFO - 获取测试数据 - 页面名称: login_page; 页面元素定位方式: id; 页面元素定位取值: account; 元素操作后等待时间: 1.0]
2022-08-07 15:28:23 - base_page.py [line:78 - INFO - 执行元素操作 - 输入文本 - 页面元素定位方式: id; 页面元素定位取值: account; 页面元素输入文本: test]
2022-08-07 15:28:23 - base_page.py [line:30 - INFO - 浏览器的操作 - 固定等待: 1.0秒钟]
2022-08-07 15:28:23 - base_page.py [line:65 - INFO - 获取测试数据 - 页面名称: login_page; 页面元素定位方式: name; 页面元素定位取值: password; 元素操作后等待时间: 1.0]
2022-08-07 15:28:23 - base_page.py [line:78 - INFO - 执行元素操作 - 输入文本 - 页面元素定位方式: name; 页面元素定位取值: password; 页面元素输入文本: newdream123]
2022-08-07 15:28:23 - base_page.py [line:30 - INFO - 浏览器的操作 - 固定等待: 1.0秒钟]
2022-08-07 15:28:23 - base_page.py [line:65 - INFO - 获取测试数据 - 页面名称: login_page; 页面元素定位方式: id; 页面元素定位取值: submit; 元素操作后等待时间: 1.0]
2022-08-07 15:28:23 - base_page.py [line:72 - INFO - 执行元素操作 - 点击元素 - 页面元素定位方式: id; 页面元素定位取值: submit]
2022-08-07 15:28:23 - base_page.py [line:30 - INFO - 浏览器的操作 - 固定等待: 1.0秒钟]
2022-08-07 15:28:23 - base_page.py [line:65 - INFO - 获取测试数据 - 页面名称: main_page; 页面元素定位方式: xpath; 页面元素定位取值: //a/span[text()=" 我的地盘"]; 元素操作后等待时间: 1.0]
2022-08-07 15:28:23 - base_page.py [line:72 - INFO - 执行元素操作 - 点击元素 - 页面元素定位方式: xpath; 页面元素定位取值: //a/span[text()=" 我的地盘"]]
2022-08-07 15:28:23 - base_page.py [line:30 - INFO - 浏览器的操作 - 固定等待: 1.0秒钟]
2022-08-07 15:28:23 - base_page.py [line:65 - INFO - 获取测试数据 - 页面名称: main_page; 页面元素定位方式: id; 页面元素定位取值: userNav; 元素操作后等待时间: 1.0]
2022-08-07 15:28:23 - base_page.py [line:72 - INFO - 执行元素操作 - 点击元素 - 页面元素定位方式: id; 页面元素定位取值: userNav]
2022-08-07 15:28:23 - base_page.py [line:30 - INFO - 浏览器的操作 - 固定等待: 1.0秒钟]
2022-08-07 15:28:23 - base_page.py [line:65 - INFO - 获取测试数据 - 页面名称: main_page; 页面元素定位方式: xpath; 页面元素定位取值: //a[@href="/zentao/www/index.php?m=user&f=logout"]; 元素操作后等待时间: 1.0]
2022-08-07 15:28:23 - base_page.py [line:72 - INFO - 执行元素操作 - 点击元素 - 页面元素定位方式: xpath; 页面元素定位取值: //a[@href="/zentao/www/index.php?m=user&f=logout"]]
2022-08-07 15:28:23 - base_page.py [line:30 - INFO - 浏览器的操作 - 固定等待: 1.0秒钟]
2022-08-07 15:28:23 - base_page.py [line:38 - INFO - 获取基本信息 - 浏览器标题: 用户登录 - 禅道]
2022-08-07 15:28:23 - base_page.py [line:93 - INFO - 浏览器的操作 - 退出浏览器]
2022-08-07 15:29:22 - browser.py [line:36 - INFO - 浏览器的操作 - 打开浏览器驱动:C:\Users\pelag\PycharmProjects\p17_code\src\zantao_ui_autotest_frame\drivers\chromedriver.exe]
2022-08-07 15:29:22 - browser.py [line:36 - INFO - 浏览器的操作 - 打开浏览器驱动:C:\Users\pelag\PycharmProjects\p17_code\src\zantao_ui_autotest_frame\drivers\chromedriver.exe]
2022-08-07 15:29:22 - base_page.py [line:17 - INFO - 浏览器的操作 - 打开url地址: http://47.107.178.45/zentao/www/index.php?m=user&f=login]
2022-08-07 15:29:22 - base_page.py [line:21 - INFO - 浏览器的操作 - 浏览器最大化]
2022-08-07 15:29:22 - test_main_success.py [line:23 - INFO - 获取测试数据 - 期望结果: 用户登录]
2022-08-07 15:29:22 - base_page.py [line:65 - INFO - 获取测试数据 - 页面名称: login_page; 页面元素定位方式: id; 页面元素定位取值: account; 元素操作后等待时间: 1.0]
2022-08-07 15:29:22 - base_page.py [line:78 - INFO - 执行元素操作 - 输入文本 - 页面元素定位方式: id; 页面元素定位取值: account; 页面元素输入文本: test]
2022-08-07 15:29:22 - base_page.py [line:30 - INFO - 浏览器的操作 - 固定等待: 1.0秒钟]
2022-08-07 15:29:22 - base_page.py [line:65 - INFO - 获取测试数据 - 页面名称: login_page; 页面元素定位方式: name; 页面元素定位取值: password; 元素操作后等待时间: 1.0]
2022-08-07 15:29:22 - base_page.py [line:78 - INFO - 执行元素操作 - 输入文本 - 页面元素定位方式: name; 页面元素定位取值: password; 页面元素输入文本: newdream123]
2022-08-07 15:29:22 - base_page.py [line:30 - INFO - 浏览器的操作 - 固定等待: 1.0秒钟]
2022-08-07 15:29:22 - base_page.py [line:65 - INFO - 获取测试数据 - 页面名称: login_page; 页面元素定位方式: id; 页面元素定位取值: submit; 元素操作后等待时间: 1.0]
2022-08-07 15:29:22 - base_page.py [line:72 - INFO - 执行元素操作 - 点击元素 - 页面元素定位方式: id; 页面元素定位取值: submit]
2022-08-07 15:29:22 - base_page.py [line:30 - INFO - 浏览器的操作 - 固定等待: 1.0秒钟]
2022-08-07 15:29:22 - base_page.py [line:65 - INFO - 获取测试数据 - 页面名称: main_page; 页面元素定位方式: xpath; 页面元素定位取值: //a/span[text()=" 我的地盘"]; 元素操作后等待时间: 1.0]
2022-08-07 15:29:22 - base_page.py [line:72 - INFO - 执行元素操作 - 点击元素 - 页面元素定位方式: xpath; 页面元素定位取值: //a/span[text()=" 我的地盘"]]
2022-08-07 15:29:22 - base_page.py [line:30 - INFO - 浏览器的操作 - 固定等待: 1.0秒钟]
2022-08-07 15:29:22 - base_page.py [line:65 - INFO - 获取测试数据 - 页面名称: main_page; 页面元素定位方式: id; 页面元素定位取值: userNav; 元素操作后等待时间: 1.0]
2022-08-07 15:29:22 - base_page.py [line:72 - INFO - 执行元素操作 - 点击元素 - 页面元素定位方式: id; 页面元素定位取值: userNav]
2022-08-07 15:29:22 - base_page.py [line:30 - INFO - 浏览器的操作 - 固定等待: 1.0秒钟]
2022-08-07 15:29:22 - base_page.py [line:65 - INFO - 获取测试数据 - 页面名称: main_page; 页面元素定位方式: xpath; 页面元素定位取值: //a[@href="/zentao/www/index.php?m=user&f=logout"]; 元素操作后等待时间: 1.0]
2022-08-07 15:29:22 - base_page.py [line:72 - INFO - 执行元素操作 - 点击元素 - 页面元素定位方式: xpath; 页面元素定位取值: //a[@href="/zentao/www/index.php?m=user&f=logout"]]
2022-08-07 15:29:22 - base_page.py [line:30 - INFO - 浏览器的操作 - 固定等待: 1.0秒钟]
2022-08-07 15:29:22 - base_page.py [line:38 - INFO - 获取基本信息 - 浏览器标题: 用户登录 - 禅道]
2022-08-07 15:29:22 - base_page.py [line:93 - INFO - 浏览器的操作 - 退出浏览器]
2022-08-07 15:32:53 - browser.py [line:36 - INFO - 浏览器的操作 - 打开浏览器驱动:C:\Users\pelag\PycharmProjects\p17_code\src\zantao_ui_autotest_frame\drivers\chromedriver.exe]
2022-08-07 15:32:53 - selenium_base_case.py [line:14 - INFO - 浏览器的操作 - 测试用例类初始化]
2022-08-07 15:32:53 - selenium_base_case.py [line:27 - INFO - 浏览器的操作 - 测试用例类执行完成]
2022-08-07 15:32:53 - browser.py [line:36 - INFO - 浏览器的操作 - 打开浏览器驱动:C:\Users\pelag\PycharmProjects\p17_code\src\zantao_ui_autotest_frame\drivers\chromedriver.exe]
2022-08-07 15:32:53 - base_page.py [line:17 - INFO - 浏览器的操作 - 打开url地址: http://47.107.178.45/zentao/www/index.php?m=user&f=login]
2022-08-07 15:32:53 - base_page.py [line:21 - INFO - 浏览器的操作 - 浏览器最大化]
2022-08-07 15:32:53 - test_main_success.py [line:23 - INFO - 获取测试数据 - 期望结果: 用户登录]
2022-08-07 15:32:53 - base_page.py [line:65 - INFO - 获取测试数据 - 页面名称: login_page; 页面元素定位方式: id; 页面元素定位取值: account; 元素操作后等待时间: 1.0]
2022-08-07 15:32:53 - base_page.py [line:78 - INFO - 执行元素操作 - 输入文本 - 页面元素定位方式: id; 页面元素定位取值: account; 页面元素输入文本: test]
2022-08-07 15:32:53 - base_page.py [line:30 - INFO - 浏览器的操作 - 固定等待: 1.0秒钟]
2022-08-07 15:32:53 - base_page.py [line:65 - INFO - 获取测试数据 - 页面名称: login_page; 页面元素定位方式: name; 页面元素定位取值: password; 元素操作后等待时间: 1.0]
2022-08-07 15:32:53 - base_page.py [line:78 - INFO - 执行元素操作 - 输入文本 - 页面元素定位方式: name; 页面元素定位取值: password; 页面元素输入文本: newdream123]
2022-08-07 15:32:53 - base_page.py [line:30 - INFO - 浏览器的操作 - 固定等待: 1.0秒钟]
2022-08-07 15:32:53 - base_page.py [line:65 - INFO - 获取测试数据 - 页面名称: login_page; 页面元素定位方式: id; 页面元素定位取值: submit; 元素操作后等待时间: 1.0]
2022-08-07 15:32:53 - base_page.py [line:72 - INFO - 执行元素操作 - 点击元素 - 页面元素定位方式: id; 页面元素定位取值: submit]
2022-08-07 15:32:53 - base_page.py [line:30 - INFO - 浏览器的操作 - 固定等待: 1.0秒钟]
2022-08-07 15:32:53 - base_page.py [line:65 - INFO - 获取测试数据 - 页面名称: main_page; 页面元素定位方式: xpath; 页面元素定位取值: //a/span[text()=" 我的地盘"]; 元素操作后等待时间: 1.0]
2022-08-07 15:32:53 - base_page.py [line:72 - INFO - 执行元素操作 - 点击元素 - 页面元素定位方式: xpath; 页面元素定位取值: //a/span[text()=" 我的地盘"]]
2022-08-07 15:32:53 - base_page.py [line:30 - INFO - 浏览器的操作 - 固定等待: 1.0秒钟]
2022-08-07 15:32:53 - base_page.py [line:65 - INFO - 获取测试数据 - 页面名称: main_page; 页面元素定位方式: id; 页面元素定位取值: userNav; 元素操作后等待时间: 1.0]
2022-08-07 15:32:53 - base_page.py [line:72 - INFO - 执行元素操作 - 点击元素 - 页面元素定位方式: id; 页面元素定位取值: userNav]
2022-08-07 15:32:53 - base_page.py [line:30 - INFO - 浏览器的操作 - 固定等待: 1.0秒钟]
2022-08-07 15:32:53 - base_page.py [line:65 - INFO - 获取测试数据 - 页面名称: main_page; 页面元素定位方式: xpath; 页面元素定位取值: //a[@href="/zentao/www/index.php?m=user&f=logout"]; 元素操作后等待时间: 1.0]
2022-08-07 15:32:53 - base_page.py [line:72 - INFO - 执行元素操作 - 点击元素 - 页面元素定位方式: xpath; 页面元素定位取值: //a[@href="/zentao/www/index.php?m=user&f=logout"]]
2022-08-07 15:32:53 - base_page.py [line:30 - INFO - 浏览器的操作 - 固定等待: 1.0秒钟]
2022-08-07 15:32:53 - base_page.py [line:38 - INFO - 获取基本信息 - 浏览器标题: 用户登录 - 禅道]
2022-08-07 15:32:53 - base_page.py [line:93 - INFO - 浏览器的操作 - 退出浏览器]
2022-08-07 15:33:19 - browser.py [line:36 - INFO - 浏览器的操作 - 打开浏览器驱动:C:\Users\pelag\PycharmProjects\p17_code\src\zantao_ui_autotest_frame\drivers\chromedriver.exe]
2022-08-07 15:33:19 - selenium_base_case.py [line:14 - INFO - 浏览器的操作 - 测试用例类初始化]
2022-08-07 15:33:19 - base_page.py [line:17 - INFO - 浏览器的操作 - 打开url地址: http://47.107.178.45/zentao/www/index.php?m=user&f=login]
2022-08-07 15:33:19 - base_page.py [line:21 - INFO - 浏览器的操作 - 浏览器最大化]
2022-08-07 15:33:19 - base_page.py [line:65 - INFO - 获取测试数据 - 页面名称: login_page; 页面元素定位方式: id; 页面元素定位取值: account; 元素操作后等待时间: 1.0]
2022-08-07 15:33:19 - base_page.py [line:78 - INFO - 执行元素操作 - 输入文本 - 页面元素定位方式: id; 页面元素定位取值: account; 页面元素输入文本: test01]
2022-08-07 15:33:19 - base_page.py [line:30 - INFO - 浏览器的操作 - 固定等待: 1.0秒钟]
2022-08-07 15:33:19 - base_page.py [line:65 - INFO - 获取测试数据 - 页面名称: login_page; 页面元素定位方式: name; 页面元素定位取值: password; 元素操作后等待时间: 1.0]
2022-08-07 15:33:19 - base_page.py [line:78 - INFO - 执行元素操作 - 输入文本 - 页面元素定位方式: name; 页面元素定位取值: password; 页面元素输入文本: newdream123]
2022-08-07 15:33:19 - base_page.py [line:30 - INFO - 浏览器的操作 - 固定等待: 1.0秒钟]
2022-08-07 15:33:19 - base_page.py [line:65 - INFO - 获取测试数据 - 页面名称: login_page; 页面元素定位方式: id; 页面元素定位取值: submit; 元素操作后等待时间: 1.0]
2022-08-07 15:33:19 - base_page.py [line:72 - INFO - 执行元素操作 - 点击元素 - 页面元素定位方式: id; 页面元素定位取值: submit]
2022-08-07 15:33:19 - base_page.py [line:30 - INFO - 浏览器的操作 - 固定等待: 1.0秒钟]
2022-08-07 15:33:19 - base_page.py [line:93 - INFO - 浏览器的操作 - 退出浏览器]
2022-08-07 15:33:19 - selenium_base_case.py [line:27 - INFO - 浏览器的操作 - 测试用例类执行完成]
2022-08-07 15:33:19 - browser.py [line:36 - INFO - 浏览器的操作 - 打开浏览器驱动:C:\Users\pelag\PycharmProjects\p17_code\src\zantao_ui_autotest_frame\drivers\chromedriver.exe]
2022-08-07 15:33:19 - base_page.py [line:17 - INFO - 浏览器的操作 - 打开url地址: http://47.107.178.45/zentao/www/index.php?m=user&f=login]
2022-08-07 15:33:19 - base_page.py [line:21 - INFO - 浏览器的操作 - 浏览器最大化]
2022-08-07 15:33:19 - test_main_success.py [line:23 - INFO - 获取测试数据 - 期望结果: 用户登录]
2022-08-07 15:33:19 - base_page.py [line:65 - INFO - 获取测试数据 - 页面名称: login_page; 页面元素定位方式: id; 页面元素定位取值: account; 元素操作后等待时间: 1.0]
2022-08-07 15:33:19 - base_page.py [line:78 - INFO - 执行元素操作 - 输入文本 - 页面元素定位方式: id; 页面元素定位取值: account; 页面元素输入文本: test]
2022-08-07 15:33:19 - base_page.py [line:30 - INFO - 浏览器的操作 - 固定等待: 1.0秒钟]
2022-08-07 15:33:19 - base_page.py [line:65 - INFO - 获取测试数据 - 页面名称: login_page; 页面元素定位方式: name; 页面元素定位取值: password; 元素操作后等待时间: 1.0]
2022-08-07 15:33:19 - base_page.py [line:78 - INFO - 执行元素操作 - 输入文本 - 页面元素定位方式: name; 页面元素定位取值: password; 页面元素输入文本: newdream123]
2022-08-07 15:33:19 - base_page.py [line:30 - INFO - 浏览器的操作 - 固定等待: 1.0秒钟]
2022-08-07 15:33:19 - base_page.py [line:65 - INFO - 获取测试数据 - 页面名称: login_page; 页面元素定位方式: id; 页面元素定位取值: submit; 元素操作后等待时间: 1.0]
2022-08-07 15:33:19 - base_page.py [line:72 - INFO - 执行元素操作 - 点击元素 - 页面元素定位方式: id; 页面元素定位取值: submit]
2022-08-07 15:33:19 - base_page.py [line:30 - INFO - 浏览器的操作 - 固定等待: 1.0秒钟]
2022-08-07 15:33:19 - base_page.py [line:65 - INFO - 获取测试数据 - 页面名称: main_page; 页面元素定位方式: xpath; 页面元素定位取值: //a/span[text()=" 我的地盘"]; 元素操作后等待时间: 1.0]
2022-08-07 15:33:19 - base_page.py [line:72 - INFO - 执行元素操作 - 点击元素 - 页面元素定位方式: xpath; 页面元素定位取值: //a/span[text()=" 我的地盘"]]
2022-08-07 15:33:19 - base_page.py [line:30 - INFO - 浏览器的操作 - 固定等待: 1.0秒钟]
2022-08-07 15:33:19 - base_page.py [line:65 - INFO - 获取测试数据 - 页面名称: main_page; 页面元素定位方式: id; 页面元素定位取值: userNav; 元素操作后等待时间: 1.0]
2022-08-07 15:33:19 - base_page.py [line:72 - INFO - 执行元素操作 - 点击元素 - 页面元素定位方式: id; 页面元素定位取值: userNav]
2022-08-07 15:33:19 - base_page.py [line:30 - INFO - 浏览器的操作 - 固定等待: 1.0秒钟]
2022-08-07 15:33:19 - base_page.py [line:65 - INFO - 获取测试数据 - 页面名称: main_page; 页面元素定位方式: xpath; 页面元素定位取值: //a[@href="/zentao/www/index.php?m=user&f=logout"]; 元素操作后等待时间: 1.0]
2022-08-07 15:33:19 - base_page.py [line:72 - INFO - 执行元素操作 - 点击元素 - 页面元素定位方式: xpath; 页面元素定位取值: //a[@href="/zentao/www/index.php?m=user&f=logout"]]
2022-08-07 15:33:19 - base_page.py [line:30 - INFO - 浏览器的操作 - 固定等待: 1.0秒钟]
2022-08-07 15:33:19 - base_page.py [line:38 - INFO - 获取基本信息 - 浏览器标题: 用户登录 - 禅道]
2022-08-07 15:33:19 - base_page.py [line:93 - INFO - 浏览器的操作 - 退出浏览器]
2022-08-07 15:34:09 - browser.py [line:36 - INFO - 浏览器的操作 - 打开浏览器驱动:C:\Users\pelag\PycharmProjects\p17_code\src\zantao_ui_autotest_frame\drivers\chromedriver.exe]
2022-08-07 15:34:09 - selenium_base_case.py [line:14 - INFO - 浏览器的操作 - 测试用例类初始化]
2022-08-07 15:34:09 - base_page.py [line:17 - INFO - 浏览器的操作 - 打开url地址: http://47.107.178.45/zentao/www/index.php?m=user&f=login]
2022-08-07 15:34:09 - base_page.py [line:21 - INFO - 浏览器的操作 - 浏览器最大化]
2022-08-07 15:34:09 - base_page.py [line:65 - INFO - 获取测试数据 - 页面名称: login_page; 页面元素定位方式: id; 页面元素定位取值: account; 元素操作后等待时间: 1.0]
2022-08-07 15:34:09 - base_page.py [line:78 - INFO - 执行元素操作 - 输入文本 - 页面元素定位方式: id; 页面元素定位取值: account; 页面元素输入文本: test01]
2022-08-07 15:34:09 - base_page.py [line:30 - INFO - 浏览器的操作 - 固定等待: 1.0秒钟]
2022-08-07 15:34:09 - base_page.py [line:65 - INFO - 获取测试数据 - 页面名称: login_page; 页面元素定位方式: name; 页面元素定位取值: password; 元素操作后等待时间: 1.0]
2022-08-07 15:34:09 - base_page.py [line:78 - INFO - 执行元素操作 - 输入文本 - 页面元素定位方式: name; 页面元素定位取值: password; 页面元素输入文本: newdream123]
2022-08-07 15:34:09 - base_page.py [line:30 - INFO - 浏览器的操作 - 固定等待: 1.0秒钟]
2022-08-07 15:34:09 - base_page.py [line:65 - INFO - 获取测试数据 - 页面名称: login_page; 页面元素定位方式: id; 页面元素定位取值: submit; 元素操作后等待时间: 1.0]
2022-08-07 15:34:09 - base_page.py [line:72 - INFO - 执行元素操作 - 点击元素 - 页面元素定位方式: id; 页面元素定位取值: submit]
2022-08-07 15:34:09 - base_page.py [line:30 - INFO - 浏览器的操作 - 固定等待: 1.0秒钟]
2022-08-07 15:34:09 - base_page.py [line:93 - INFO - 浏览器的操作 - 退出浏览器]
2022-08-07 15:34:09 - selenium_base_case.py [line:27 - INFO - 浏览器的操作 - 测试用例类执行完成]
2022-08-07 15:34:09 - connectionpool.py [line:810 - WARNING - Retrying (Retry(total=2, connect=None, read=None, redirect=None, status=None)) after connection broken by 'NewConnectionError('<urllib3.connection.HTTPConnection object at 0x000002085598BB20>: Failed to establish a new connection: [WinError 10061] 由于目标计算机积极拒绝，无法连接。')': /session/74df4e7649c866032f19764ba0ea3df8/url]
2022-08-07 15:34:09 - connectionpool.py [line:810 - WARNING - Retrying (Retry(total=1, connect=None, read=None, redirect=None, status=None)) after connection broken by 'NewConnectionError('<urllib3.connection.HTTPConnection object at 0x0000020855995670>: Failed to establish a new connection: [WinError 10061] 由于目标计算机积极拒绝，无法连接。')': /session/74df4e7649c866032f19764ba0ea3df8/url]
2022-08-07 15:34:09 - connectionpool.py [line:810 - WARNING - Retrying (Retry(total=0, connect=None, read=None, redirect=None, status=None)) after connection broken by 'NewConnectionError('<urllib3.connection.HTTPConnection object at 0x00000208559A32E0>: Failed to establish a new connection: [WinError 10061] 由于目标计算机积极拒绝，无法连接。')': /session/74df4e7649c866032f19764ba0ea3df8/url]
2022-08-07 15:35:23 - browser.py [line:36 - INFO - 浏览器的操作 - 打开浏览器驱动:C:\Users\pelag\PycharmProjects\p17_code\src\zantao_ui_autotest_frame\drivers\chromedriver.exe]
2022-08-07 15:35:23 - selenium_base_case.py [line:14 - INFO - 浏览器的操作 - 测试用例类初始化]
2022-08-07 15:35:23 - base_page.py [line:17 - INFO - 浏览器的操作 - 打开url地址: http://47.107.178.45/zentao/www/index.php?m=user&f=login]
2022-08-07 15:35:23 - base_page.py [line:21 - INFO - 浏览器的操作 - 浏览器最大化]
2022-08-07 15:35:23 - base_page.py [line:65 - INFO - 获取测试数据 - 页面名称: login_page; 页面元素定位方式: id; 页面元素定位取值: account; 元素操作后等待时间: 1.0]
2022-08-07 15:35:23 - base_page.py [line:78 - INFO - 执行元素操作 - 输入文本 - 页面元素定位方式: id; 页面元素定位取值: account; 页面元素输入文本: test01]
2022-08-07 15:35:23 - base_page.py [line:30 - INFO - 浏览器的操作 - 固定等待: 1.0秒钟]
2022-08-07 15:35:23 - base_page.py [line:65 - INFO - 获取测试数据 - 页面名称: login_page; 页面元素定位方式: name; 页面元素定位取值: password; 元素操作后等待时间: 1.0]
2022-08-07 15:35:23 - base_page.py [line:78 - INFO - 执行元素操作 - 输入文本 - 页面元素定位方式: name; 页面元素定位取值: password; 页面元素输入文本: newdream123]
2022-08-07 15:35:23 - base_page.py [line:30 - INFO - 浏览器的操作 - 固定等待: 1.0秒钟]
2022-08-07 15:35:23 - base_page.py [line:65 - INFO - 获取测试数据 - 页面名称: login_page; 页面元素定位方式: id; 页面元素定位取值: submit; 元素操作后等待时间: 1.0]
2022-08-07 15:35:23 - base_page.py [line:72 - INFO - 执行元素操作 - 点击元素 - 页面元素定位方式: id; 页面元素定位取值: submit]
2022-08-07 15:35:23 - base_page.py [line:30 - INFO - 浏览器的操作 - 固定等待: 1.0秒钟]
2022-08-07 15:35:23 - base_page.py [line:93 - INFO - 浏览器的操作 - 退出浏览器]
2022-08-07 15:35:23 - selenium_base_case.py [line:27 - INFO - 浏览器的操作 - 测试用例类执行完成]
2022-08-07 15:35:23 - browser.py [line:36 - INFO - 浏览器的操作 - 打开浏览器驱动:C:\Users\pelag\PycharmProjects\p17_code\src\zantao_ui_autotest_frame\drivers\chromedriver.exe]
2022-08-07 15:35:23 - base_page.py [line:17 - INFO - 浏览器的操作 - 打开url地址: http://47.107.178.45/zentao/www/index.php?m=user&f=login]
2022-08-07 15:35:23 - base_page.py [line:21 - INFO - 浏览器的操作 - 浏览器最大化]
2022-08-07 15:35:23 - test_main_success.py [line:23 - INFO - 获取测试数据 - 期望结果: 用户登录]
2022-08-07 15:35:23 - base_page.py [line:65 - INFO - 获取测试数据 - 页面名称: login_page; 页面元素定位方式: id; 页面元素定位取值: account; 元素操作后等待时间: 1.0]
2022-08-07 15:35:23 - base_page.py [line:78 - INFO - 执行元素操作 - 输入文本 - 页面元素定位方式: id; 页面元素定位取值: account; 页面元素输入文本: test]
2022-08-07 15:35:23 - base_page.py [line:30 - INFO - 浏览器的操作 - 固定等待: 1.0秒钟]
2022-08-07 15:35:23 - base_page.py [line:65 - INFO - 获取测试数据 - 页面名称: login_page; 页面元素定位方式: name; 页面元素定位取值: password; 元素操作后等待时间: 1.0]
2022-08-07 15:35:23 - base_page.py [line:78 - INFO - 执行元素操作 - 输入文本 - 页面元素定位方式: name; 页面元素定位取值: password; 页面元素输入文本: newdream123]
2022-08-07 15:35:23 - base_page.py [line:30 - INFO - 浏览器的操作 - 固定等待: 1.0秒钟]
2022-08-07 15:35:23 - base_page.py [line:65 - INFO - 获取测试数据 - 页面名称: login_page; 页面元素定位方式: id; 页面元素定位取值: submit; 元素操作后等待时间: 1.0]
2022-08-07 15:35:23 - base_page.py [line:72 - INFO - 执行元素操作 - 点击元素 - 页面元素定位方式: id; 页面元素定位取值: submit]
2022-08-07 15:35:23 - base_page.py [line:30 - INFO - 浏览器的操作 - 固定等待: 1.0秒钟]
2022-08-07 15:35:23 - base_page.py [line:65 - INFO - 获取测试数据 - 页面名称: main_page; 页面元素定位方式: xpath; 页面元素定位取值: //a/span[text()=" 我的地盘"]; 元素操作后等待时间: 1.0]
2022-08-07 15:35:23 - base_page.py [line:72 - INFO - 执行元素操作 - 点击元素 - 页面元素定位方式: xpath; 页面元素定位取值: //a/span[text()=" 我的地盘"]]
2022-08-07 15:35:23 - base_page.py [line:30 - INFO - 浏览器的操作 - 固定等待: 1.0秒钟]
2022-08-07 15:35:23 - base_page.py [line:65 - INFO - 获取测试数据 - 页面名称: main_page; 页面元素定位方式: id; 页面元素定位取值: userNav; 元素操作后等待时间: 1.0]
2022-08-07 15:35:23 - base_page.py [line:72 - INFO - 执行元素操作 - 点击元素 - 页面元素定位方式: id; 页面元素定位取值: userNav]
2022-08-07 15:35:23 - base_page.py [line:30 - INFO - 浏览器的操作 - 固定等待: 1.0秒钟]
2022-08-07 15:35:23 - base_page.py [line:65 - INFO - 获取测试数据 - 页面名称: main_page; 页面元素定位方式: xpath; 页面元素定位取值: //a[@href="/zentao/www/index.php?m=user&f=logout"]; 元素操作后等待时间: 1.0]
2022-08-07 15:35:23 - base_page.py [line:72 - INFO - 执行元素操作 - 点击元素 - 页面元素定位方式: xpath; 页面元素定位取值: //a[@href="/zentao/www/index.php?m=user&f=logout"]]
2022-08-07 15:35:23 - base_page.py [line:30 - INFO - 浏览器的操作 - 固定等待: 1.0秒钟]
2022-08-07 15:35:23 - base_page.py [line:38 - INFO - 获取基本信息 - 浏览器标题: 用户登录 - 禅道]
2022-08-07 15:35:23 - base_page.py [line:93 - INFO - 浏览器的操作 - 退出浏览器]
2022-08-07 15:36:09 - browser.py [line:36 - INFO - 浏览器的操作 - 打开浏览器驱动:C:\Users\pelag\PycharmProjects\p17_code\src\zantao_ui_autotest_frame\drivers\chromedriver.exe]
2022-08-07 15:36:09 - selenium_base_case.py [line:14 - INFO - 浏览器的操作 - 测试用例类初始化]
2022-08-07 15:36:09 - browser.py [line:36 - INFO - 浏览器的操作 - 打开浏览器驱动:C:\Users\pelag\PycharmProjects\p17_code\src\zantao_ui_autotest_frame\drivers\chromedriver.exe]
2022-08-07 15:36:09 - base_page.py [line:17 - INFO - 浏览器的操作 - 打开url地址: http://47.107.178.45/zentao/www/index.php?m=user&f=login]
2022-08-07 15:36:09 - base_page.py [line:21 - INFO - 浏览器的操作 - 浏览器最大化]
2022-08-07 15:36:09 - base_page.py [line:65 - INFO - 获取测试数据 - 页面名称: login_page; 页面元素定位方式: id; 页面元素定位取值: account; 元素操作后等待时间: 1.0]
2022-08-07 15:36:09 - base_page.py [line:78 - INFO - 执行元素操作 - 输入文本 - 页面元素定位方式: id; 页面元素定位取值: account; 页面元素输入文本: test01]
2022-08-07 15:36:09 - base_page.py [line:30 - INFO - 浏览器的操作 - 固定等待: 1.0秒钟]
2022-08-07 15:36:09 - base_page.py [line:65 - INFO - 获取测试数据 - 页面名称: login_page; 页面元素定位方式: name; 页面元素定位取值: password; 元素操作后等待时间: 1.0]
2022-08-07 15:36:09 - base_page.py [line:78 - INFO - 执行元素操作 - 输入文本 - 页面元素定位方式: name; 页面元素定位取值: password; 页面元素输入文本: newdream123]
2022-08-07 15:36:09 - base_page.py [line:30 - INFO - 浏览器的操作 - 固定等待: 1.0秒钟]
2022-08-07 15:36:09 - base_page.py [line:65 - INFO - 获取测试数据 - 页面名称: login_page; 页面元素定位方式: id; 页面元素定位取值: submit; 元素操作后等待时间: 1.0]
2022-08-07 15:36:09 - base_page.py [line:72 - INFO - 执行元素操作 - 点击元素 - 页面元素定位方式: id; 页面元素定位取值: submit]
2022-08-07 15:36:09 - base_page.py [line:30 - INFO - 浏览器的操作 - 固定等待: 1.0秒钟]
2022-08-07 15:36:09 - base_page.py [line:93 - INFO - 浏览器的操作 - 退出浏览器]
2022-08-07 15:36:09 - selenium_base_case.py [line:27 - INFO - 浏览器的操作 - 测试用例类执行完成]
2022-08-07 15:36:09 - browser.py [line:36 - INFO - 浏览器的操作 - 打开浏览器驱动:C:\Users\pelag\PycharmProjects\p17_code\src\zantao_ui_autotest_frame\drivers\chromedriver.exe]
2022-08-07 15:36:09 - base_page.py [line:17 - INFO - 浏览器的操作 - 打开url地址: http://47.107.178.45/zentao/www/index.php?m=user&f=login]
2022-08-07 15:36:09 - base_page.py [line:21 - INFO - 浏览器的操作 - 浏览器最大化]
2022-08-07 15:36:09 - test_main_success.py [line:23 - INFO - 获取测试数据 - 期望结果: 用户登录]
2022-08-07 15:36:09 - base_page.py [line:65 - INFO - 获取测试数据 - 页面名称: login_page; 页面元素定位方式: id; 页面元素定位取值: account; 元素操作后等待时间: 1.0]
2022-08-07 15:36:09 - base_page.py [line:78 - INFO - 执行元素操作 - 输入文本 - 页面元素定位方式: id; 页面元素定位取值: account; 页面元素输入文本: test]
2022-08-07 15:36:09 - base_page.py [line:30 - INFO - 浏览器的操作 - 固定等待: 1.0秒钟]
2022-08-07 15:36:09 - base_page.py [line:65 - INFO - 获取测试数据 - 页面名称: login_page; 页面元素定位方式: name; 页面元素定位取值: password; 元素操作后等待时间: 1.0]
2022-08-07 15:36:09 - base_page.py [line:78 - INFO - 执行元素操作 - 输入文本 - 页面元素定位方式: name; 页面元素定位取值: password; 页面元素输入文本: newdream123]
2022-08-07 15:36:09 - base_page.py [line:30 - INFO - 浏览器的操作 - 固定等待: 1.0秒钟]
2022-08-07 15:36:09 - base_page.py [line:65 - INFO - 获取测试数据 - 页面名称: login_page; 页面元素定位方式: id; 页面元素定位取值: submit; 元素操作后等待时间: 1.0]
2022-08-07 15:36:09 - base_page.py [line:72 - INFO - 执行元素操作 - 点击元素 - 页面元素定位方式: id; 页面元素定位取值: submit]
2022-08-07 15:36:09 - base_page.py [line:30 - INFO - 浏览器的操作 - 固定等待: 1.0秒钟]
2022-08-07 15:36:09 - base_page.py [line:65 - INFO - 获取测试数据 - 页面名称: main_page; 页面元素定位方式: xpath; 页面元素定位取值: //a/span[text()=" 我的地盘"]; 元素操作后等待时间: 1.0]
2022-08-07 15:36:09 - base_page.py [line:72 - INFO - 执行元素操作 - 点击元素 - 页面元素定位方式: xpath; 页面元素定位取值: //a/span[text()=" 我的地盘"]]
2022-08-07 15:36:09 - base_page.py [line:30 - INFO - 浏览器的操作 - 固定等待: 1.0秒钟]
2022-08-07 15:36:09 - base_page.py [line:65 - INFO - 获取测试数据 - 页面名称: main_page; 页面元素定位方式: id; 页面元素定位取值: userNav; 元素操作后等待时间: 1.0]
2022-08-07 15:36:09 - base_page.py [line:72 - INFO - 执行元素操作 - 点击元素 - 页面元素定位方式: id; 页面元素定位取值: userNav]
2022-08-07 15:36:09 - base_page.py [line:30 - INFO - 浏览器的操作 - 固定等待: 1.0秒钟]
2022-08-07 15:36:09 - base_page.py [line:65 - INFO - 获取测试数据 - 页面名称: main_page; 页面元素定位方式: xpath; 页面元素定位取值: //a[@href="/zentao/www/index.php?m=user&f=logout"]; 元素操作后等待时间: 1.0]
2022-08-07 15:36:09 - base_page.py [line:72 - INFO - 执行元素操作 - 点击元素 - 页面元素定位方式: xpath; 页面元素定位取值: //a[@href="/zentao/www/index.php?m=user&f=logout"]]
2022-08-07 15:36:09 - base_page.py [line:30 - INFO - 浏览器的操作 - 固定等待: 1.0秒钟]
2022-08-07 15:36:09 - base_page.py [line:38 - INFO - 获取基本信息 - 浏览器标题: 用户登录 - 禅道]
2022-08-07 15:36:09 - base_page.py [line:93 - INFO - 浏览器的操作 - 退出浏览器]
2022-08-07 15:37:51 - selenium_base_case.py [line:14 - INFO - 浏览器的操作 - 测试用例类初始化]
2022-08-07 15:37:51 - browser.py [line:36 - INFO - 浏览器的操作 - 打开浏览器驱动:C:\Users\pelag\PycharmProjects\p17_code\src\zantao_ui_autotest_frame\drivers\chromedriver.exe]
2022-08-07 15:37:51 - base_page.py [line:17 - INFO - 浏览器的操作 - 打开url地址: http://47.107.178.45/zentao/www/index.php?m=user&f=login]
2022-08-07 15:37:51 - base_page.py [line:21 - INFO - 浏览器的操作 - 浏览器最大化]
2022-08-07 15:37:51 - base_page.py [line:65 - INFO - 获取测试数据 - 页面名称: login_page; 页面元素定位方式: id; 页面元素定位取值: account; 元素操作后等待时间: 1.0]
2022-08-07 15:37:51 - base_page.py [line:78 - INFO - 执行元素操作 - 输入文本 - 页面元素定位方式: id; 页面元素定位取值: account; 页面元素输入文本: test01]
2022-08-07 15:37:51 - base_page.py [line:30 - INFO - 浏览器的操作 - 固定等待: 1.0秒钟]
2022-08-07 15:37:51 - base_page.py [line:65 - INFO - 获取测试数据 - 页面名称: login_page; 页面元素定位方式: name; 页面元素定位取值: password; 元素操作后等待时间: 1.0]
2022-08-07 15:37:51 - base_page.py [line:78 - INFO - 执行元素操作 - 输入文本 - 页面元素定位方式: name; 页面元素定位取值: password; 页面元素输入文本: newdream123]
2022-08-07 15:37:51 - base_page.py [line:30 - INFO - 浏览器的操作 - 固定等待: 1.0秒钟]
2022-08-07 15:37:51 - base_page.py [line:65 - INFO - 获取测试数据 - 页面名称: login_page; 页面元素定位方式: id; 页面元素定位取值: submit; 元素操作后等待时间: 1.0]
2022-08-07 15:37:51 - base_page.py [line:72 - INFO - 执行元素操作 - 点击元素 - 页面元素定位方式: id; 页面元素定位取值: submit]
2022-08-07 15:37:51 - base_page.py [line:30 - INFO - 浏览器的操作 - 固定等待: 1.0秒钟]
2022-08-07 15:37:51 - base_page.py [line:93 - INFO - 浏览器的操作 - 退出浏览器]
2022-08-07 15:37:51 - selenium_base_case.py [line:27 - INFO - 浏览器的操作 - 测试用例类执行完成]
2022-08-07 15:37:51 - selenium_base_case.py [line:14 - INFO - 浏览器的操作 - 测试用例类初始化]
2022-08-07 15:37:51 - browser.py [line:36 - INFO - 浏览器的操作 - 打开浏览器驱动:C:\Users\pelag\PycharmProjects\p17_code\src\zantao_ui_autotest_frame\drivers\chromedriver.exe]
2022-08-07 15:37:51 - base_page.py [line:17 - INFO - 浏览器的操作 - 打开url地址: http://47.107.178.45/zentao/www/index.php?m=user&f=login]
2022-08-07 15:37:51 - base_page.py [line:21 - INFO - 浏览器的操作 - 浏览器最大化]
2022-08-07 15:37:51 - test_main_success.py [line:23 - INFO - 获取测试数据 - 期望结果: 用户登录]
2022-08-07 15:37:51 - base_page.py [line:65 - INFO - 获取测试数据 - 页面名称: login_page; 页面元素定位方式: id; 页面元素定位取值: account; 元素操作后等待时间: 1.0]
2022-08-07 15:37:51 - base_page.py [line:78 - INFO - 执行元素操作 - 输入文本 - 页面元素定位方式: id; 页面元素定位取值: account; 页面元素输入文本: test]
2022-08-07 15:37:51 - base_page.py [line:30 - INFO - 浏览器的操作 - 固定等待: 1.0秒钟]
2022-08-07 15:37:51 - base_page.py [line:65 - INFO - 获取测试数据 - 页面名称: login_page; 页面元素定位方式: name; 页面元素定位取值: password; 元素操作后等待时间: 1.0]
2022-08-07 15:37:51 - base_page.py [line:78 - INFO - 执行元素操作 - 输入文本 - 页面元素定位方式: name; 页面元素定位取值: password; 页面元素输入文本: newdream123]
2022-08-07 15:37:51 - base_page.py [line:30 - INFO - 浏览器的操作 - 固定等待: 1.0秒钟]
2022-08-07 15:37:51 - base_page.py [line:65 - INFO - 获取测试数据 - 页面名称: login_page; 页面元素定位方式: id; 页面元素定位取值: submit; 元素操作后等待时间: 1.0]
2022-08-07 15:37:51 - base_page.py [line:72 - INFO - 执行元素操作 - 点击元素 - 页面元素定位方式: id; 页面元素定位取值: submit]
2022-08-07 15:37:51 - base_page.py [line:30 - INFO - 浏览器的操作 - 固定等待: 1.0秒钟]
2022-08-07 15:37:51 - base_page.py [line:65 - INFO - 获取测试数据 - 页面名称: main_page; 页面元素定位方式: xpath; 页面元素定位取值: //a/span[text()=" 我的地盘"]; 元素操作后等待时间: 1.0]
2022-08-07 15:37:51 - base_page.py [line:72 - INFO - 执行元素操作 - 点击元素 - 页面元素定位方式: xpath; 页面元素定位取值: //a/span[text()=" 我的地盘"]]
2022-08-07 15:37:51 - base_page.py [line:30 - INFO - 浏览器的操作 - 固定等待: 1.0秒钟]
2022-08-07 15:37:51 - base_page.py [line:65 - INFO - 获取测试数据 - 页面名称: main_page; 页面元素定位方式: id; 页面元素定位取值: userNav; 元素操作后等待时间: 1.0]
2022-08-07 15:37:51 - base_page.py [line:72 - INFO - 执行元素操作 - 点击元素 - 页面元素定位方式: id; 页面元素定位取值: userNav]
2022-08-07 15:37:51 - base_page.py [line:30 - INFO - 浏览器的操作 - 固定等待: 1.0秒钟]
2022-08-07 15:37:51 - base_page.py [line:65 - INFO - 获取测试数据 - 页面名称: main_page; 页面元素定位方式: xpath; 页面元素定位取值: //a[@href="/zentao/www/index.php?m=user&f=logout"]; 元素操作后等待时间: 1.0]
2022-08-07 15:37:51 - base_page.py [line:72 - INFO - 执行元素操作 - 点击元素 - 页面元素定位方式: xpath; 页面元素定位取值: //a[@href="/zentao/www/index.php?m=user&f=logout"]]
2022-08-07 15:37:51 - base_page.py [line:30 - INFO - 浏览器的操作 - 固定等待: 1.0秒钟]
2022-08-07 15:37:51 - base_page.py [line:38 - INFO - 获取基本信息 - 浏览器标题: 用户登录 - 禅道]
2022-08-07 15:37:51 - base_page.py [line:93 - INFO - 浏览器的操作 - 退出浏览器]
2022-08-07 15:37:51 - selenium_base_case.py [line:27 - INFO - 浏览器的操作 - 测试用例类执行完成]
2022-08-07 15:39:38 - selenium_base_case.py [line:14 - INFO - 浏览器的操作 - 测试用例类初始化]
2022-08-07 15:39:38 - selenium_base_case.py [line:26 - INFO - 浏览器的操作 - 测试用例类执行完成]
2022-08-07 15:39:38 - selenium_base_case.py [line:14 - INFO - 浏览器的操作 - 测试用例类初始化]
2022-08-07 15:39:38 - test_main_success.py [line:20 - INFO - 获取测试数据 - 期望结果: 用户登录]
2022-08-07 15:39:38 - selenium_base_case.py [line:26 - INFO - 浏览器的操作 - 测试用例类执行完成]
2022-08-07 15:40:25 - selenium_base_case.py [line:14 - INFO - 浏览器的操作 - 测试用例类初始化]
2022-08-07 15:40:25 - selenium_base_case.py [line:26 - INFO - 浏览器的操作 - 测试用例类执行完成]
2022-08-07 15:40:25 - selenium_base_case.py [line:14 - INFO - 浏览器的操作 - 测试用例类初始化]
2022-08-07 15:40:25 - test_main_success.py [line:20 - INFO - 获取测试数据 - 期望结果: 用户登录]
2022-08-07 15:40:25 - selenium_base_case.py [line:26 - INFO - 浏览器的操作 - 测试用例类执行完成]
2022-08-07 15:41:08 - selenium_base_case.py [line:14 - INFO - 浏览器的操作 - 测试用例类初始化]
2022-08-07 15:41:08 - browser.py [line:36 - INFO - 浏览器的操作 - 打开浏览器驱动:C:\Users\pelag\PycharmProjects\p17_code\src\zantao_ui_autotest_frame\drivers\chromedriver.exe]
2022-08-07 15:41:08 - base_page.py [line:17 - INFO - 浏览器的操作 - 打开url地址: http://47.107.178.45/zentao/www/index.php?m=user&f=login]
2022-08-07 15:41:08 - base_page.py [line:21 - INFO - 浏览器的操作 - 浏览器最大化]
2022-08-07 15:41:08 - base_page.py [line:65 - INFO - 获取测试数据 - 页面名称: login_page; 页面元素定位方式: id; 页面元素定位取值: account; 元素操作后等待时间: 1.0]
2022-08-07 15:41:08 - base_page.py [line:78 - INFO - 执行元素操作 - 输入文本 - 页面元素定位方式: id; 页面元素定位取值: account; 页面元素输入文本: test01]
2022-08-07 15:41:08 - base_page.py [line:30 - INFO - 浏览器的操作 - 固定等待: 1.0秒钟]
2022-08-07 15:41:08 - base_page.py [line:65 - INFO - 获取测试数据 - 页面名称: login_page; 页面元素定位方式: name; 页面元素定位取值: password; 元素操作后等待时间: 1.0]
2022-08-07 15:41:08 - base_page.py [line:78 - INFO - 执行元素操作 - 输入文本 - 页面元素定位方式: name; 页面元素定位取值: password; 页面元素输入文本: newdream123]
2022-08-07 15:41:08 - base_page.py [line:30 - INFO - 浏览器的操作 - 固定等待: 1.0秒钟]
2022-08-07 15:41:08 - base_page.py [line:65 - INFO - 获取测试数据 - 页面名称: login_page; 页面元素定位方式: id; 页面元素定位取值: submit; 元素操作后等待时间: 1.0]
2022-08-07 15:41:08 - base_page.py [line:72 - INFO - 执行元素操作 - 点击元素 - 页面元素定位方式: id; 页面元素定位取值: submit]
2022-08-07 15:41:08 - base_page.py [line:30 - INFO - 浏览器的操作 - 固定等待: 1.0秒钟]
2022-08-07 15:41:08 - base_page.py [line:93 - INFO - 浏览器的操作 - 退出浏览器]
2022-08-07 15:41:08 - selenium_base_case.py [line:26 - INFO - 浏览器的操作 - 测试用例类执行完成]
2022-08-07 15:41:08 - selenium_base_case.py [line:14 - INFO - 浏览器的操作 - 测试用例类初始化]
2022-08-07 15:41:08 - browser.py [line:36 - INFO - 浏览器的操作 - 打开浏览器驱动:C:\Users\pelag\PycharmProjects\p17_code\src\zantao_ui_autotest_frame\drivers\chromedriver.exe]
2022-08-07 15:41:08 - base_page.py [line:17 - INFO - 浏览器的操作 - 打开url地址: http://47.107.178.45/zentao/www/index.php?m=user&f=login]
2022-08-07 15:41:08 - base_page.py [line:21 - INFO - 浏览器的操作 - 浏览器最大化]
2022-08-07 15:41:08 - test_main_success.py [line:21 - INFO - 获取测试数据 - 期望结果: 用户登录]
2022-08-07 15:41:08 - base_page.py [line:65 - INFO - 获取测试数据 - 页面名称: login_page; 页面元素定位方式: id; 页面元素定位取值: account; 元素操作后等待时间: 1.0]
2022-08-07 15:41:08 - base_page.py [line:78 - INFO - 执行元素操作 - 输入文本 - 页面元素定位方式: id; 页面元素定位取值: account; 页面元素输入文本: test]
2022-08-07 15:41:08 - base_page.py [line:30 - INFO - 浏览器的操作 - 固定等待: 1.0秒钟]
2022-08-07 15:41:08 - base_page.py [line:65 - INFO - 获取测试数据 - 页面名称: login_page; 页面元素定位方式: name; 页面元素定位取值: password; 元素操作后等待时间: 1.0]
2022-08-07 15:41:08 - base_page.py [line:78 - INFO - 执行元素操作 - 输入文本 - 页面元素定位方式: name; 页面元素定位取值: password; 页面元素输入文本: newdream123]
2022-08-07 15:41:08 - base_page.py [line:30 - INFO - 浏览器的操作 - 固定等待: 1.0秒钟]
2022-08-07 15:41:08 - base_page.py [line:65 - INFO - 获取测试数据 - 页面名称: login_page; 页面元素定位方式: id; 页面元素定位取值: submit; 元素操作后等待时间: 1.0]
2022-08-07 15:41:08 - base_page.py [line:72 - INFO - 执行元素操作 - 点击元素 - 页面元素定位方式: id; 页面元素定位取值: submit]
2022-08-07 15:41:08 - base_page.py [line:30 - INFO - 浏览器的操作 - 固定等待: 1.0秒钟]
2022-08-07 15:41:08 - base_page.py [line:65 - INFO - 获取测试数据 - 页面名称: main_page; 页面元素定位方式: xpath; 页面元素定位取值: //a/span[text()=" 我的地盘"]; 元素操作后等待时间: 1.0]
2022-08-07 15:41:08 - base_page.py [line:72 - INFO - 执行元素操作 - 点击元素 - 页面元素定位方式: xpath; 页面元素定位取值: //a/span[text()=" 我的地盘"]]
2022-08-07 15:41:08 - base_page.py [line:30 - INFO - 浏览器的操作 - 固定等待: 1.0秒钟]
2022-08-07 15:41:08 - base_page.py [line:65 - INFO - 获取测试数据 - 页面名称: main_page; 页面元素定位方式: id; 页面元素定位取值: userNav; 元素操作后等待时间: 1.0]
2022-08-07 15:41:08 - base_page.py [line:72 - INFO - 执行元素操作 - 点击元素 - 页面元素定位方式: id; 页面元素定位取值: userNav]
2022-08-07 15:41:08 - base_page.py [line:30 - INFO - 浏览器的操作 - 固定等待: 1.0秒钟]
2022-08-07 15:41:08 - base_page.py [line:65 - INFO - 获取测试数据 - 页面名称: main_page; 页面元素定位方式: xpath; 页面元素定位取值: //a[@href="/zentao/www/index.php?m=user&f=logout"]; 元素操作后等待时间: 1.0]
2022-08-07 15:41:08 - base_page.py [line:72 - INFO - 执行元素操作 - 点击元素 - 页面元素定位方式: xpath; 页面元素定位取值: //a[@href="/zentao/www/index.php?m=user&f=logout"]]
2022-08-07 15:41:08 - base_page.py [line:30 - INFO - 浏览器的操作 - 固定等待: 1.0秒钟]
2022-08-07 15:41:08 - base_page.py [line:38 - INFO - 获取基本信息 - 浏览器标题: 用户登录 - 禅道]
2022-08-07 15:41:08 - base_page.py [line:93 - INFO - 浏览器的操作 - 退出浏览器]
2022-08-07 15:41:08 - selenium_base_case.py [line:26 - INFO - 浏览器的操作 - 测试用例类执行完成]
2022-08-07 15:43:45 - selenium_base_case.py [line:14 - INFO - 浏览器的操作 - 测试用例类初始化]
2022-08-07 15:43:45 - browser.py [line:36 - INFO - 浏览器的操作 - 打开浏览器驱动:C:\Users\pelag\PycharmProjects\p17_code\src\zantao_ui_autotest_frame\drivers\chromedriver.exe]
2022-08-07 15:43:45 - base_page.py [line:17 - INFO - 浏览器的操作 - 打开url地址: http://47.107.178.45/zentao/www/index.php?m=user&f=login]
2022-08-07 15:43:45 - base_page.py [line:21 - INFO - 浏览器的操作 - 浏览器最大化]
2022-08-07 15:43:45 - base_page.py [line:65 - INFO - 获取测试数据 - 页面名称: login_page; 页面元素定位方式: id; 页面元素定位取值: account; 元素操作后等待时间: 1.0]
2022-08-07 15:43:45 - base_page.py [line:78 - INFO - 执行元素操作 - 输入文本 - 页面元素定位方式: id; 页面元素定位取值: account; 页面元素输入文本: test01]
2022-08-07 15:43:45 - base_page.py [line:30 - INFO - 浏览器的操作 - 固定等待: 1.0秒钟]
2022-08-07 15:43:45 - base_page.py [line:65 - INFO - 获取测试数据 - 页面名称: login_page; 页面元素定位方式: name; 页面元素定位取值: password; 元素操作后等待时间: 1.0]
2022-08-07 15:43:45 - base_page.py [line:78 - INFO - 执行元素操作 - 输入文本 - 页面元素定位方式: name; 页面元素定位取值: password; 页面元素输入文本: newdream123]
2022-08-07 15:43:45 - base_page.py [line:30 - INFO - 浏览器的操作 - 固定等待: 1.0秒钟]
2022-08-07 15:43:45 - base_page.py [line:65 - INFO - 获取测试数据 - 页面名称: login_page; 页面元素定位方式: id; 页面元素定位取值: submit; 元素操作后等待时间: 1.0]
2022-08-07 15:43:45 - base_page.py [line:72 - INFO - 执行元素操作 - 点击元素 - 页面元素定位方式: id; 页面元素定位取值: submit]
2022-08-07 15:43:45 - base_page.py [line:30 - INFO - 浏览器的操作 - 固定等待: 1.0秒钟]
2022-08-07 15:43:45 - base_page.py [line:93 - INFO - 浏览器的操作 - 退出浏览器]
2022-08-07 15:43:45 - selenium_base_case.py [line:26 - INFO - 浏览器的操作 - 测试用例类执行完成]
2022-08-07 15:43:45 - selenium_base_case.py [line:14 - INFO - 浏览器的操作 - 测试用例类初始化]
2022-08-07 15:43:45 - browser.py [line:36 - INFO - 浏览器的操作 - 打开浏览器驱动:C:\Users\pelag\PycharmProjects\p17_code\src\zantao_ui_autotest_frame\drivers\chromedriver.exe]
2022-08-07 15:43:45 - base_page.py [line:17 - INFO - 浏览器的操作 - 打开url地址: http://47.107.178.45/zentao/www/index.php?m=user&f=login]
2022-08-07 15:43:45 - base_page.py [line:21 - INFO - 浏览器的操作 - 浏览器最大化]
2022-08-07 15:43:45 - test_main_success.py [line:21 - INFO - 获取测试数据 - 期望结果: 用户登录]
2022-08-07 15:43:45 - base_page.py [line:65 - INFO - 获取测试数据 - 页面名称: login_page; 页面元素定位方式: id; 页面元素定位取值: account; 元素操作后等待时间: 1.0]
2022-08-07 15:43:45 - base_page.py [line:78 - INFO - 执行元素操作 - 输入文本 - 页面元素定位方式: id; 页面元素定位取值: account; 页面元素输入文本: test]
2022-08-07 15:43:45 - base_page.py [line:30 - INFO - 浏览器的操作 - 固定等待: 1.0秒钟]
2022-08-07 15:43:45 - base_page.py [line:65 - INFO - 获取测试数据 - 页面名称: login_page; 页面元素定位方式: name; 页面元素定位取值: password; 元素操作后等待时间: 1.0]
2022-08-07 15:43:45 - base_page.py [line:78 - INFO - 执行元素操作 - 输入文本 - 页面元素定位方式: name; 页面元素定位取值: password; 页面元素输入文本: newdream123]
2022-08-07 15:43:45 - base_page.py [line:30 - INFO - 浏览器的操作 - 固定等待: 1.0秒钟]
2022-08-07 15:43:45 - base_page.py [line:65 - INFO - 获取测试数据 - 页面名称: login_page; 页面元素定位方式: id; 页面元素定位取值: submit; 元素操作后等待时间: 1.0]
2022-08-07 15:43:45 - base_page.py [line:72 - INFO - 执行元素操作 - 点击元素 - 页面元素定位方式: id; 页面元素定位取值: submit]
2022-08-07 15:43:45 - base_page.py [line:30 - INFO - 浏览器的操作 - 固定等待: 1.0秒钟]
2022-08-07 15:43:45 - base_page.py [line:65 - INFO - 获取测试数据 - 页面名称: main_page; 页面元素定位方式: xpath; 页面元素定位取值: //a/span[text()=" 我的地盘"]; 元素操作后等待时间: 1.0]
2022-08-07 15:43:45 - base_page.py [line:72 - INFO - 执行元素操作 - 点击元素 - 页面元素定位方式: xpath; 页面元素定位取值: //a/span[text()=" 我的地盘"]]
2022-08-07 15:43:45 - base_page.py [line:30 - INFO - 浏览器的操作 - 固定等待: 1.0秒钟]
2022-08-07 15:43:45 - base_page.py [line:65 - INFO - 获取测试数据 - 页面名称: main_page; 页面元素定位方式: id; 页面元素定位取值: userNav; 元素操作后等待时间: 1.0]
2022-08-07 15:43:45 - base_page.py [line:72 - INFO - 执行元素操作 - 点击元素 - 页面元素定位方式: id; 页面元素定位取值: userNav]
2022-08-07 15:43:45 - base_page.py [line:30 - INFO - 浏览器的操作 - 固定等待: 1.0秒钟]
2022-08-07 15:43:45 - base_page.py [line:65 - INFO - 获取测试数据 - 页面名称: main_page; 页面元素定位方式: xpath; 页面元素定位取值: //a[@href="/zentao/www/index.php?m=user&f=logout"]; 元素操作后等待时间: 1.0]
2022-08-07 15:43:45 - base_page.py [line:72 - INFO - 执行元素操作 - 点击元素 - 页面元素定位方式: xpath; 页面元素定位取值: //a[@href="/zentao/www/index.php?m=user&f=logout"]]
2022-08-07 15:43:45 - base_page.py [line:30 - INFO - 浏览器的操作 - 固定等待: 1.0秒钟]
2022-08-07 15:43:45 - base_page.py [line:38 - INFO - 获取基本信息 - 浏览器标题: 用户登录 - 禅道]
2022-08-07 15:43:45 - base_page.py [line:93 - INFO - 浏览器的操作 - 退出浏览器]
2022-08-07 15:43:45 - selenium_base_case.py [line:26 - INFO - 浏览器的操作 - 测试用例类执行完成]
2022-08-07 15:53:10 - selenium_base_case.py [line:14 - INFO - 浏览器的操作 - 测试用例类初始化]
2022-08-07 15:53:10 - browser.py [line:37 - INFO - 浏览器的操作 - 打开浏览器驱动:C:\Users\pelag\PycharmProjects\p17_code\src\zantao_ui_autotest_frame\drivers\chromedriver.exe]
2022-08-07 15:53:10 - base_page.py [line:19 - INFO - 浏览器的操作 - 打开url地址: http://47.107.178.45/zentao/www/index.php?m=user&f=login]
2022-08-07 15:53:10 - base_page.py [line:23 - INFO - 浏览器的操作 - 浏览器最大化]
2022-08-07 15:53:10 - selenium_base_case.py [line:26 - INFO - 浏览器的操作 - 测试用例类执行完成]
2022-08-07 15:53:10 - selenium_base_case.py [line:14 - INFO - 浏览器的操作 - 测试用例类初始化]
2022-08-07 15:53:10 - browser.py [line:37 - INFO - 浏览器的操作 - 打开浏览器驱动:C:\Users\pelag\PycharmProjects\p17_code\src\zantao_ui_autotest_frame\drivers\chromedriver.exe]
2022-08-07 15:53:10 - base_page.py [line:19 - INFO - 浏览器的操作 - 打开url地址: http://47.107.178.45/zentao/www/index.php?m=user&f=login]
2022-08-07 15:53:10 - base_page.py [line:23 - INFO - 浏览器的操作 - 浏览器最大化]
2022-08-07 15:53:10 - selenium_base_case.py [line:26 - INFO - 浏览器的操作 - 测试用例类执行完成]
2022-08-07 15:59:54 - selenium_base_case.py [line:14 - INFO - 浏览器的操作 - 测试用例类初始化]
2022-08-07 15:59:54 - browser.py [line:37 - INFO - 浏览器的操作 - 打开浏览器驱动:C:\Users\pelag\PycharmProjects\p17_code\src\zantao_ui_autotest_frame\drivers\chromedriver.exe]
2022-08-07 15:59:54 - base_page.py [line:19 - INFO - 浏览器的操作 - 打开url地址: http://47.107.178.45/zentao/www/index.php?m=user&f=login]
2022-08-07 15:59:54 - base_page.py [line:23 - INFO - 浏览器的操作 - 浏览器最大化]
2022-08-07 15:59:54 - base_page.py [line:67 - INFO - 获取测试数据 - 页面名称: login_page; 页面元素定位方式: id; 页面元素定位取值: account; 元素操作后等待时间: 1.0]
2022-08-07 15:59:54 - base_page.py [line:80 - INFO - 执行元素操作 - 输入文本 - 页面元素定位方式: id; 页面元素定位取值: account; 页面元素输入文本: test01]
2022-08-07 15:59:54 - base_page.py [line:32 - INFO - 浏览器的操作 - 固定等待: 1.0秒钟]
2022-08-07 15:59:54 - base_page.py [line:67 - INFO - 获取测试数据 - 页面名称: login_page; 页面元素定位方式: name; 页面元素定位取值: password; 元素操作后等待时间: 1.0]
2022-08-07 15:59:54 - base_page.py [line:80 - INFO - 执行元素操作 - 输入文本 - 页面元素定位方式: name; 页面元素定位取值: password; 页面元素输入文本: newdream123]
2022-08-07 15:59:54 - base_page.py [line:32 - INFO - 浏览器的操作 - 固定等待: 1.0秒钟]
2022-08-07 15:59:54 - base_page.py [line:67 - INFO - 获取测试数据 - 页面名称: login_page; 页面元素定位方式: id; 页面元素定位取值: submit; 元素操作后等待时间: 1.0]
2022-08-07 15:59:54 - base_page.py [line:74 - INFO - 执行元素操作 - 点击元素 - 页面元素定位方式: id; 页面元素定位取值: submit]
2022-08-07 15:59:54 - base_page.py [line:32 - INFO - 浏览器的操作 - 固定等待: 1.0秒钟]
2022-08-07 15:59:54 - base_page.py [line:95 - INFO - 浏览器的操作 - 退出浏览器]
2022-08-07 15:59:54 - selenium_base_case.py [line:26 - INFO - 浏览器的操作 - 测试用例类执行完成]
2022-08-07 15:59:54 - selenium_base_case.py [line:14 - INFO - 浏览器的操作 - 测试用例类初始化]
2022-08-07 15:59:54 - browser.py [line:37 - INFO - 浏览器的操作 - 打开浏览器驱动:C:\Users\pelag\PycharmProjects\p17_code\src\zantao_ui_autotest_frame\drivers\chromedriver.exe]
2022-08-07 15:59:54 - base_page.py [line:19 - INFO - 浏览器的操作 - 打开url地址: http://47.107.178.45/zentao/www/index.php?m=user&f=login]
2022-08-07 15:59:54 - base_page.py [line:23 - INFO - 浏览器的操作 - 浏览器最大化]
2022-08-07 15:59:54 - test_main_success.py [line:20 - INFO - 获取测试数据 - 期望结果: 用户登录]
2022-08-07 15:59:54 - base_page.py [line:67 - INFO - 获取测试数据 - 页面名称: login_page; 页面元素定位方式: id; 页面元素定位取值: account; 元素操作后等待时间: 1.0]
2022-08-07 15:59:54 - base_page.py [line:80 - INFO - 执行元素操作 - 输入文本 - 页面元素定位方式: id; 页面元素定位取值: account; 页面元素输入文本: test]
2022-08-07 15:59:54 - base_page.py [line:32 - INFO - 浏览器的操作 - 固定等待: 1.0秒钟]
2022-08-07 15:59:54 - base_page.py [line:67 - INFO - 获取测试数据 - 页面名称: login_page; 页面元素定位方式: name; 页面元素定位取值: password; 元素操作后等待时间: 1.0]
2022-08-07 15:59:54 - base_page.py [line:80 - INFO - 执行元素操作 - 输入文本 - 页面元素定位方式: name; 页面元素定位取值: password; 页面元素输入文本: newdream123]
2022-08-07 15:59:54 - base_page.py [line:32 - INFO - 浏览器的操作 - 固定等待: 1.0秒钟]
2022-08-07 15:59:54 - base_page.py [line:67 - INFO - 获取测试数据 - 页面名称: login_page; 页面元素定位方式: id; 页面元素定位取值: submit; 元素操作后等待时间: 1.0]
2022-08-07 15:59:54 - base_page.py [line:74 - INFO - 执行元素操作 - 点击元素 - 页面元素定位方式: id; 页面元素定位取值: submit]
2022-08-07 15:59:54 - base_page.py [line:32 - INFO - 浏览器的操作 - 固定等待: 1.0秒钟]
2022-08-07 15:59:54 - base_page.py [line:67 - INFO - 获取测试数据 - 页面名称: main_page; 页面元素定位方式: xpath; 页面元素定位取值: //a/span[text()=" 我的地盘"]; 元素操作后等待时间: 1.0]
2022-08-07 15:59:54 - base_page.py [line:74 - INFO - 执行元素操作 - 点击元素 - 页面元素定位方式: xpath; 页面元素定位取值: //a/span[text()=" 我的地盘"]]
2022-08-07 15:59:54 - base_page.py [line:32 - INFO - 浏览器的操作 - 固定等待: 1.0秒钟]
2022-08-07 15:59:54 - base_page.py [line:67 - INFO - 获取测试数据 - 页面名称: main_page; 页面元素定位方式: id; 页面元素定位取值: userNav; 元素操作后等待时间: 1.0]
2022-08-07 15:59:54 - base_page.py [line:74 - INFO - 执行元素操作 - 点击元素 - 页面元素定位方式: id; 页面元素定位取值: userNav]
2022-08-07 15:59:54 - base_page.py [line:32 - INFO - 浏览器的操作 - 固定等待: 1.0秒钟]
2022-08-07 15:59:54 - base_page.py [line:67 - INFO - 获取测试数据 - 页面名称: main_page; 页面元素定位方式: xpath; 页面元素定位取值: //a[@href="/zentao/www/index.php?m=user&f=logout"]; 元素操作后等待时间: 1.0]
2022-08-07 15:59:54 - base_page.py [line:74 - INFO - 执行元素操作 - 点击元素 - 页面元素定位方式: xpath; 页面元素定位取值: //a[@href="/zentao/www/index.php?m=user&f=logout"]]
2022-08-07 15:59:54 - base_page.py [line:32 - INFO - 浏览器的操作 - 固定等待: 1.0秒钟]
2022-08-07 15:59:54 - base_page.py [line:40 - INFO - 获取基本信息 - 浏览器标题: 用户登录 - 禅道]
2022-08-07 15:59:54 - base_page.py [line:95 - INFO - 浏览器的操作 - 退出浏览器]
2022-08-07 15:59:54 - selenium_base_case.py [line:26 - INFO - 浏览器的操作 - 测试用例类执行完成]
2022-08-07 16:01:41 - selenium_base_case.py [line:14 - INFO - 浏览器的操作 - 测试用例类初始化]
2022-08-07 16:01:41 - browser.py [line:37 - INFO - 浏览器的操作 - 打开浏览器驱动:C:\Users\pelag\PycharmProjects\p17_code\src\zantao_ui_autotest_frame\drivers\chromedriver.exe]
2022-08-07 16:01:41 - base_page.py [line:19 - INFO - 浏览器的操作 - 打开url地址: http://47.107.178.45/zentao/www/index.php?m=user&f=login]
2022-08-07 16:01:41 - base_page.py [line:23 - INFO - 浏览器的操作 - 浏览器最大化]
2022-08-07 16:01:41 - base_page.py [line:67 - INFO - 获取测试数据 - 页面名称: login_page; 页面元素定位方式: id; 页面元素定位取值: account; 元素操作后等待时间: 1.0]
2022-08-07 16:01:41 - base_page.py [line:80 - INFO - 执行元素操作 - 输入文本 - 页面元素定位方式: id; 页面元素定位取值: account; 页面元素输入文本: test01]
2022-08-07 16:01:41 - base_page.py [line:32 - INFO - 浏览器的操作 - 固定等待: 1.0秒钟]
2022-08-07 16:01:41 - base_page.py [line:67 - INFO - 获取测试数据 - 页面名称: login_page; 页面元素定位方式: name; 页面元素定位取值: password; 元素操作后等待时间: 1.0]
2022-08-07 16:01:41 - base_page.py [line:80 - INFO - 执行元素操作 - 输入文本 - 页面元素定位方式: name; 页面元素定位取值: password; 页面元素输入文本: newdream123]
2022-08-07 16:01:41 - base_page.py [line:32 - INFO - 浏览器的操作 - 固定等待: 1.0秒钟]
2022-08-07 16:01:41 - base_page.py [line:67 - INFO - 获取测试数据 - 页面名称: login_page; 页面元素定位方式: id; 页面元素定位取值: submit; 元素操作后等待时间: 1.0]
2022-08-07 16:01:41 - base_page.py [line:74 - INFO - 执行元素操作 - 点击元素 - 页面元素定位方式: id; 页面元素定位取值: submit]
2022-08-07 16:01:41 - base_page.py [line:32 - INFO - 浏览器的操作 - 固定等待: 1.0秒钟]
2022-08-07 16:01:41 - base_page.py [line:95 - INFO - 浏览器的操作 - 退出浏览器]
2022-08-07 16:01:41 - selenium_base_case.py [line:26 - INFO - 浏览器的操作 - 测试用例类执行完成]
2022-08-07 16:01:41 - selenium_base_case.py [line:14 - INFO - 浏览器的操作 - 测试用例类初始化]
2022-08-07 16:01:41 - browser.py [line:37 - INFO - 浏览器的操作 - 打开浏览器驱动:C:\Users\pelag\PycharmProjects\p17_code\src\zantao_ui_autotest_frame\drivers\chromedriver.exe]
2022-08-07 16:01:41 - base_page.py [line:19 - INFO - 浏览器的操作 - 打开url地址: http://47.107.178.45/zentao/www/index.php?m=user&f=login]
2022-08-07 16:01:41 - base_page.py [line:23 - INFO - 浏览器的操作 - 浏览器最大化]
2022-08-07 16:01:41 - test_main_success.py [line:20 - INFO - 获取测试数据 - 期望结果: 用户登录]
2022-08-07 16:01:41 - base_page.py [line:67 - INFO - 获取测试数据 - 页面名称: login_page; 页面元素定位方式: id; 页面元素定位取值: account; 元素操作后等待时间: 1.0]
2022-08-07 16:01:41 - base_page.py [line:80 - INFO - 执行元素操作 - 输入文本 - 页面元素定位方式: id; 页面元素定位取值: account; 页面元素输入文本: test]
2022-08-07 16:01:41 - base_page.py [line:32 - INFO - 浏览器的操作 - 固定等待: 1.0秒钟]
2022-08-07 16:01:41 - base_page.py [line:67 - INFO - 获取测试数据 - 页面名称: login_page; 页面元素定位方式: name; 页面元素定位取值: password; 元素操作后等待时间: 1.0]
2022-08-07 16:01:41 - base_page.py [line:80 - INFO - 执行元素操作 - 输入文本 - 页面元素定位方式: name; 页面元素定位取值: password; 页面元素输入文本: newdream123]
2022-08-07 16:01:41 - base_page.py [line:32 - INFO - 浏览器的操作 - 固定等待: 1.0秒钟]
2022-08-07 16:01:41 - base_page.py [line:67 - INFO - 获取测试数据 - 页面名称: login_page; 页面元素定位方式: id; 页面元素定位取值: submit; 元素操作后等待时间: 1.0]
2022-08-07 16:01:41 - base_page.py [line:74 - INFO - 执行元素操作 - 点击元素 - 页面元素定位方式: id; 页面元素定位取值: submit]
2022-08-07 16:01:41 - base_page.py [line:32 - INFO - 浏览器的操作 - 固定等待: 1.0秒钟]
2022-08-07 16:01:41 - base_page.py [line:67 - INFO - 获取测试数据 - 页面名称: main_page; 页面元素定位方式: xpath; 页面元素定位取值: //a/span[text()=" 我的地盘"]; 元素操作后等待时间: 1.0]
2022-08-07 16:01:41 - base_page.py [line:74 - INFO - 执行元素操作 - 点击元素 - 页面元素定位方式: xpath; 页面元素定位取值: //a/span[text()=" 我的地盘"]]
2022-08-07 16:01:41 - base_page.py [line:32 - INFO - 浏览器的操作 - 固定等待: 1.0秒钟]
2022-08-07 16:01:41 - base_page.py [line:67 - INFO - 获取测试数据 - 页面名称: main_page; 页面元素定位方式: id; 页面元素定位取值: userNav; 元素操作后等待时间: 1.0]
2022-08-07 16:01:41 - base_page.py [line:74 - INFO - 执行元素操作 - 点击元素 - 页面元素定位方式: id; 页面元素定位取值: userNav]
2022-08-07 16:01:41 - base_page.py [line:32 - INFO - 浏览器的操作 - 固定等待: 1.0秒钟]
2022-08-07 16:01:41 - base_page.py [line:67 - INFO - 获取测试数据 - 页面名称: main_page; 页面元素定位方式: xpath; 页面元素定位取值: //a[@href="/zentao/www/index.php?m=user&f=logout"]; 元素操作后等待时间: 1.0]
2022-08-07 16:01:41 - base_page.py [line:74 - INFO - 执行元素操作 - 点击元素 - 页面元素定位方式: xpath; 页面元素定位取值: //a[@href="/zentao/www/index.php?m=user&f=logout"]]
2022-08-07 16:01:41 - base_page.py [line:32 - INFO - 浏览器的操作 - 固定等待: 1.0秒钟]
2022-08-07 16:01:41 - base_page.py [line:40 - INFO - 获取基本信息 - 浏览器标题: 用户登录 - 禅道]
2022-08-07 16:01:41 - base_page.py [line:95 - INFO - 浏览器的操作 - 退出浏览器]
2022-08-07 16:01:41 - selenium_base_case.py [line:26 - INFO - 浏览器的操作 - 测试用例类执行完成]
