2022-08-06 21:47:10 - browser.py [line:36 - INFO - 浏览器的操作 - 打开浏览器驱动:C:\Users\pelag\PycharmProjects\p17_code\src\zantao_ui_autotest_frame\drivers\chromedriver.exe]
2022-08-06 21:47:10 - base_page.py [line:17 - INFO - 浏览器的操作 - 打开url地址: http://47.107.178.45/zentao/www/index.php?m=user&f=login]
2022-08-06 21:47:10 - base_page.py [line:21 - INFO - 浏览器的操作 - 浏览器最大化]
2022-08-06 21:47:10 - base_page.py [line:30 - INFO - 浏览器的操作 - 固定等待: 5.0秒钟]
2022-08-06 21:47:10 - base_page.py [line:65 - INFO - 获取测试数据 - 页面名称: login_page; 页面元素定位方式: id; 页面元素定位取值: account; 元素操作后等待时间: 1.0]
2022-08-06 21:47:10 - base_page.py [line:78 - INFO - 执行元素操作 - 输入文本 - 页面元素定位方式: id; 页面元素定位取值: account; 页面元素输入文本: test01]
2022-08-06 21:47:10 - base_page.py [line:30 - INFO - 浏览器的操作 - 固定等待: 1.0秒钟]
2022-08-06 21:47:10 - base_page.py [line:65 - INFO - 获取测试数据 - 页面名称: login_page; 页面元素定位方式: name; 页面元素定位取值: password; 元素操作后等待时间: 1.0]
2022-08-06 21:47:10 - base_page.py [line:78 - INFO - 执行元素操作 - 输入文本 - 页面元素定位方式: name; 页面元素定位取值: password; 页面元素输入文本: newdream123]
2022-08-06 21:47:10 - base_page.py [line:30 - INFO - 浏览器的操作 - 固定等待: 1.0秒钟]
2022-08-06 21:47:10 - base_page.py [line:65 - INFO - 获取测试数据 - 页面名称: login_page; 页面元素定位方式: id; 页面元素定位取值: submit; 元素操作后等待时间: 1.0]
2022-08-06 21:47:10 - base_page.py [line:72 - INFO - 执行元素操作 - 点击元素 - 页面元素定位方式: id; 页面元素定位取值: submit]
2022-08-06 21:47:10 - base_page.py [line:30 - INFO - 浏览器的操作 - 固定等待: 1.0秒钟]
2022-08-06 21:47:10 - base_page.py [line:93 - INFO - 浏览器的操作 - 退出浏览器]
2022-08-06 21:48:00 - browser.py [line:36 - INFO - 浏览器的操作 - 打开浏览器驱动:C:\Users\pelag\PycharmProjects\p17_code\src\zantao_ui_autotest_frame\drivers\chromedriver.exe]
2022-08-06 21:48:00 - base_page.py [line:17 - INFO - 浏览器的操作 - 打开url地址: http://47.107.178.45/zentao/www/index.php?m=user&f=login]
2022-08-06 21:48:00 - base_page.py [line:21 - INFO - 浏览器的操作 - 浏览器最大化]
2022-08-06 21:48:00 - base_page.py [line:65 - INFO - 获取测试数据 - 页面名称: login_page; 页面元素定位方式: id; 页面元素定位取值: account; 元素操作后等待时间: 1.0]
2022-08-06 21:48:00 - base_page.py [line:78 - INFO - 执行元素操作 - 输入文本 - 页面元素定位方式: id; 页面元素定位取值: account; 页面元素输入文本: test01]
2022-08-06 21:48:00 - base_page.py [line:30 - INFO - 浏览器的操作 - 固定等待: 1.0秒钟]
2022-08-06 21:48:00 - base_page.py [line:65 - INFO - 获取测试数据 - 页面名称: login_page; 页面元素定位方式: name; 页面元素定位取值: password; 元素操作后等待时间: 1.0]
2022-08-06 21:48:00 - base_page.py [line:78 - INFO - 执行元素操作 - 输入文本 - 页面元素定位方式: name; 页面元素定位取值: password; 页面元素输入文本: newdream123]
2022-08-06 21:48:00 - base_page.py [line:30 - INFO - 浏览器的操作 - 固定等待: 1.0秒钟]
2022-08-06 21:48:00 - base_page.py [line:65 - INFO - 获取测试数据 - 页面名称: login_page; 页面元素定位方式: id; 页面元素定位取值: submit; 元素操作后等待时间: 1.0]
2022-08-06 21:48:00 - base_page.py [line:72 - INFO - 执行元素操作 - 点击元素 - 页面元素定位方式: id; 页面元素定位取值: submit]
2022-08-06 21:48:00 - base_page.py [line:30 - INFO - 浏览器的操作 - 固定等待: 1.0秒钟]
2022-08-06 21:48:00 - base_page.py [line:93 - INFO - 浏览器的操作 - 退出浏览器]
2022-08-06 22:42:12 - browser.py [line:36 - INFO - 浏览器的操作 - 打开浏览器驱动:C:\Users\pelag\PycharmProjects\p17_code\src\zantao_ui_autotest_frame\drivers\chromedriver.exe]
2022-08-06 22:42:12 - selenium_base_case.py [line:13 - INFO - 测试类初始化]
2022-08-06 22:42:12 - base_page.py [line:17 - INFO - 浏览器的操作 - 打开url地址: http://47.107.178.45/zentao/www/index.php?m=user&f=login]
2022-08-06 22:42:12 - base_page.py [line:21 - INFO - 浏览器的操作 - 浏览器最大化]
2022-08-06 22:42:12 - base_page.py [line:65 - INFO - 获取测试数据 - 页面名称: login_page; 页面元素定位方式: id; 页面元素定位取值: account; 元素操作后等待时间: 1.0]
2022-08-06 22:42:12 - base_page.py [line:78 - INFO - 执行元素操作 - 输入文本 - 页面元素定位方式: id; 页面元素定位取值: account; 页面元素输入文本: test01]
2022-08-06 22:42:12 - base_page.py [line:30 - INFO - 浏览器的操作 - 固定等待: 1.0秒钟]
2022-08-06 22:42:12 - base_page.py [line:65 - INFO - 获取测试数据 - 页面名称: login_page; 页面元素定位方式: name; 页面元素定位取值: password; 元素操作后等待时间: 1.0]
2022-08-06 22:42:12 - base_page.py [line:78 - INFO - 执行元素操作 - 输入文本 - 页面元素定位方式: name; 页面元素定位取值: password; 页面元素输入文本: newdream123]
2022-08-06 22:42:12 - base_page.py [line:30 - INFO - 浏览器的操作 - 固定等待: 1.0秒钟]
2022-08-06 22:42:12 - base_page.py [line:65 - INFO - 获取测试数据 - 页面名称: login_page; 页面元素定位方式: id; 页面元素定位取值: submit; 元素操作后等待时间: 1.0]
2022-08-06 22:42:12 - base_page.py [line:72 - INFO - 执行元素操作 - 点击元素 - 页面元素定位方式: id; 页面元素定位取值: submit]
2022-08-06 22:42:12 - base_page.py [line:30 - INFO - 浏览器的操作 - 固定等待: 1.0秒钟]
2022-08-06 22:42:12 - base_page.py [line:93 - INFO - 浏览器的操作 - 退出浏览器]
2022-08-06 22:42:12 - selenium_base_case.py [line:25 - INFO - 测试类执行完成]
2022-08-06 22:44:34 - browser.py [line:36 - INFO - 浏览器的操作 - 打开浏览器驱动:C:\Users\pelag\PycharmProjects\p17_code\src\zantao_ui_autotest_frame\drivers\chromedriver.exe]
2022-08-06 22:44:34 - selenium_base_case.py [line:13 - INFO - 浏览器的操作 - 测试用例类初始化]
2022-08-06 22:44:34 - base_page.py [line:17 - INFO - 浏览器的操作 - 打开url地址: http://47.107.178.45/zentao/www/index.php?m=user&f=login]
2022-08-06 22:44:34 - base_page.py [line:21 - INFO - 浏览器的操作 - 浏览器最大化]
2022-08-06 22:44:34 - base_page.py [line:65 - INFO - 获取测试数据 - 页面名称: login_page; 页面元素定位方式: id; 页面元素定位取值: account; 元素操作后等待时间: 1.0]
2022-08-06 22:44:34 - base_page.py [line:78 - INFO - 执行元素操作 - 输入文本 - 页面元素定位方式: id; 页面元素定位取值: account; 页面元素输入文本: test01]
2022-08-06 22:44:34 - base_page.py [line:30 - INFO - 浏览器的操作 - 固定等待: 1.0秒钟]
2022-08-06 22:44:34 - base_page.py [line:65 - INFO - 获取测试数据 - 页面名称: login_page; 页面元素定位方式: name; 页面元素定位取值: password; 元素操作后等待时间: 1.0]
2022-08-06 22:44:34 - base_page.py [line:78 - INFO - 执行元素操作 - 输入文本 - 页面元素定位方式: name; 页面元素定位取值: password; 页面元素输入文本: newdream123]
2022-08-06 22:44:34 - base_page.py [line:30 - INFO - 浏览器的操作 - 固定等待: 1.0秒钟]
2022-08-06 22:44:34 - base_page.py [line:65 - INFO - 获取测试数据 - 页面名称: login_page; 页面元素定位方式: id; 页面元素定位取值: submit; 元素操作后等待时间: 1.0]
2022-08-06 22:44:34 - base_page.py [line:72 - INFO - 执行元素操作 - 点击元素 - 页面元素定位方式: id; 页面元素定位取值: submit]
2022-08-06 22:44:34 - base_page.py [line:30 - INFO - 浏览器的操作 - 固定等待: 1.0秒钟]
2022-08-06 22:44:34 - base_page.py [line:93 - INFO - 浏览器的操作 - 退出浏览器]
2022-08-06 22:44:34 - selenium_base_case.py [line:25 - INFO - 浏览器的操作 - 测试用例类执行完成]
2022-08-06 23:22:22 - browser.py [line:36 - INFO - 浏览器的操作 - 打开浏览器驱动:C:\Users\pelag\PycharmProjects\p17_code\src\zantao_ui_autotest_frame\drivers\chromedriver.exe]
2022-08-06 23:22:22 - selenium_base_case.py [line:13 - INFO - 浏览器的操作 - 测试用例类初始化]
2022-08-06 23:22:22 - base_page.py [line:17 - INFO - 浏览器的操作 - 打开url地址: http://47.107.178.45/zentao/www/index.php?m=user&f=login]
2022-08-06 23:22:22 - base_page.py [line:21 - INFO - 浏览器的操作 - 浏览器最大化]
2022-08-06 23:22:22 - base_page.py [line:65 - INFO - 获取测试数据 - 页面名称: login_page; 页面元素定位方式: id; 页面元素定位取值: account; 元素操作后等待时间: 1.0]
2022-08-06 23:22:22 - base_page.py [line:78 - INFO - 执行元素操作 - 输入文本 - 页面元素定位方式: id; 页面元素定位取值: account; 页面元素输入文本: test01]
2022-08-06 23:22:22 - base_page.py [line:30 - INFO - 浏览器的操作 - 固定等待: 1.0秒钟]
2022-08-06 23:22:22 - base_page.py [line:65 - INFO - 获取测试数据 - 页面名称: login_page; 页面元素定位方式: name; 页面元素定位取值: password; 元素操作后等待时间: 1.0]
2022-08-06 23:22:22 - base_page.py [line:78 - INFO - 执行元素操作 - 输入文本 - 页面元素定位方式: name; 页面元素定位取值: password; 页面元素输入文本: newdream123]
2022-08-06 23:22:22 - base_page.py [line:30 - INFO - 浏览器的操作 - 固定等待: 1.0秒钟]
2022-08-06 23:22:22 - base_page.py [line:65 - INFO - 获取测试数据 - 页面名称: login_page; 页面元素定位方式: id; 页面元素定位取值: submit; 元素操作后等待时间: 1.0]
2022-08-06 23:22:22 - base_page.py [line:72 - INFO - 执行元素操作 - 点击元素 - 页面元素定位方式: id; 页面元素定位取值: submit]
2022-08-06 23:22:22 - base_page.py [line:30 - INFO - 浏览器的操作 - 固定等待: 1.0秒钟]
2022-08-06 23:22:22 - base_page.py [line:93 - INFO - 浏览器的操作 - 退出浏览器]
2022-08-06 23:22:22 - selenium_base_case.py [line:25 - INFO - 浏览器的操作 - 测试用例类执行完成]
2022-08-06 23:23:19 - browser.py [line:36 - INFO - 浏览器的操作 - 打开浏览器驱动:C:\Users\pelag\PycharmProjects\p17_code\src\zantao_ui_autotest_frame\drivers\chromedriver.exe]
2022-08-06 23:23:19 - selenium_base_case.py [line:13 - INFO - 浏览器的操作 - 测试用例类初始化]
2022-08-06 23:23:19 - base_page.py [line:17 - INFO - 浏览器的操作 - 打开url地址: http://47.107.178.45/zentao/www/index.php?m=user&f=login]
2022-08-06 23:23:19 - base_page.py [line:21 - INFO - 浏览器的操作 - 浏览器最大化]
2022-08-06 23:23:19 - base_page.py [line:65 - INFO - 获取测试数据 - 页面名称: login_page; 页面元素定位方式: id; 页面元素定位取值: account; 元素操作后等待时间: 1.0]
2022-08-06 23:23:19 - base_page.py [line:78 - INFO - 执行元素操作 - 输入文本 - 页面元素定位方式: id; 页面元素定位取值: account; 页面元素输入文本: test01]
2022-08-06 23:23:19 - base_page.py [line:30 - INFO - 浏览器的操作 - 固定等待: 1.0秒钟]
2022-08-06 23:23:19 - base_page.py [line:65 - INFO - 获取测试数据 - 页面名称: login_page; 页面元素定位方式: name; 页面元素定位取值: password; 元素操作后等待时间: 1.0]
2022-08-06 23:23:19 - base_page.py [line:78 - INFO - 执行元素操作 - 输入文本 - 页面元素定位方式: name; 页面元素定位取值: password; 页面元素输入文本: newdream123]
2022-08-06 23:23:19 - base_page.py [line:30 - INFO - 浏览器的操作 - 固定等待: 1.0秒钟]
2022-08-06 23:23:19 - base_page.py [line:65 - INFO - 获取测试数据 - 页面名称: login_page; 页面元素定位方式: id; 页面元素定位取值: submit; 元素操作后等待时间: 1.0]
2022-08-06 23:23:19 - base_page.py [line:72 - INFO - 执行元素操作 - 点击元素 - 页面元素定位方式: id; 页面元素定位取值: submit]
2022-08-06 23:23:19 - base_page.py [line:30 - INFO - 浏览器的操作 - 固定等待: 1.0秒钟]
2022-08-06 23:23:19 - base_page.py [line:93 - INFO - 浏览器的操作 - 退出浏览器]
2022-08-06 23:23:19 - selenium_base_case.py [line:25 - INFO - 浏览器的操作 - 测试用例类执行完成]
2022-08-06 23:24:22 - browser.py [line:36 - INFO - 浏览器的操作 - 打开浏览器驱动:C:\Users\pelag\PycharmProjects\p17_code\src\zantao_ui_autotest_frame\drivers\chromedriver.exe]
2022-08-06 23:24:22 - selenium_base_case.py [line:13 - INFO - 浏览器的操作 - 测试用例类初始化]
2022-08-06 23:24:22 - base_page.py [line:17 - INFO - 浏览器的操作 - 打开url地址: http://47.107.178.45/zentao/www/index.php?m=user&f=login]
2022-08-06 23:24:22 - base_page.py [line:21 - INFO - 浏览器的操作 - 浏览器最大化]
2022-08-06 23:24:22 - base_page.py [line:65 - INFO - 获取测试数据 - 页面名称: login_page; 页面元素定位方式: id; 页面元素定位取值: account; 元素操作后等待时间: 1.0]
2022-08-06 23:24:22 - base_page.py [line:78 - INFO - 执行元素操作 - 输入文本 - 页面元素定位方式: id; 页面元素定位取值: account; 页面元素输入文本: test]
2022-08-06 23:24:22 - base_page.py [line:30 - INFO - 浏览器的操作 - 固定等待: 1.0秒钟]
2022-08-06 23:24:22 - base_page.py [line:65 - INFO - 获取测试数据 - 页面名称: login_page; 页面元素定位方式: name; 页面元素定位取值: password; 元素操作后等待时间: 1.0]
2022-08-06 23:24:22 - base_page.py [line:78 - INFO - 执行元素操作 - 输入文本 - 页面元素定位方式: name; 页面元素定位取值: password; 页面元素输入文本: newdream123]
2022-08-06 23:24:22 - base_page.py [line:30 - INFO - 浏览器的操作 - 固定等待: 1.0秒钟]
2022-08-06 23:24:22 - base_page.py [line:65 - INFO - 获取测试数据 - 页面名称: login_page; 页面元素定位方式: id; 页面元素定位取值: submit; 元素操作后等待时间: 1.0]
2022-08-06 23:24:22 - base_page.py [line:72 - INFO - 执行元素操作 - 点击元素 - 页面元素定位方式: id; 页面元素定位取值: submit]
2022-08-06 23:24:22 - base_page.py [line:30 - INFO - 浏览器的操作 - 固定等待: 1.0秒钟]
2022-08-06 23:24:22 - base_page.py [line:93 - INFO - 浏览器的操作 - 退出浏览器]
2022-08-06 23:24:22 - selenium_base_case.py [line:25 - INFO - 浏览器的操作 - 测试用例类执行完成]
2022-08-06 23:28:16 - browser.py [line:36 - INFO - 浏览器的操作 - 打开浏览器驱动:C:\Users\pelag\PycharmProjects\p17_code\src\zantao_ui_autotest_frame\drivers\chromedriver.exe]
2022-08-06 23:29:42 - browser.py [line:36 - INFO - 浏览器的操作 - 打开浏览器驱动:C:\Users\pelag\PycharmProjects\p17_code\src\zantao_ui_autotest_frame\drivers\chromedriver.exe]
2022-08-06 23:29:42 - selenium_base_case.py [line:13 - INFO - 浏览器的操作 - 测试用例类初始化]
2022-08-06 23:29:42 - base_page.py [line:17 - INFO - 浏览器的操作 - 打开url地址: http://47.107.178.45/zentao/www/index.php?m=user&f=login]
2022-08-06 23:29:42 - base_page.py [line:21 - INFO - 浏览器的操作 - 浏览器最大化]
2022-08-06 23:29:42 - base_page.py [line:65 - INFO - 获取测试数据 - 页面名称: login_page; 页面元素定位方式: id; 页面元素定位取值: account; 元素操作后等待时间: 1.0]
2022-08-06 23:29:42 - base_page.py [line:78 - INFO - 执行元素操作 - 输入文本 - 页面元素定位方式: id; 页面元素定位取值: account; 页面元素输入文本: test]
2022-08-06 23:29:42 - base_page.py [line:30 - INFO - 浏览器的操作 - 固定等待: 1.0秒钟]
2022-08-06 23:29:42 - base_page.py [line:65 - INFO - 获取测试数据 - 页面名称: login_page; 页面元素定位方式: name; 页面元素定位取值: password; 元素操作后等待时间: 1.0]
2022-08-06 23:29:42 - base_page.py [line:78 - INFO - 执行元素操作 - 输入文本 - 页面元素定位方式: name; 页面元素定位取值: password; 页面元素输入文本: newdream123]
2022-08-06 23:29:42 - base_page.py [line:30 - INFO - 浏览器的操作 - 固定等待: 1.0秒钟]
2022-08-06 23:29:42 - base_page.py [line:65 - INFO - 获取测试数据 - 页面名称: login_page; 页面元素定位方式: id; 页面元素定位取值: submit; 元素操作后等待时间: 1.0]
2022-08-06 23:29:42 - base_page.py [line:72 - INFO - 执行元素操作 - 点击元素 - 页面元素定位方式: id; 页面元素定位取值: submit]
2022-08-06 23:29:42 - base_page.py [line:30 - INFO - 浏览器的操作 - 固定等待: 1.0秒钟]
2022-08-06 23:29:42 - base_page.py [line:93 - INFO - 浏览器的操作 - 退出浏览器]
2022-08-06 23:29:42 - selenium_base_case.py [line:25 - INFO - 浏览器的操作 - 测试用例类执行完成]
2022-08-06 23:32:59 - browser.py [line:36 - INFO - 浏览器的操作 - 打开浏览器驱动:C:\Users\pelag\PycharmProjects\p17_code\src\zantao_ui_autotest_frame\drivers\chromedriver.exe]
2022-08-06 23:32:59 - selenium_base_case.py [line:13 - INFO - 浏览器的操作 - 测试用例类初始化]
2022-08-06 23:32:59 - base_page.py [line:17 - INFO - 浏览器的操作 - 打开url地址: http://47.107.178.45/zentao/www/index.php?m=user&f=login]
2022-08-06 23:32:59 - base_page.py [line:21 - INFO - 浏览器的操作 - 浏览器最大化]
2022-08-06 23:32:59 - base_page.py [line:65 - INFO - 获取测试数据 - 页面名称: login_page; 页面元素定位方式: id; 页面元素定位取值: account; 元素操作后等待时间: 1.0]
2022-08-06 23:32:59 - base_page.py [line:78 - INFO - 执行元素操作 - 输入文本 - 页面元素定位方式: id; 页面元素定位取值: account; 页面元素输入文本: test01]
2022-08-06 23:32:59 - base_page.py [line:30 - INFO - 浏览器的操作 - 固定等待: 1.0秒钟]
2022-08-06 23:32:59 - base_page.py [line:65 - INFO - 获取测试数据 - 页面名称: login_page; 页面元素定位方式: name; 页面元素定位取值: password; 元素操作后等待时间: 1.0]
2022-08-06 23:32:59 - base_page.py [line:78 - INFO - 执行元素操作 - 输入文本 - 页面元素定位方式: name; 页面元素定位取值: password; 页面元素输入文本: newdream123]
2022-08-06 23:32:59 - base_page.py [line:30 - INFO - 浏览器的操作 - 固定等待: 1.0秒钟]
2022-08-06 23:32:59 - base_page.py [line:65 - INFO - 获取测试数据 - 页面名称: login_page; 页面元素定位方式: id; 页面元素定位取值: submit; 元素操作后等待时间: 1.0]
2022-08-06 23:32:59 - base_page.py [line:72 - INFO - 执行元素操作 - 点击元素 - 页面元素定位方式: id; 页面元素定位取值: submit]
2022-08-06 23:32:59 - base_page.py [line:30 - INFO - 浏览器的操作 - 固定等待: 1.0秒钟]
2022-08-06 23:32:59 - base_page.py [line:93 - INFO - 浏览器的操作 - 退出浏览器]
2022-08-06 23:32:59 - selenium_base_case.py [line:25 - INFO - 浏览器的操作 - 测试用例类执行完成]
2022-08-06 23:33:18 - browser.py [line:36 - INFO - 浏览器的操作 - 打开浏览器驱动:C:\Users\pelag\PycharmProjects\p17_code\src\zantao_ui_autotest_frame\drivers\chromedriver.exe]
2022-08-06 23:33:18 - selenium_base_case.py [line:13 - INFO - 浏览器的操作 - 测试用例类初始化]
2022-08-06 23:33:18 - base_page.py [line:17 - INFO - 浏览器的操作 - 打开url地址: http://47.107.178.45/zentao/www/index.php?m=user&f=login]
2022-08-06 23:33:18 - base_page.py [line:21 - INFO - 浏览器的操作 - 浏览器最大化]
2022-08-06 23:33:18 - base_page.py [line:65 - INFO - 获取测试数据 - 页面名称: login_page; 页面元素定位方式: id; 页面元素定位取值: account; 元素操作后等待时间: 1.0]
2022-08-06 23:33:18 - base_page.py [line:78 - INFO - 执行元素操作 - 输入文本 - 页面元素定位方式: id; 页面元素定位取值: account; 页面元素输入文本: test]
2022-08-06 23:33:18 - base_page.py [line:30 - INFO - 浏览器的操作 - 固定等待: 1.0秒钟]
2022-08-06 23:33:18 - base_page.py [line:65 - INFO - 获取测试数据 - 页面名称: login_page; 页面元素定位方式: name; 页面元素定位取值: password; 元素操作后等待时间: 1.0]
2022-08-06 23:33:18 - base_page.py [line:78 - INFO - 执行元素操作 - 输入文本 - 页面元素定位方式: name; 页面元素定位取值: password; 页面元素输入文本: newdream123]
2022-08-06 23:33:18 - base_page.py [line:30 - INFO - 浏览器的操作 - 固定等待: 1.0秒钟]
2022-08-06 23:33:18 - base_page.py [line:65 - INFO - 获取测试数据 - 页面名称: login_page; 页面元素定位方式: id; 页面元素定位取值: submit; 元素操作后等待时间: 1.0]
2022-08-06 23:33:18 - base_page.py [line:72 - INFO - 执行元素操作 - 点击元素 - 页面元素定位方式: id; 页面元素定位取值: submit]
2022-08-06 23:33:18 - base_page.py [line:30 - INFO - 浏览器的操作 - 固定等待: 1.0秒钟]
2022-08-06 23:33:18 - base_page.py [line:93 - INFO - 浏览器的操作 - 退出浏览器]
2022-08-06 23:33:18 - selenium_base_case.py [line:25 - INFO - 浏览器的操作 - 测试用例类执行完成]
2022-08-06 23:39:23 - browser.py [line:36 - INFO - 浏览器的操作 - 打开浏览器驱动:C:\Users\pelag\PycharmProjects\p17_code\src\zantao_ui_autotest_frame\drivers\chromedriver.exe]
2022-08-06 23:39:33 - browser.py [line:36 - INFO - 浏览器的操作 - 打开浏览器驱动:C:\Users\pelag\PycharmProjects\p17_code\src\zantao_ui_autotest_frame\drivers\chromedriver.exe]
2022-08-06 23:39:33 - selenium_base_case.py [line:13 - INFO - 浏览器的操作 - 测试用例类初始化]
2022-08-06 23:39:33 - base_page.py [line:17 - INFO - 浏览器的操作 - 打开url地址: http://47.107.178.45/zentao/www/index.php?m=user&f=login]
2022-08-06 23:39:33 - base_page.py [line:21 - INFO - 浏览器的操作 - 浏览器最大化]
2022-08-06 23:39:33 - base_page.py [line:65 - INFO - 获取测试数据 - 页面名称: login_page; 页面元素定位方式: id; 页面元素定位取值: account; 元素操作后等待时间: 1.0]
2022-08-06 23:39:33 - base_page.py [line:78 - INFO - 执行元素操作 - 输入文本 - 页面元素定位方式: id; 页面元素定位取值: account; 页面元素输入文本: test]
2022-08-06 23:39:33 - base_page.py [line:30 - INFO - 浏览器的操作 - 固定等待: 1.0秒钟]
2022-08-06 23:39:33 - base_page.py [line:65 - INFO - 获取测试数据 - 页面名称: login_page; 页面元素定位方式: name; 页面元素定位取值: password; 元素操作后等待时间: 1.0]
2022-08-06 23:39:33 - base_page.py [line:78 - INFO - 执行元素操作 - 输入文本 - 页面元素定位方式: name; 页面元素定位取值: password; 页面元素输入文本: newdream123]
2022-08-06 23:39:33 - base_page.py [line:30 - INFO - 浏览器的操作 - 固定等待: 1.0秒钟]
2022-08-06 23:39:33 - base_page.py [line:65 - INFO - 获取测试数据 - 页面名称: login_page; 页面元素定位方式: id; 页面元素定位取值: submit; 元素操作后等待时间: 1.0]
2022-08-06 23:39:33 - base_page.py [line:72 - INFO - 执行元素操作 - 点击元素 - 页面元素定位方式: id; 页面元素定位取值: submit]
2022-08-06 23:39:33 - base_page.py [line:30 - INFO - 浏览器的操作 - 固定等待: 1.0秒钟]
2022-08-06 23:39:33 - base_page.py [line:65 - INFO - 获取测试数据 - 页面名称: main_page; 页面元素定位方式: xpath; 页面元素定位取值: //a/span[text()=" 我的地盘"]; 元素操作后等待时间: 1.0]
2022-08-06 23:39:33 - base_page.py [line:72 - INFO - 执行元素操作 - 点击元素 - 页面元素定位方式: xpath; 页面元素定位取值: //a/span[text()=" 我的地盘"]]
2022-08-06 23:39:33 - base_page.py [line:30 - INFO - 浏览器的操作 - 固定等待: 1.0秒钟]
2022-08-06 23:39:33 - base_page.py [line:65 - INFO - 获取测试数据 - 页面名称: main_page; 页面元素定位方式: id; 页面元素定位取值: userNav; 元素操作后等待时间: 1.0]
2022-08-06 23:39:33 - base_page.py [line:72 - INFO - 执行元素操作 - 点击元素 - 页面元素定位方式: id; 页面元素定位取值: userNav]
2022-08-06 23:39:33 - base_page.py [line:30 - INFO - 浏览器的操作 - 固定等待: 1.0秒钟]
2022-08-06 23:39:33 - base_page.py [line:65 - INFO - 获取测试数据 - 页面名称: main_page; 页面元素定位方式: xpath; 页面元素定位取值: //a[@href="/zentao/www/index.php?m=user&f=logout"]; 元素操作后等待时间: 1.0]
2022-08-06 23:39:33 - base_page.py [line:72 - INFO - 执行元素操作 - 点击元素 - 页面元素定位方式: xpath; 页面元素定位取值: //a[@href="/zentao/www/index.php?m=user&f=logout"]]
2022-08-06 23:39:33 - base_page.py [line:30 - INFO - 浏览器的操作 - 固定等待: 1.0秒钟]
2022-08-06 23:39:33 - base_page.py [line:93 - INFO - 浏览器的操作 - 退出浏览器]
2022-08-06 23:39:33 - selenium_base_case.py [line:25 - INFO - 浏览器的操作 - 测试用例类执行完成]
2022-08-06 23:41:58 - browser.py [line:36 - INFO - 浏览器的操作 - 打开浏览器驱动:C:\Users\pelag\PycharmProjects\p17_code\src\zantao_ui_autotest_frame\drivers\chromedriver.exe]
2022-08-06 23:41:58 - selenium_base_case.py [line:13 - INFO - 浏览器的操作 - 测试用例类初始化]
2022-08-06 23:41:58 - base_page.py [line:17 - INFO - 浏览器的操作 - 打开url地址: http://47.107.178.45/zentao/www/index.php?m=user&f=login]
2022-08-06 23:41:58 - base_page.py [line:21 - INFO - 浏览器的操作 - 浏览器最大化]
2022-08-06 23:41:58 - base_page.py [line:65 - INFO - 获取测试数据 - 页面名称: login_page; 页面元素定位方式: id; 页面元素定位取值: account; 元素操作后等待时间: 1.0]
2022-08-06 23:41:58 - base_page.py [line:78 - INFO - 执行元素操作 - 输入文本 - 页面元素定位方式: id; 页面元素定位取值: account; 页面元素输入文本: test]
2022-08-06 23:41:58 - base_page.py [line:30 - INFO - 浏览器的操作 - 固定等待: 1.0秒钟]
2022-08-06 23:41:58 - base_page.py [line:65 - INFO - 获取测试数据 - 页面名称: login_page; 页面元素定位方式: name; 页面元素定位取值: password; 元素操作后等待时间: 1.0]
2022-08-06 23:41:58 - base_page.py [line:78 - INFO - 执行元素操作 - 输入文本 - 页面元素定位方式: name; 页面元素定位取值: password; 页面元素输入文本: newdream123]
2022-08-06 23:41:58 - base_page.py [line:30 - INFO - 浏览器的操作 - 固定等待: 1.0秒钟]
2022-08-06 23:41:58 - base_page.py [line:65 - INFO - 获取测试数据 - 页面名称: login_page; 页面元素定位方式: id; 页面元素定位取值: submit; 元素操作后等待时间: 1.0]
2022-08-06 23:41:58 - base_page.py [line:72 - INFO - 执行元素操作 - 点击元素 - 页面元素定位方式: id; 页面元素定位取值: submit]
2022-08-06 23:41:58 - base_page.py [line:30 - INFO - 浏览器的操作 - 固定等待: 1.0秒钟]
2022-08-06 23:41:58 - base_page.py [line:65 - INFO - 获取测试数据 - 页面名称: main_page; 页面元素定位方式: xpath; 页面元素定位取值: //a/span[text()=" 我的地盘"]; 元素操作后等待时间: 1.0]
2022-08-06 23:41:58 - base_page.py [line:72 - INFO - 执行元素操作 - 点击元素 - 页面元素定位方式: xpath; 页面元素定位取值: //a/span[text()=" 我的地盘"]]
2022-08-06 23:41:58 - base_page.py [line:30 - INFO - 浏览器的操作 - 固定等待: 1.0秒钟]
2022-08-06 23:41:58 - base_page.py [line:65 - INFO - 获取测试数据 - 页面名称: main_page; 页面元素定位方式: id; 页面元素定位取值: userNav; 元素操作后等待时间: 1.0]
2022-08-06 23:41:58 - base_page.py [line:72 - INFO - 执行元素操作 - 点击元素 - 页面元素定位方式: id; 页面元素定位取值: userNav]
2022-08-06 23:41:58 - base_page.py [line:30 - INFO - 浏览器的操作 - 固定等待: 1.0秒钟]
2022-08-06 23:41:58 - base_page.py [line:65 - INFO - 获取测试数据 - 页面名称: main_page; 页面元素定位方式: xpath; 页面元素定位取值: //a[@href="/zentao/www/index.php?m=user&f=logout"]; 元素操作后等待时间: 1.0]
2022-08-06 23:41:58 - base_page.py [line:72 - INFO - 执行元素操作 - 点击元素 - 页面元素定位方式: xpath; 页面元素定位取值: //a[@href="/zentao/www/index.php?m=user&f=logout"]]
2022-08-06 23:41:58 - base_page.py [line:30 - INFO - 浏览器的操作 - 固定等待: 1.0秒钟]
2022-08-06 23:41:58 - base_page.py [line:38 - INFO - 获取基本信息 - 浏览器标题: 用户登录 - 禅道]
2022-08-06 23:41:58 - base_page.py [line:93 - INFO - 浏览器的操作 - 退出浏览器]
2022-08-06 23:41:58 - selenium_base_case.py [line:25 - INFO - 浏览器的操作 - 测试用例类执行完成]
2022-08-06 23:43:05 - browser.py [line:36 - INFO - 浏览器的操作 - 打开浏览器驱动:C:\Users\pelag\PycharmProjects\p17_code\src\zantao_ui_autotest_frame\drivers\chromedriver.exe]
2022-08-06 23:43:05 - selenium_base_case.py [line:13 - INFO - 浏览器的操作 - 测试用例类初始化]
2022-08-06 23:43:05 - base_page.py [line:17 - INFO - 浏览器的操作 - 打开url地址: http://47.107.178.45/zentao/www/index.php?m=user&f=login]
2022-08-06 23:43:05 - base_page.py [line:21 - INFO - 浏览器的操作 - 浏览器最大化]
2022-08-06 23:43:05 - base_page.py [line:65 - INFO - 获取测试数据 - 页面名称: login_page; 页面元素定位方式: id; 页面元素定位取值: account; 元素操作后等待时间: 1.0]
2022-08-06 23:43:05 - base_page.py [line:78 - INFO - 执行元素操作 - 输入文本 - 页面元素定位方式: id; 页面元素定位取值: account; 页面元素输入文本: test]
2022-08-06 23:43:05 - base_page.py [line:30 - INFO - 浏览器的操作 - 固定等待: 1.0秒钟]
2022-08-06 23:43:05 - base_page.py [line:65 - INFO - 获取测试数据 - 页面名称: login_page; 页面元素定位方式: name; 页面元素定位取值: password; 元素操作后等待时间: 1.0]
2022-08-06 23:43:05 - base_page.py [line:78 - INFO - 执行元素操作 - 输入文本 - 页面元素定位方式: name; 页面元素定位取值: password; 页面元素输入文本: newdream123]
2022-08-06 23:43:05 - base_page.py [line:30 - INFO - 浏览器的操作 - 固定等待: 1.0秒钟]
2022-08-06 23:43:05 - base_page.py [line:65 - INFO - 获取测试数据 - 页面名称: login_page; 页面元素定位方式: id; 页面元素定位取值: submit; 元素操作后等待时间: 1.0]
2022-08-06 23:43:05 - base_page.py [line:72 - INFO - 执行元素操作 - 点击元素 - 页面元素定位方式: id; 页面元素定位取值: submit]
2022-08-06 23:43:05 - base_page.py [line:30 - INFO - 浏览器的操作 - 固定等待: 1.0秒钟]
2022-08-06 23:43:05 - base_page.py [line:65 - INFO - 获取测试数据 - 页面名称: main_page; 页面元素定位方式: xpath; 页面元素定位取值: //a/span[text()=" 我的地盘"]; 元素操作后等待时间: 1.0]
2022-08-06 23:43:05 - base_page.py [line:72 - INFO - 执行元素操作 - 点击元素 - 页面元素定位方式: xpath; 页面元素定位取值: //a/span[text()=" 我的地盘"]]
2022-08-06 23:43:05 - base_page.py [line:30 - INFO - 浏览器的操作 - 固定等待: 1.0秒钟]
2022-08-06 23:43:05 - base_page.py [line:65 - INFO - 获取测试数据 - 页面名称: main_page; 页面元素定位方式: id; 页面元素定位取值: userNav; 元素操作后等待时间: 1.0]
2022-08-06 23:43:05 - base_page.py [line:72 - INFO - 执行元素操作 - 点击元素 - 页面元素定位方式: id; 页面元素定位取值: userNav]
2022-08-06 23:43:05 - base_page.py [line:30 - INFO - 浏览器的操作 - 固定等待: 1.0秒钟]
2022-08-06 23:43:05 - base_page.py [line:65 - INFO - 获取测试数据 - 页面名称: main_page; 页面元素定位方式: xpath; 页面元素定位取值: //a[@href="/zentao/www/index.php?m=user&f=logout"]; 元素操作后等待时间: 1.0]
2022-08-06 23:43:05 - base_page.py [line:72 - INFO - 执行元素操作 - 点击元素 - 页面元素定位方式: xpath; 页面元素定位取值: //a[@href="/zentao/www/index.php?m=user&f=logout"]]
2022-08-06 23:43:05 - base_page.py [line:30 - INFO - 浏览器的操作 - 固定等待: 1.0秒钟]
2022-08-06 23:43:05 - base_page.py [line:38 - INFO - 获取基本信息 - 浏览器标题: 用户登录 - 禅道]
2022-08-06 23:43:05 - base_page.py [line:93 - INFO - 浏览器的操作 - 退出浏览器]
2022-08-06 23:43:05 - selenium_base_case.py [line:25 - INFO - 浏览器的操作 - 测试用例类执行完成]
2022-08-06 23:45:18 - browser.py [line:36 - INFO - 浏览器的操作 - 打开浏览器驱动:C:\Users\pelag\PycharmProjects\p17_code\src\zantao_ui_autotest_frame\drivers\chromedriver.exe]
2022-08-06 23:45:18 - selenium_base_case.py [line:13 - INFO - 浏览器的操作 - 测试用例类初始化]
2022-08-06 23:45:18 - base_page.py [line:17 - INFO - 浏览器的操作 - 打开url地址: http://47.107.178.45/zentao/www/index.php?m=user&f=login]
2022-08-06 23:45:18 - base_page.py [line:21 - INFO - 浏览器的操作 - 浏览器最大化]
2022-08-06 23:45:18 - test_main_success.py [line:17 - INFO - 获取测试数据 - 期望结果: ]
2022-08-06 23:45:18 - base_page.py [line:65 - INFO - 获取测试数据 - 页面名称: login_page; 页面元素定位方式: id; 页面元素定位取值: account; 元素操作后等待时间: 1.0]
2022-08-06 23:45:18 - base_page.py [line:78 - INFO - 执行元素操作 - 输入文本 - 页面元素定位方式: id; 页面元素定位取值: account; 页面元素输入文本: test]
2022-08-06 23:45:18 - base_page.py [line:30 - INFO - 浏览器的操作 - 固定等待: 1.0秒钟]
2022-08-06 23:45:18 - base_page.py [line:65 - INFO - 获取测试数据 - 页面名称: login_page; 页面元素定位方式: name; 页面元素定位取值: password; 元素操作后等待时间: 1.0]
2022-08-06 23:45:18 - base_page.py [line:78 - INFO - 执行元素操作 - 输入文本 - 页面元素定位方式: name; 页面元素定位取值: password; 页面元素输入文本: newdream123]
2022-08-06 23:45:18 - base_page.py [line:30 - INFO - 浏览器的操作 - 固定等待: 1.0秒钟]
2022-08-06 23:45:18 - base_page.py [line:65 - INFO - 获取测试数据 - 页面名称: login_page; 页面元素定位方式: id; 页面元素定位取值: submit; 元素操作后等待时间: 1.0]
2022-08-06 23:45:18 - base_page.py [line:72 - INFO - 执行元素操作 - 点击元素 - 页面元素定位方式: id; 页面元素定位取值: submit]
2022-08-06 23:45:18 - base_page.py [line:30 - INFO - 浏览器的操作 - 固定等待: 1.0秒钟]
2022-08-06 23:45:18 - base_page.py [line:65 - INFO - 获取测试数据 - 页面名称: main_page; 页面元素定位方式: xpath; 页面元素定位取值: //a/span[text()=" 我的地盘"]; 元素操作后等待时间: 1.0]
2022-08-06 23:45:18 - base_page.py [line:72 - INFO - 执行元素操作 - 点击元素 - 页面元素定位方式: xpath; 页面元素定位取值: //a/span[text()=" 我的地盘"]]
2022-08-06 23:45:18 - base_page.py [line:30 - INFO - 浏览器的操作 - 固定等待: 1.0秒钟]
2022-08-06 23:45:18 - base_page.py [line:65 - INFO - 获取测试数据 - 页面名称: main_page; 页面元素定位方式: id; 页面元素定位取值: userNav; 元素操作后等待时间: 1.0]
2022-08-06 23:45:18 - base_page.py [line:72 - INFO - 执行元素操作 - 点击元素 - 页面元素定位方式: id; 页面元素定位取值: userNav]
2022-08-06 23:45:18 - base_page.py [line:30 - INFO - 浏览器的操作 - 固定等待: 1.0秒钟]
2022-08-06 23:45:18 - base_page.py [line:65 - INFO - 获取测试数据 - 页面名称: main_page; 页面元素定位方式: xpath; 页面元素定位取值: //a[@href="/zentao/www/index.php?m=user&f=logout"]; 元素操作后等待时间: 1.0]
2022-08-06 23:45:18 - base_page.py [line:72 - INFO - 执行元素操作 - 点击元素 - 页面元素定位方式: xpath; 页面元素定位取值: //a[@href="/zentao/www/index.php?m=user&f=logout"]]
2022-08-06 23:45:18 - base_page.py [line:30 - INFO - 浏览器的操作 - 固定等待: 1.0秒钟]
2022-08-06 23:45:18 - base_page.py [line:38 - INFO - 获取基本信息 - 浏览器标题: 用户登录 - 禅道]
2022-08-06 23:45:18 - base_page.py [line:93 - INFO - 浏览器的操作 - 退出浏览器]
2022-08-06 23:45:18 - selenium_base_case.py [line:25 - INFO - 浏览器的操作 - 测试用例类执行完成]
2022-08-06 23:48:38 - browser.py [line:36 - INFO - 浏览器的操作 - 打开浏览器驱动:C:\Users\pelag\PycharmProjects\p17_code\src\zantao_ui_autotest_frame\drivers\chromedriver.exe]
2022-08-06 23:48:38 - selenium_base_case.py [line:13 - INFO - 浏览器的操作 - 测试用例类初始化]
2022-08-06 23:48:38 - base_page.py [line:17 - INFO - 浏览器的操作 - 打开url地址: http://47.107.178.45/zentao/www/index.php?m=user&f=login]
2022-08-06 23:48:38 - base_page.py [line:21 - INFO - 浏览器的操作 - 浏览器最大化]
2022-08-06 23:48:38 - test_main_success.py [line:17 - INFO - 获取测试数据 - 期望结果: ]
2022-08-06 23:48:38 - base_page.py [line:65 - INFO - 获取测试数据 - 页面名称: login_page; 页面元素定位方式: id; 页面元素定位取值: account; 元素操作后等待时间: 1.0]
2022-08-06 23:48:38 - base_page.py [line:78 - INFO - 执行元素操作 - 输入文本 - 页面元素定位方式: id; 页面元素定位取值: account; 页面元素输入文本: test]
2022-08-06 23:48:38 - base_page.py [line:30 - INFO - 浏览器的操作 - 固定等待: 1.0秒钟]
2022-08-06 23:48:38 - base_page.py [line:65 - INFO - 获取测试数据 - 页面名称: login_page; 页面元素定位方式: name; 页面元素定位取值: password; 元素操作后等待时间: 1.0]
2022-08-06 23:48:38 - base_page.py [line:78 - INFO - 执行元素操作 - 输入文本 - 页面元素定位方式: name; 页面元素定位取值: password; 页面元素输入文本: newdream123]
2022-08-06 23:48:38 - base_page.py [line:30 - INFO - 浏览器的操作 - 固定等待: 1.0秒钟]
2022-08-06 23:48:38 - base_page.py [line:65 - INFO - 获取测试数据 - 页面名称: login_page; 页面元素定位方式: id; 页面元素定位取值: submit; 元素操作后等待时间: 1.0]
2022-08-06 23:48:38 - base_page.py [line:72 - INFO - 执行元素操作 - 点击元素 - 页面元素定位方式: id; 页面元素定位取值: submit]
2022-08-06 23:48:38 - base_page.py [line:30 - INFO - 浏览器的操作 - 固定等待: 1.0秒钟]
2022-08-06 23:48:38 - base_page.py [line:65 - INFO - 获取测试数据 - 页面名称: main_page; 页面元素定位方式: xpath; 页面元素定位取值: //a/span[text()=" 我的地盘"]; 元素操作后等待时间: 1.0]
2022-08-06 23:48:38 - base_page.py [line:72 - INFO - 执行元素操作 - 点击元素 - 页面元素定位方式: xpath; 页面元素定位取值: //a/span[text()=" 我的地盘"]]
2022-08-06 23:48:38 - base_page.py [line:30 - INFO - 浏览器的操作 - 固定等待: 1.0秒钟]
2022-08-06 23:48:38 - base_page.py [line:65 - INFO - 获取测试数据 - 页面名称: main_page; 页面元素定位方式: id; 页面元素定位取值: userNav; 元素操作后等待时间: 1.0]
2022-08-06 23:48:38 - base_page.py [line:72 - INFO - 执行元素操作 - 点击元素 - 页面元素定位方式: id; 页面元素定位取值: userNav]
2022-08-06 23:48:38 - base_page.py [line:30 - INFO - 浏览器的操作 - 固定等待: 1.0秒钟]
2022-08-06 23:48:38 - base_page.py [line:65 - INFO - 获取测试数据 - 页面名称: main_page; 页面元素定位方式: xpath; 页面元素定位取值: //a[@href="/zentao/www/index.php?m=user&f=logout"]; 元素操作后等待时间: 1.0]
2022-08-06 23:48:38 - base_page.py [line:72 - INFO - 执行元素操作 - 点击元素 - 页面元素定位方式: xpath; 页面元素定位取值: //a[@href="/zentao/www/index.php?m=user&f=logout"]]
2022-08-06 23:48:38 - base_page.py [line:30 - INFO - 浏览器的操作 - 固定等待: 1.0秒钟]
2022-08-06 23:48:38 - base_page.py [line:38 - INFO - 获取基本信息 - 浏览器标题: 用户登录 - 禅道]
2022-08-06 23:48:38 - base_page.py [line:93 - INFO - 浏览器的操作 - 退出浏览器]
2022-08-06 23:48:38 - selenium_base_case.py [line:25 - INFO - 浏览器的操作 - 测试用例类执行完成]
2022-08-06 23:49:31 - browser.py [line:36 - INFO - 浏览器的操作 - 打开浏览器驱动:C:\Users\pelag\PycharmProjects\p17_code\src\zantao_ui_autotest_frame\drivers\chromedriver.exe]
2022-08-06 23:49:31 - selenium_base_case.py [line:13 - INFO - 浏览器的操作 - 测试用例类初始化]
2022-08-06 23:49:31 - base_page.py [line:17 - INFO - 浏览器的操作 - 打开url地址: http://47.107.178.45/zentao/www/index.php?m=user&f=login]
2022-08-06 23:49:31 - base_page.py [line:21 - INFO - 浏览器的操作 - 浏览器最大化]
2022-08-06 23:49:31 - base_page.py [line:65 - INFO - 获取测试数据 - 页面名称: login_page; 页面元素定位方式: id; 页面元素定位取值: account; 元素操作后等待时间: 1.0]
2022-08-06 23:49:31 - base_page.py [line:78 - INFO - 执行元素操作 - 输入文本 - 页面元素定位方式: id; 页面元素定位取值: account; 页面元素输入文本: test01]
2022-08-06 23:49:31 - base_page.py [line:30 - INFO - 浏览器的操作 - 固定等待: 1.0秒钟]
2022-08-06 23:49:31 - base_page.py [line:65 - INFO - 获取测试数据 - 页面名称: login_page; 页面元素定位方式: name; 页面元素定位取值: password; 元素操作后等待时间: 1.0]
2022-08-06 23:49:31 - base_page.py [line:78 - INFO - 执行元素操作 - 输入文本 - 页面元素定位方式: name; 页面元素定位取值: password; 页面元素输入文本: newdream123]
2022-08-06 23:49:31 - base_page.py [line:30 - INFO - 浏览器的操作 - 固定等待: 1.0秒钟]
2022-08-06 23:49:31 - base_page.py [line:65 - INFO - 获取测试数据 - 页面名称: login_page; 页面元素定位方式: id; 页面元素定位取值: submit; 元素操作后等待时间: 1.0]
2022-08-06 23:49:31 - base_page.py [line:72 - INFO - 执行元素操作 - 点击元素 - 页面元素定位方式: id; 页面元素定位取值: submit]
2022-08-06 23:49:31 - base_page.py [line:30 - INFO - 浏览器的操作 - 固定等待: 1.0秒钟]
2022-08-06 23:49:31 - base_page.py [line:93 - INFO - 浏览器的操作 - 退出浏览器]
2022-08-06 23:49:31 - selenium_base_case.py [line:25 - INFO - 浏览器的操作 - 测试用例类执行完成]
2022-08-06 23:54:24 - browser.py [line:36 - INFO - 浏览器的操作 - 打开浏览器驱动:C:\Users\pelag\PycharmProjects\p17_code\src\zantao_ui_autotest_frame\drivers\chromedriver.exe]
2022-08-06 23:54:24 - selenium_base_case.py [line:13 - INFO - 浏览器的操作 - 测试用例类初始化]
2022-08-06 23:54:24 - base_page.py [line:17 - INFO - 浏览器的操作 - 打开url地址: http://47.107.178.45/zentao/www/index.php?m=user&f=login]
2022-08-06 23:54:24 - base_page.py [line:21 - INFO - 浏览器的操作 - 浏览器最大化]
2022-08-06 23:54:24 - base_page.py [line:65 - INFO - 获取测试数据 - 页面名称: login_page; 页面元素定位方式: id; 页面元素定位取值: account; 元素操作后等待时间: 1.0]
2022-08-06 23:54:24 - base_page.py [line:78 - INFO - 执行元素操作 - 输入文本 - 页面元素定位方式: id; 页面元素定位取值: account; 页面元素输入文本: test01]
2022-08-06 23:54:24 - base_page.py [line:30 - INFO - 浏览器的操作 - 固定等待: 1.0秒钟]
2022-08-06 23:54:24 - base_page.py [line:65 - INFO - 获取测试数据 - 页面名称: login_page; 页面元素定位方式: name; 页面元素定位取值: password; 元素操作后等待时间: 1.0]
2022-08-06 23:54:24 - base_page.py [line:78 - INFO - 执行元素操作 - 输入文本 - 页面元素定位方式: name; 页面元素定位取值: password; 页面元素输入文本: newdream123]
2022-08-06 23:54:24 - base_page.py [line:30 - INFO - 浏览器的操作 - 固定等待: 1.0秒钟]
2022-08-06 23:54:24 - base_page.py [line:65 - INFO - 获取测试数据 - 页面名称: login_page; 页面元素定位方式: id; 页面元素定位取值: submit; 元素操作后等待时间: 1.0]
2022-08-06 23:54:24 - base_page.py [line:72 - INFO - 执行元素操作 - 点击元素 - 页面元素定位方式: id; 页面元素定位取值: submit]
2022-08-06 23:54:24 - base_page.py [line:30 - INFO - 浏览器的操作 - 固定等待: 1.0秒钟]
2022-08-06 23:54:24 - base_page.py [line:93 - INFO - 浏览器的操作 - 退出浏览器]
2022-08-06 23:54:24 - selenium_base_case.py [line:25 - INFO - 浏览器的操作 - 测试用例类执行完成]
2022-08-06 23:55:01 - browser.py [line:36 - INFO - 浏览器的操作 - 打开浏览器驱动:C:\Users\pelag\PycharmProjects\p17_code\src\zantao_ui_autotest_frame\drivers\chromedriver.exe]
2022-08-06 23:55:01 - selenium_base_case.py [line:13 - INFO - 浏览器的操作 - 测试用例类初始化]
2022-08-06 23:55:01 - base_page.py [line:17 - INFO - 浏览器的操作 - 打开url地址: http://47.107.178.45/zentao/www/index.php?m=user&f=login]
2022-08-06 23:55:01 - base_page.py [line:21 - INFO - 浏览器的操作 - 浏览器最大化]
2022-08-06 23:55:01 - base_page.py [line:65 - INFO - 获取测试数据 - 页面名称: login_page; 页面元素定位方式: id; 页面元素定位取值: account; 元素操作后等待时间: 1.0]
2022-08-06 23:55:01 - base_page.py [line:78 - INFO - 执行元素操作 - 输入文本 - 页面元素定位方式: id; 页面元素定位取值: account; 页面元素输入文本: test01]
2022-08-06 23:55:01 - base_page.py [line:30 - INFO - 浏览器的操作 - 固定等待: 1.0秒钟]
2022-08-06 23:55:01 - base_page.py [line:65 - INFO - 获取测试数据 - 页面名称: login_page; 页面元素定位方式: name; 页面元素定位取值: password; 元素操作后等待时间: 1.0]
2022-08-06 23:55:01 - base_page.py [line:78 - INFO - 执行元素操作 - 输入文本 - 页面元素定位方式: name; 页面元素定位取值: password; 页面元素输入文本: newdream123]
2022-08-06 23:55:01 - base_page.py [line:30 - INFO - 浏览器的操作 - 固定等待: 1.0秒钟]
2022-08-06 23:55:01 - base_page.py [line:65 - INFO - 获取测试数据 - 页面名称: login_page; 页面元素定位方式: id; 页面元素定位取值: submit; 元素操作后等待时间: 1.0]
2022-08-06 23:55:01 - base_page.py [line:72 - INFO - 执行元素操作 - 点击元素 - 页面元素定位方式: id; 页面元素定位取值: submit]
2022-08-06 23:55:01 - base_page.py [line:30 - INFO - 浏览器的操作 - 固定等待: 1.0秒钟]
2022-08-06 23:55:01 - base_page.py [line:93 - INFO - 浏览器的操作 - 退出浏览器]
2022-08-06 23:55:01 - selenium_base_case.py [line:25 - INFO - 浏览器的操作 - 测试用例类执行完成]
2022-08-06 23:56:29 - browser.py [line:36 - INFO - 浏览器的操作 - 打开浏览器驱动:C:\Users\pelag\PycharmProjects\p17_code\src\zantao_ui_autotest_frame\drivers\chromedriver.exe]
2022-08-06 23:56:29 - selenium_base_case.py [line:13 - INFO - 浏览器的操作 - 测试用例类初始化]
2022-08-06 23:56:29 - base_page.py [line:17 - INFO - 浏览器的操作 - 打开url地址: http://47.107.178.45/zentao/www/index.php?m=user&f=login]
2022-08-06 23:56:29 - base_page.py [line:21 - INFO - 浏览器的操作 - 浏览器最大化]
2022-08-06 23:56:29 - base_page.py [line:65 - INFO - 获取测试数据 - 页面名称: login_page; 页面元素定位方式: id; 页面元素定位取值: account; 元素操作后等待时间: 1.0]
2022-08-06 23:56:29 - base_page.py [line:78 - INFO - 执行元素操作 - 输入文本 - 页面元素定位方式: id; 页面元素定位取值: account; 页面元素输入文本: test01]
2022-08-06 23:56:29 - base_page.py [line:30 - INFO - 浏览器的操作 - 固定等待: 1.0秒钟]
2022-08-06 23:56:29 - base_page.py [line:65 - INFO - 获取测试数据 - 页面名称: login_page; 页面元素定位方式: name; 页面元素定位取值: password; 元素操作后等待时间: 1.0]
2022-08-06 23:56:29 - base_page.py [line:78 - INFO - 执行元素操作 - 输入文本 - 页面元素定位方式: name; 页面元素定位取值: password; 页面元素输入文本: newdream123]
2022-08-06 23:56:29 - base_page.py [line:30 - INFO - 浏览器的操作 - 固定等待: 1.0秒钟]
2022-08-06 23:56:29 - base_page.py [line:65 - INFO - 获取测试数据 - 页面名称: login_page; 页面元素定位方式: id; 页面元素定位取值: submit; 元素操作后等待时间: 1.0]
2022-08-06 23:56:29 - base_page.py [line:72 - INFO - 执行元素操作 - 点击元素 - 页面元素定位方式: id; 页面元素定位取值: submit]
2022-08-06 23:56:29 - base_page.py [line:30 - INFO - 浏览器的操作 - 固定等待: 1.0秒钟]
2022-08-06 23:56:29 - base_page.py [line:93 - INFO - 浏览器的操作 - 退出浏览器]
2022-08-06 23:56:29 - selenium_base_case.py [line:25 - INFO - 浏览器的操作 - 测试用例类执行完成]
2022-08-06 23:56:29 - selenium_base_case.py [line:13 - INFO - 浏览器的操作 - 测试用例类初始化]
2022-08-06 23:56:29 - connectionpool.py [line:810 - WARNING - Retrying (Retry(total=2, connect=None, read=None, redirect=None, status=None)) after connection broken by 'NewConnectionError('<urllib3.connection.HTTPConnection object at 0x000001AEB284DA30>: Failed to establish a new connection: [WinError 10061] 由于目标计算机积极拒绝，无法连接。')': /session/891e7e2880c22a9cbe3e136594432942/url]
2022-08-06 23:56:29 - connectionpool.py [line:810 - WARNING - Retrying (Retry(total=1, connect=None, read=None, redirect=None, status=None)) after connection broken by 'NewConnectionError('<urllib3.connection.HTTPConnection object at 0x000001AEB2857580>: Failed to establish a new connection: [WinError 10061] 由于目标计算机积极拒绝，无法连接。')': /session/891e7e2880c22a9cbe3e136594432942/url]
2022-08-06 23:56:29 - connectionpool.py [line:810 - WARNING - Retrying (Retry(total=0, connect=None, read=None, redirect=None, status=None)) after connection broken by 'NewConnectionError('<urllib3.connection.HTTPConnection object at 0x000001AEB28621F0>: Failed to establish a new connection: [WinError 10061] 由于目标计算机积极拒绝，无法连接。')': /session/891e7e2880c22a9cbe3e136594432942/url]
2022-08-06 23:56:29 - selenium_base_case.py [line:25 - INFO - 浏览器的操作 - 测试用例类执行完成]
2022-08-06 23:59:01 - browser.py [line:36 - INFO - 浏览器的操作 - 打开浏览器驱动:C:\Users\pelag\PycharmProjects\p17_code\src\zantao_ui_autotest_frame\drivers\chromedriver.exe]
2022-08-06 23:59:01 - selenium_base_case.py [line:13 - INFO - 浏览器的操作 - 测试用例类初始化]
2022-08-06 23:59:01 - base_page.py [line:17 - INFO - 浏览器的操作 - 打开url地址: http://47.107.178.45/zentao/www/index.php?m=user&f=login]
2022-08-06 23:59:01 - base_page.py [line:21 - INFO - 浏览器的操作 - 浏览器最大化]
2022-08-06 23:59:01 - base_page.py [line:65 - INFO - 获取测试数据 - 页面名称: login_page; 页面元素定位方式: id; 页面元素定位取值: account; 元素操作后等待时间: 1.0]
2022-08-06 23:59:01 - base_page.py [line:78 - INFO - 执行元素操作 - 输入文本 - 页面元素定位方式: id; 页面元素定位取值: account; 页面元素输入文本: test01]
2022-08-06 23:59:01 - base_page.py [line:30 - INFO - 浏览器的操作 - 固定等待: 1.0秒钟]
2022-08-06 23:59:01 - base_page.py [line:65 - INFO - 获取测试数据 - 页面名称: login_page; 页面元素定位方式: name; 页面元素定位取值: password; 元素操作后等待时间: 1.0]
2022-08-06 23:59:01 - base_page.py [line:78 - INFO - 执行元素操作 - 输入文本 - 页面元素定位方式: name; 页面元素定位取值: password; 页面元素输入文本: newdream123]
2022-08-06 23:59:01 - base_page.py [line:30 - INFO - 浏览器的操作 - 固定等待: 1.0秒钟]
2022-08-06 23:59:01 - base_page.py [line:65 - INFO - 获取测试数据 - 页面名称: login_page; 页面元素定位方式: id; 页面元素定位取值: submit; 元素操作后等待时间: 1.0]
2022-08-06 23:59:01 - base_page.py [line:72 - INFO - 执行元素操作 - 点击元素 - 页面元素定位方式: id; 页面元素定位取值: submit]
2022-08-06 23:59:01 - base_page.py [line:30 - INFO - 浏览器的操作 - 固定等待: 1.0秒钟]
2022-08-06 23:59:01 - base_page.py [line:93 - INFO - 浏览器的操作 - 退出浏览器]
2022-08-06 23:59:01 - selenium_base_case.py [line:25 - INFO - 浏览器的操作 - 测试用例类执行完成]
2022-08-06 23:59:01 - selenium_base_case.py [line:13 - INFO - 浏览器的操作 - 测试用例类初始化]
2022-08-06 23:59:01 - connectionpool.py [line:810 - WARNING - Retrying (Retry(total=2, connect=None, read=None, redirect=None, status=None)) after connection broken by 'NewConnectionError('<urllib3.connection.HTTPConnection object at 0x00000174A694DA60>: Failed to establish a new connection: [WinError 10061] 由于目标计算机积极拒绝，无法连接。')': /session/efad95e058eae670bf5560b18928861c/url]
2022-08-06 23:59:01 - connectionpool.py [line:810 - WARNING - Retrying (Retry(total=1, connect=None, read=None, redirect=None, status=None)) after connection broken by 'NewConnectionError('<urllib3.connection.HTTPConnection object at 0x00000174A69575B0>: Failed to establish a new connection: [WinError 10061] 由于目标计算机积极拒绝，无法连接。')': /session/efad95e058eae670bf5560b18928861c/url]
2022-08-06 23:59:01 - connectionpool.py [line:810 - WARNING - Retrying (Retry(total=0, connect=None, read=None, redirect=None, status=None)) after connection broken by 'NewConnectionError('<urllib3.connection.HTTPConnection object at 0x00000174A6963220>: Failed to establish a new connection: [WinError 10061] 由于目标计算机积极拒绝，无法连接。')': /session/efad95e058eae670bf5560b18928861c/url]
2022-08-06 23:59:01 - selenium_base_case.py [line:25 - INFO - 浏览器的操作 - 测试用例类执行完成]
