2022-07-31 22:25:21 - browser.py [line:36 - INFO - 浏览器的操作 - 打开浏览器驱动:C:\Users\pelag\PycharmProjects\p17_code\src\zantao_ui_autotest_frame\drivers\chromedriver.exe]
2022-07-31 22:25:21 - base_page.py [line:17 - INFO - 浏览器的操作 - 打开url地址: http://47.107.178.45/zentao/www/index.php?m=user&f=login]
2022-07-31 22:25:21 - base_page.py [line:21 - INFO - 浏览器的操作 - 浏览器最大化]
2022-07-31 22:25:21 - base_page.py [line:30 - INFO - 浏览器的操作 - 固定等待: 5.0秒钟]
2022-07-31 22:25:21 - base_page.py [line:93 - INFO - 浏览器的操作 - 退出浏览器]
2022-07-31 22:29:46 - browser.py [line:36 - INFO - 浏览器的操作 - 打开浏览器驱动:C:\Users\pelag\PycharmProjects\p17_code\src\zantao_ui_autotest_frame\drivers\chromedriver.exe]
2022-07-31 22:29:46 - base_page.py [line:17 - INFO - 浏览器的操作 - 打开url地址: http://47.107.178.45/zentao/www/index.php?m=user&f=login]
2022-07-31 22:29:46 - base_page.py [line:21 - INFO - 浏览器的操作 - 浏览器最大化]
2022-07-31 22:29:46 - base_page.py [line:30 - INFO - 浏览器的操作 - 固定等待: 5.0秒钟]
2022-07-31 22:29:46 - base_page.py [line:65 - INFO - 获取测试数据 - 页面名称: login_page; 页面元素定位方式: id; 页面元素定位取值: account; 元素操作后等待时间: 1.0]
2022-07-31 22:29:46 - base_page.py [line:93 - INFO - 浏览器的操作 - 退出浏览器]
2022-07-31 22:32:06 - browser.py [line:36 - INFO - 浏览器的操作 - 打开浏览器驱动:C:\Users\pelag\PycharmProjects\p17_code\src\zantao_ui_autotest_frame\drivers\chromedriver.exe]
2022-07-31 22:32:06 - base_page.py [line:17 - INFO - 浏览器的操作 - 打开url地址: http://47.107.178.45/zentao/www/index.php?m=user&f=login]
2022-07-31 22:32:06 - base_page.py [line:21 - INFO - 浏览器的操作 - 浏览器最大化]
2022-07-31 22:32:06 - base_page.py [line:30 - INFO - 浏览器的操作 - 固定等待: 5.0秒钟]
2022-07-31 22:32:06 - base_page.py [line:65 - INFO - 获取测试数据 - 页面名称: login_page; 页面元素定位方式: id; 页面元素定位取值: account; 元素操作后等待时间: 1.0]
2022-07-31 22:32:06 - base_page.py [line:93 - INFO - 浏览器的操作 - 退出浏览器]
2022-07-31 22:33:49 - browser.py [line:36 - INFO - 浏览器的操作 - 打开浏览器驱动:C:\Users\pelag\PycharmProjects\p17_code\src\zantao_ui_autotest_frame\drivers\chromedriver.exe]
2022-07-31 22:33:49 - base_page.py [line:17 - INFO - 浏览器的操作 - 打开url地址: http://47.107.178.45/zentao/www/index.php?m=user&f=login]
2022-07-31 22:33:49 - base_page.py [line:21 - INFO - 浏览器的操作 - 浏览器最大化]
2022-07-31 22:33:49 - base_page.py [line:30 - INFO - 浏览器的操作 - 固定等待: 5.0秒钟]
2022-07-31 22:33:49 - base_page.py [line:65 - INFO - 获取测试数据 - 页面名称: login_page; 页面元素定位方式: id; 页面元素定位取值: account; 元素操作后等待时间: 1.0]
2022-07-31 22:33:49 - base_page.py [line:93 - INFO - 浏览器的操作 - 退出浏览器]
2022-07-31 22:40:40 - browser.py [line:36 - INFO - 浏览器的操作 - 打开浏览器驱动:C:\Users\pelag\PycharmProjects\p17_code\src\zantao_ui_autotest_frame\drivers\chromedriver.exe]
2022-07-31 22:40:40 - base_page.py [line:17 - INFO - 浏览器的操作 - 打开url地址: http://47.107.178.45/zentao/www/index.php?m=user&f=login]
2022-07-31 22:40:40 - base_page.py [line:21 - INFO - 浏览器的操作 - 浏览器最大化]
2022-07-31 22:40:40 - base_page.py [line:30 - INFO - 浏览器的操作 - 固定等待: 5.0秒钟]
2022-07-31 22:40:40 - base_page.py [line:65 - INFO - 获取测试数据 - 页面名称: login_page; 页面元素定位方式: id; 页面元素定位取值: account; 元素操作后等待时间: 1.0]
2022-07-31 22:40:40 - base_page.py [line:78 - INFO - 执行元素操作 - 输入文本 - 页面元素定位方式: id; 页面元素定位取值: account; 页面元素输入文本: test01]
2022-07-31 22:40:40 - base_page.py [line:30 - INFO - 浏览器的操作 - 固定等待: 1.0秒钟]
2022-07-31 22:40:40 - base_page.py [line:65 - INFO - 获取测试数据 - 页面名称: login_page; 页面元素定位方式: name; 页面元素定位取值: password; 元素操作后等待时间: 1.0]
2022-07-31 22:40:40 - base_page.py [line:78 - INFO - 执行元素操作 - 输入文本 - 页面元素定位方式: name; 页面元素定位取值: password; 页面元素输入文本: newdream123]
2022-07-31 22:40:40 - base_page.py [line:30 - INFO - 浏览器的操作 - 固定等待: 1.0秒钟]
2022-07-31 22:40:40 - base_page.py [line:65 - INFO - 获取测试数据 - 页面名称: login_page; 页面元素定位方式: id; 页面元素定位取值: submit; 元素操作后等待时间: 1.0]
2022-07-31 22:40:40 - base_page.py [line:72 - INFO - 执行元素操作 - 点击元素 - 页面元素定位方式: id; 页面元素定位取值: submit]
2022-07-31 22:40:40 - base_page.py [line:30 - INFO - 浏览器的操作 - 固定等待: 1.0秒钟]
2022-07-31 22:40:40 - base_page.py [line:93 - INFO - 浏览器的操作 - 退出浏览器]
